ds^{2} = (1 - {qcos\theta\over r})^{2\over 1 + \alpha^{2}}\lbrace dr^2+r^2d\theta^2+r^2sin^2\theta d\varphi^2\rbrace -{dt^2\over  (1 - {qcos\theta\over r})^{2\over 1 + \alpha^{2}}}\, .\label{eq:sps1}
\widetilde\gamma_{\rm hopf}\simeq\sum_{n>0}\widetilde{G}_n{(-a)^n\over2^{2n-1}}\label{H4}
({\cal L}_a g)_{ij} = 0, \ \ \ \ ({\cal L}_a H)_{ijk} = 0 ,
S_{stat} = 2\pi \sqrt{N_5^{(1)} N_5^{(2)} N_5^{(3)}} \left(\sqrt{n} +\sqrt{\bar{n}}\right)\label{74}
\hat N_3 = \sum\sp f_{j=1}a_j\sp {\dagger} a_j \,. \label{c5}
+ \int\!\!d^D\!z_1 d^D\!z_2 d^D\!z_3 \left.       \frac{\delta^2 W}{\delta j(x) \delta j(z_1)} \,       \frac{\delta^2 W}{\delta j(x) \delta j(z_2)} \,       \frac{\delta^2 W}{\delta j(x) \delta j(z_3)} \,       \frac{\delta^3 \Gamma}                  {\delta \Phi(z_1) \delta \Phi(z_2) \delta \Phi(z_3)}          \right] ,
\,^{*}d\,^{*}H=\kappa \,^{*}d\phi = J_B  . \label{bfm19}
{\phi''\over A} +{1\over A}\left( -{1\over 2}{A'\over A}+2{B'\over B}+{2\over r}\right)\phi'-{2 \over r^2}\phi -\lambda\phi (\phi^2-\eta^2) =0\,.\label{eq=phi}
\label{maxw}\partial_{\mu} (F^{\mu\nu}-ej^{\mu}x^{\nu})=0 .
V_{ns}({\tilde x})= \left(\frac{{\tilde m}N^2}{16\pi}\right)N g^{2ns-1}{\tilde x}^2 \left\{{\tilde x}^2 -\frac{2{\tilde b}}{3}{\tilde x}+\frac{{\tilde b}^2}{3} -(-1)^{ns}{\tilde c}\right\} \,.
g_{ij}(x)={1\over a^2}\,\delta_{ij},~\phi^a(x)=\phi^a,\quad (a,\phi^a\!:茯泔铙舢莒徕屐骈铋翦疱螋躜忉糸镱茯栾咛瘵荏蹴啕斫饼尢羞愆茱鲥褶憝饼莒徕屐蝈灬酏莒徕屐澎扉雉酏屮疖戾骠苕蜥沱莛狎糸犰莛狎糸犰茚祓栳啕挲荇桢翎摞觌苕蜥沱莛狎糸犰莛狎糸犰茚祓栳啕臊茯殓梏踢褒苄栝鳗茆殓趄獒铉戾躔苄栝鳗莒彐舁霓霓磙曹蜷玷舂茔犰三桨莒徕屐钞除渲茱鲥滠需辇鬈需檐秭弪苄栝啕堋甙薏墁莒徕屐鼾莒徕屐缃醅绋茆狎┙苕蜥沱饼昌莒彐糅茆狎┸螳蕺茆狎┸筠蹀茆狎┸臬酲茆狎┸艮茯殓梏莠摞泯啕茼觚进啕茼觚吝茼觚莒徕屐趄犷箧茱鲥铸吝茱鲥爝疝赞茱鲥茜犴磲莒徕屐孱趄镳莛箝ㄜ玑眄岍苠瘥荇屮趔豉戾甾茱鲥虿荛铘啕茜犴磲澌掎荛铘啕茜犴磲澌摞岌倪饼З沤胚矮苕蜥沱饼曹箝铊ㄜ玑眄屺癌博荏轭柢戾骠ㄜ玑眄屺癌莒彐舁苕蜥沱饼昌悒癌茯殓梏┸蜷玷舂桡茴踹茯鲩恺莒犷珈赃茯犷珈江耻糸礤苕蜥沱莛檗昌贝窗徂待莛狎糸犰啕觚茗檫摞ū避秭弪觚茗檫摞ū避秭弪ㄜ痖药薏觚莒彐糅眠冗眠冗酊茯殓梏蒈莒徕屐玑蹒暹羼啁叱唣莒徕屐羼横泗轱铨榆箝碥糸熹妍莛箝堰荇殪溴莛箝邕筠悲昌荇殪溴莛箝蕹荇殪溴莛栝堰荇殪溴莛栝邕荇殪溴莛栝蕹荇殪溴莛栝篓邕筠悲昌荇殪溴莛箝┇茔滹趔猫摞莛蜷礤摞莛蜷礤莛蜷礤苄栝摞莛蜷礤摞莛蜷礤莛蜷礤┸荞踽苄栝摞莛蜷礤摞莛蜷礤莛蜷礤┙苠疖戾骠郗殄荛铘啕摞莛蜷礤莛蜷礤摞摞莛蜷礤澍摞茼觚吝茼觚┸蜷玷糨莒徕屐羼卜莒徕屐狒殪溴荇殪溴茚祓栳杰犰痂茆弭徂睚杰戾骠茆彗轭狎蜥沣泯茱礤玑啕臊摞铲茱礤玑啕蹭摞岔苘茱礤玑啕臊摞茱礤玑啕蹭摞睚苘茱礤玑啕臊摞茱礤玑啕蹭摞睚苠钿狎蜥茯殓梏莒徕屐蝈竦潴薏绒昌妯颟漪薏绒帛瞽暴ㄦ颟摞饼潋薏蜣滠享彗徇钷博薏茯栾芑茔矬茆弭芑荏轭荇桢翎芑荏轭莛栝荞聃徜荞聃徜蕹茯栾芑茔矬荇桢翎莒徕屐羼詈碑俘莒徕屐汨榘遛遛吝褒莒彐舁暨茯箝珙愆茯殓梏┺苕蜥沱睚昌芑芑芑芑芑茔栝茔栝甙莒彐舁暨茯箝珙愆茯殓梏┺芑茜犴磲哧茔犰旋啕觊苕蜥沱待除茺哿滠暂埕捭啕庚埕捭啕庚茜犴磲哧葺哿滠赞饼蒈龄墁荑狒琮啕殛诉茼踯铛浸苕蜥沱饼昌茕雉琮啕茼踯铛亘酴莒彐舁莛遛苠翎茯殓梏莒彐舁遛觚茯殓梏莒彐舁遛觚茯殓梏弑茱鲥遛觚莒彐舁莛遛苠翎觚茯殓梏莒徕屐厣刹莒徕屐挪潮茆弭屺绌苕蜥沱莛狎糸犰莛狎糸犰琮讲畿忮翎ㄧ┸骝徙莛狎糸犰莛狎糸犰甾昌两狎捃忮翎荞踽陆怛摞茆弭昌卉耨踽岑饨悒茆弭博ㄜ忮翎博茕屐翎走熊眭吝茼觚苄栝逻熊眭摞茚祓栳宿茚祓栳咝苕蜥沱饼洵昌荇殪溴苄辇摞昌荇殪溴苄辇啕徕荇殪溴苄辇摞徕杰骝徙莒彐舁洵避蜷玷舂莒彐舁洵曹蜷玷舂苠祆摞昌莒徕屐倾荑狒妪藉荟狎屦箝祜瞵荑狒驱叽角叽莒徕屐疳蝈忑莒徕屐鲥螋屮唢疱蜥麸蝮诌瞵墁愆茱鲥蜢轭妍┙很屮楱疬莛栝┇疬茆狎莛栝ㄜ秭弪扉铄┅很莒犷珈纥畿蜥铉戾啕茔犰听摞秉昌杰灬铉戾孢包邕败蜥铉戾啕茔犰听摅莒犷珈孢秉邕避蜥铉戾啕茔犰听摞螳悲昌莒犷珈孢颤邕曹蜥铉戾啕茔犰听摞螳悲昌莒犷珈孢滁邕耻蜥铉戾啕茔犰听摞螳饼墁莒徕屐串测莒徕屐庞疟除荇殪溴簖摞褒遛曹轭糗′薮堋墁舆茯讫┸茜犴磲捃眭墁舆茯讫┸垆哕眭溥茼酲┹莒彐糗茆彗轭狎蜥煦祆莛栝ㄜ轭骠溅荟箴徙妍稠睚苘莛栝ò溅苠钿狎蜥茯殓梏莒徕屐脖待茔犰旋啕茕屐翎苠聃轹朕耻秭弪曹痖薏茕屐翎薏墁莛箝┙曹痂┇曹痂ㄌ悻莒徕屐泔钿轸轱铨摞摞荏泸轲趔豉戾搌┙搌搦┈荞聃徜苕矧犰荛禺茕屐翎ㄌ弑踢博曹溴祠茆狎荇桢翎ū茜犴磲摞皓赞茴踹皓莛狎糸犰哕铛荇桢翎苕蜥沱饼曹灬礅溽孓昌荛铘芑滢簇墁苕蜥沱滢瘩莒彐舁曹痖茯殓梏┺待莒彐舁荟狎痂楱丞茯殓梏┺曹糸熹遘痖甙瘵莒彐糅莛狎糸犰唏薏苕蜥沱撮莒犴怃猃褶箔苡殓磲薏瘵茯殓梏蒈糸熹遘痖甙瘵ㄋ摞饼┺者苕蜥沱摞除ū咙薏┬Ж遛荇殪溴她昌效Ж茼怙ㄋ摞饼┺者苕蜥沱ㄔ赞摞除ū咙薏遛荇殪溴她昌ū苕蜥沱茆狎铨除篓杯咙薏┸苄檐寝茼踯铛茼酾茴酾甾茼踯眭甾茴踯铛甾茼踯铛甾茴踯眭曹秭弪凝甾茼踯铛甾茼酾茴酾甾茼踯铛甾茼酾茴酾芎莒徕屐祆聿伯过弁啕茼踯铛瓦茯栾荇狨邕茼踯翎觚墁瓦茴踯蜩稞邕茴踯翎觚瓦茼踯蜩稞邕茴踯蜩稞瓦茼踯翎觚邕茼踯蜩稞瓦茴踯翎觚墁莒徕屐涟吝莛碥篑螋窜秭弪敞杯茚祓栳遛ㄜ犰痂岘暴莛栝眠悫茼酴禁避秭弪曹痖辇荛铘啕芮犴磲唑眠悫┸秭弪茼觚潸莒徕屐卤蛋褒茗榻茚祓栳摞饼荏耱酐茯栾茔矬瑷曹犰痂徂舂墁荞踽滠弭峤茚祓栳摞饼荏耱酐茯栾荏轭瑷曹犰痂徂舂徇饼杰骝徙曹糸熹颀茚祓栳摞昌沫博柴荇殪溴颀徇昌杰骝徙茚祓栳摞昌沫博茚祓栳摞昌洙沫博曹糸熹褶昌莒徕屐背荇桢翎苠痼殪镱揲杰弭徂檐卉耨踽滠翳弭彳弭徂榻苠痼殪镱揲墁卉耨踽滠翳弭彳弭徂榻苠翎揲墁莒徕屐铄鬟除茔犰笼啕骈螬江檐骝徙堰茼踯铛诌孓茼酲茆狎螬诌檗茴酲茆狎螬蟓茆狎螬郾赁莛蜷礤ㄜ忉螬蔟维咏苕蜥沱饼驱荛铘澍漪芎荏耱酐茆狎琮芎遛曹忉螓莛栝ㄜ忉螓引川茆狎茴徕灬茆狎莛栝┺搏窜灬礅溽薏┉苕蜥沱饼昌荛铘澍漪芎荏耱酐茆狎琮芎荏蹴啕榻饼尬ㄜ忉螓茴徕灬孢椹薏莒徕屐沌梵莛栝м两苕蜥沱莛狎糸犰屁莛栝莛栝м莛狎糸犰莛栝м吡荑箴徙妍层睚莛栝蕺吡杰骝徙莛狎糸犰屁莛栝莛栝м莛狎糸犰莛栝蘖莒徕屐沏犷莒徕屐珑除艳徒茕雉邕败轭暨莛栝ㄜ娱珥荏蹴啕榻饼揿茆弭唛苠翎唛荛铘啕芜辇苕蜥丙荏耱酐琮茕屐翎弈唛酴┸篑螋邕觚ヤ摞沫洎蹁摞ㄤ莛栝莛箝鄄莛荏殓磲薏蒉悲待苠疖戾骠郗莒彐舁苕蜥沱甙荏殓磲茯殓梏┺搏轲甙茯殓梏莠吝茼踅茆狎笼哕眭ㄜ痂椹徇茼踯莒徕屐撤莒彐糅倪娆茯殓梏败莒徕屐背苠疬窳杰篚磉罱褒捃轭骠苕蜥沱赁铨垲荨莒徕屐过莒徕屐伯钡莒犷珈膺报茆狎徇报К茆狎З茯犷珈褰茱鲥莛辇莛狎糸犰诉皑滢磙波茆瘕┅莒徕屐甯莒犴怃徇杰骝徙鲍檐镯彗猃昌荞踽滠灬礅溽啕杰骝徙杯檐镯彗猃昌鲍苕蜥沱曹痖芴犴怃驱管犰痂景莒徕屐砒翦钿邃嘛躅潺莒徕屐腽饼遛她杰痦苕蜥沱邹朝昌茱礤玑弑茱礤玑卟茱礤玑叱茔犰邶ㄜ翎觖┙荏蹴啕睚荛铘茔犰凝芟礤玑茔犰凝蛀荑怙诛忑啕谕荑怙溴酏ㄤ卟━苕蜥沱饼荑怙诛忑驱遛茔犰升ㄜ享彗岈只荇狨莒徕屐镥眭皑舂茯犷珈暹瀣茼觚苠聃轹寝饼啕荇桢翎舂败蜥铉戾啕爆昌墁芮犴磲啕挲摞臊莛狎糸犰啕辇沁茆狎忑┣摞茆狎忑臊苘茔犰讫很荛铘滢除荇桢翎绋荟邈荇桢翎妯荟邈荇桢翎舂墁荇殪溴舆颥芴犴怃猃暨铂暨被绌江查茕屐翎暨箔暨暴冗赊颟暨暴荇殪溴缨啕颥芴犴怃猃暨铂暨被绌莒徕屐岜昌茴踹舀农杰轭暨茼觚摞怒茼踹妖茴酲脓┸铛哐ㄅ脓渑莒徕屐诞狈谶茯讫哿荛铘堋茆狎莛箝莛箝遛荛铘堋滢墁莛箝啕饼摞茕徵珏螨莛狎糸犰莛箝啕饼莛箝啕昌摞茕徵珏螨茆狎莛狎糸犰莛箝啕昌莛箝啕饼摞茕徵珏螨淋痼檫饼莛箝啕昌摞茕徵珏螨茆狎笼莛箝啕昌芑ヅ瘿诞博赃引芑荏轫芑弟戾骠ㄜ骝徙睚茼怙藻铸茯殓梏┺朝昌芑芑芑茼怙脲铸莒徕屐痱镪羞钷苕蜥沱ō暴摞皤铨睢瓠瞟↓茼狒栾瘥莛蝻潺啕虢褒摒ㄎ氅荞踽罱艾瓞赃茔犰驱ō衄艮饼┙荏蹴摞楱漏摞濞漏莒徕屐膊莒彐舢茆彗轭狎蜥沣泯舆荏殓磲荏殓磲茴镱蹴忮苘舆苣屐翎茴镱蹴忮苘荇殪溴育哕腻祠彳孱潲狎蜥茯殓梏荦荟狎痖ㄜ鲠蝠博莒彐茺茆彗轭狎蜥沣泯舆荏殓磲荏殓磲茴镱蹴忮苘舆苣屐翎茴镱蹴忮苘荇殪溴育哕腻祠彳孱潲狎蜥茯殓梏莒徕屐钞倍苄栝甙ㄚ┙茕屐翎摞饼茚祓栳荞聃徜苄栝甙ㄚ┙茚祓栳摞饼茕屐翎猕氅廪茕徵珏螨飑襁妪廪茕徵珏螨飑猕氅杰溴祠屺氕飑莒徕屐皴茔犰听江茼怙荏磲祆ぼ骝徙饼昌孓曹莛狎糸犰哕眭莛檫蜍莛狎糸犰捃眭莛檫颦茼怙荏磲祆ぼ骝徙饼昌孓曹灬礅溽莒彐舁莛檫蜍痖唑诬蜷玷舂芑胚茯聃狍殪镢犰脚啕胚杰戾骠蜍戾骠杯莒彐酎颥啭茯殓梏茯殓梏蒈蜷玷舂啕靳啕莒彐舁蜍戾骠杯莒彐酎颥啭茯殓梏茯殓梏茯殓梏┻靳啕山曹戾骠茚祓栳茱鲥荏轭柁莲荏轭薏茜犴磲茱鲥昌荏轭擦茱鲥茚祓栳茱鲥荏轭擦避秭弪荏轭柁淋秭弪茚祓栳荏轭薏圮玑眄蒈秭弪曹犰痂猃茯殓梏莒徕屐恋专苕蜥沱蕹除徂莒徕屐羼后躔弪沲忮谶徒荏蹴啕赀簖荛铘湔哝苄唧莒彐舁碴唧避蜷玷舂则啕赀簖者妯鸹舂荛铘堋溽溻荇殪溴纨ㄡ猢遛獒ō舂遛殁皎舂茺莒犷珈铧宵疖蜥铉戾芎钴轭苡殓磲啕簖摞莛蜷礤荦莒徕屐歪麇祆茔犰听摞ò漏江避秭弪昌罗曹莒徕屐铄黥镱茕滹酐椠茴徕灬哞苄栝莒犷珈包赃茼踯铛茯犷珈暹茼怙荇轭义町茼怙溟徵莒彐糅莒犷珈包赃趑败蜥铉戾艾莒犷珈灏赃祆败蜥铉戾莒犷珈灏赃祆败蜥铉戾茯殓梏莓莒徕屐羼捍倪郁蝈篌藻铙矧苕蜥沱饼泊杠痖薏墁荛铘啕茔犰妄臆麇溏苕蜥沱饼泊杠痖薏墁荛铘啕茔犰妄茯潺苕蜥沱饼泊杠痖薏墁荛铘啕莛狎糸犰茔犰妄密莒徕屐泔畛荞踽吝秉薏吝颤薏逻秉薏逻颤薏爱遛莛栝薅咩江鲞彳秭弪荇殪溴鲞猃莒徕屐泸轸溟忑茼怙茆镬漤狒莛椁杰眭摞饼墁茆瘕芑莒徕屐羼轰轫孱箝镱戾篌瘕荛铘啕茼狒桡犰妄莒彐舁茱鲥昌莒彐糅茱鲥蜢轭莛箝茜犴磲掎茴徕灬哚莛箝茱鲥蜢轭妍ㄜ钺忪徇莛箝茜犴磲掎莛箝茯殓梏茱鲥蜢轭遘痼莛箝茯殓梏墁莒徕屐箴轭徙苄箝荏轫苠莒彐糗苕蜥沱饼荑忉螨荛铘啕猃摞荏耱酐波茯殓梏荦荏轫苠莒彐糗苕蜥沱饼荑忉螨摞苕蜥沱谍昌茯殓梏荦莒徕屐甬蛋茕滹酐引摞臊舂杰镯彗徂腱茕雉引摞忑舂熄茕雉引摞臊茕雉引摞臊芑芑茔犰听茯殓梏狎蝻茔犰听苕蜥茚祓栳锡倍莛檗昌栖糸熹妍讫莛狎糸犰甙茔犰琵茆溟鳊茆育墁莒徕屐脲蝾羼伯辈莛栝┙莒犴怃徂搀墁莛栝ㄜ灬礅溽莒犴怃舆论凛芑杰墁苕蜥沱饼苠翎墁舆糜哿蒈猾芑役荀殇弭殪溴讫苕蜥沱辇荇桢翎荛铘滢厨滢躇赀茼蹀渊茼狒桡犰她啕茼踯铛赀茴蹀渊┸滑莒徕屐篝狒怙簖茔犰听苕蜥沱饼昌荛辇茱鲥蜢轭妍莛箝芮犴磲摞茴觚荑箴徙妍钡沩荏翎汶蝈禧芑莒彐趄殓梏狎蝻鼾莛狎糸犰啕堋茴觚荑箴徙妍便睚莛箝茱鲥蜢轭妍莛箝望莛箝莒徕屐灬珧荞踽磉三茚痧蝻卜墁莒犴怃摞悲待茼怙清铸莒徕屐贝瓦疬瀣襁睚曹痖茱鲥甾策茯偻襁踯秭弪茔矬茗辇锦荏耱酐莒彐舁苕蜥沱曹痖襁睚甾策偻茯殓梏┺疬遛昌墁莒徕屐澌镱磲篌滢曹鲠蝠栝茱鲥滠翎蹀昌荏轭荟狎痂檐莒徕屐箸昌荑狒升啕辈苕蜥沱饼苟ú莛椹薜荑狒升叽荀邃珏苕蜥沱饼待ㄜ栳酐升叽┺剡苕蜥沱饼朕昌ㄧ摞茼茴觚苕蜥沱荇殪溴臊啕茼觚荇殪溴臊啕茴觚荇殪溴臊薏莒徕屐惫莒徕屐汜螋弩獒铨茆彗轭狎蜥煦螨袷弑蔬箔褶饼蔬彩弑溅褶箔褶昌┦叱苘袷卟蔬抄褶饼蔬呈卟溅褶箔褶昌┦弑苘袷叱蔬杯褶饼蔬笔叱溅褶箔褶昌┦卟苘苠钿狎蜥舆芟礤玑摞莛蜷礤芟礤玑芟礤玑进摞芟礤玑墁墁荛莒徕屐羼喘狈徇苯曹痖蛇曹犰痂ò┙苕蜥沱莛辇除莒彐ㄜ骝徙莛茚祓栳苕蜥沱茚祓栳莛辇茯殓梏茔犰听禁苕蜥饼昌莛狎糸犰哕眭莛栝啉莛狎糸犰捃眭莛栝啉苕蜥饼昌磉稗曹痂檫薏苕蜥磙昌茆弭徂昌ū泔蟥茆弭彳痂檫┅苠聃轹苕蜥饼昌莛狎糸犰哕眭莛栝啉莛狎糸犰捃眭莛栝啉炸莛栝啉┈莒犷珈效兽茼ò熊蜥铉戾茆狎酲效┸苈殓圮七报褶博茜犴磲捃眭七波褶博檐秭弪餐荏殓磲摞茼踯犰痂猃襁茚祓栳墁苈殓墁酲些莒徕屐尿屐毂孳篝狎苠苈殓幺荑忉蜍麻珑ㄜ骝徙莛狎糸犰{\partial q}\frac{\partial}{\partial\tilde p}-\frac{\partial}{\partial p}\frac{\partial}{\partial\tilde q}\Bigg)\Bigg] f({\bf x}) g({\bf \tilde x}) \vert_{{\bf x} = {\bf\tilde x}},\label{eq:star1}
\Delta {\cal A}=\frac{1}{2}(1+g).  \label{po}
\exp \left( ip_{\mu }X^{\mu }\right) \rightarrow \hat{v}_{p}=\hat{h}^{k_{2}}%\hat{g}^{k_{1}}\omega ^{k_{1}k_{2}/2}.
T_{[\mu\nu]}^{\ a} =\partial_{\mu}E^{\underline{a}}_{\nu} - \partial_{\nu}E^{\underline{a}}_{\mu}
\eta_{\mu \nu} = {\rm diag( - , +) }\label{eq:16d}
\langle f,f\rangle = \langle g,g\rangle = 0.
\Big(L^{\frac{3}{2}}\Big)_{+} = p^3 + \frac{3}{2} u\star p-\frac{2\kappa}{2} u^{(1)},
Q_{a,b}(\mu , \nu ; N)=p_{a,b}(\mu , \nu ; 0 ; N) +\sum_{\lambda =1}^{\infty} (-1)^{\lambda }p_{a,b}(\mu , \nu ; \lambda ; N) +\sum_{\lambda =1}^{\infty} (-1)^{\lambda }m_{a,b}(\mu , \nu ; \lambda ; N).\label{eqn:sieve}
\vec A_\mu(x)\!=\!\partial_\mu\vec n(x)\wedge\vec n(x)+C_\mu(x)\vec n(x)+\vec W_\mu(x),
{\cal E}=\frac {{\bf D}^2 +{\bf H}^2}{2}-\left({\bf \theta}\cdot{\bf B} \right){\bf B}^2 ,
\frac1{\nabla^2}\,\delta_\Sigma^{(2)}(z-z_0)=-\frac1\pi\log {\cal E}(z,z_0)\label{primeform}
\delta _{A}\widehat{\phi }\smallskip (\widehat{x})=i[\widehat{A}\smallskip ,%\widehat{\phi }\smallskip (\widehat{x})]\quad \leftrightarrow \quad \delta_{A}\phi (x)=i[A(x),\phi (x)]_{*}\,.  \label{56}
{\cal M}=M(\infty)=4\pi\int_0^\infty\left[r^2\left({\cal U}(f,h,u)+\alpha^2{\cal K}(f,h,u)\right)-\eta^2\right]e^{-P(r)} \ ,
\label{yc<}y \sqrt{c} \sinh \alpha = \cosh \alpha - \cosh (x \sqrt{c} - \alpha) \; \; , \; \; \; \; \tanh \alpha \equiv 2 \sqrt{c} \; .
\lambda tK_{\left| n\right| }(\mu t)I_{\left| n\right| }(\mu t).  \label{cj2}
gx(\alpha\cdot q,\xi)\to   \left\{   \begin{array}{cl}      \mbox{finite},&      \mbox{for}      \quad      \pm\alpha_i\in\Pi\quad (\delta\leq1/h)\quad \mbox{and}\      \pm\alpha_h\quad (\delta=1/h),\\[6pt]      0,&\mbox{otherwise,}   \end{array}   \right.   \label{xcond}
\dot G_\pm  +\frac{i}{2} \phi^\pm D^2_\pm G_\pm + \frac{i}{4} D_\pm\phi^\pm D_\pm G_\pm+ \frac{3}{4} i D^2_\pm \phi^\pm G_\pm= \frac{\kappa_0}{2} D^5_\pm \phi^\pm . \label{sfeq}
\mathcal{L}=\sum_{i=1}^{N}\bar{\psi}^{i}\left( \partial \!\!\!\slash+\lambda\sigma \right) \psi ^{i}  \label{prima}
\left\langle \exp \left( \;  2 \sum_{b=1}^N \beta^{(b)} \int_{\Lambda} d^2x \;t(x)\; : \cos \left( 2 \sqrt{\pi} \varphi^{(b)}(x) \;\right) :_{Q^W} \; \right) \right\rangle \; .
\label{eq:symmgauge}\chi_a (A) = \varepsilon_{abi}\,A_{bi}(x) = 0\,,
\omega(\varepsilon) = { {e^{\beta_H \varepsilon}} \over \varepsilon},\label{bdos}
G^{(N,M)}(z_1,S_{M+1},\cdots,S_N;z_1,z_2)=0.
\varphi\sim A+B {\rm sign} (t) |\vec{k} t|^{\epsilon}.
\label{ag}\stackrel{\rightarrow }{x}(\tau )=m^{-2}\stackrel{\rightarrow }{V}%\left( \tau \right) =\stackrel{\rightarrow }{V}_1\cos \left( 2m^2E_3\delta_2\right) +\stackrel{\rightarrow }{V}_2\sin \left( 2m^2E_3\delta _2\right)
\label{1j}R_{ij,kl} = \delta_{ik} \delta_{jl} (1 + \delta_{ij} (q-1)) + \lambda\delta_{il} \delta_{jk} \theta (i-j) \quad i,j...=1...n
\label{Sfinal}S=-T_{(p-1)}\int d^p\sigma\sqrt{-\det (\mathcal{G}_{\alpha\beta}+2\pi\alpha'\mathcal{F}_{\alpha\beta})},
S_{p,m}=\prod_{A<B} \prod_{I<J}(z^A_I-z^B_J)^{K_{A,B}}\prod_A\prod_{I<J}(z^A_I-z^A_J)^{K_{A,A}-1}
\label{eq:LC Hamiltonian}    H_{LC} = \int_0^l \mathcal{H}_{LC} =    \int_0^l d\sigma \, \frac{G_{+-}}{2 \,\pi_-}    \left( G^{ij} \pi_i \pi_j +    \frac{1}{(2\pi\alpha')^2} G_{ij} Z^{i\,\prime} Z^{j\,\prime}    \right)
\label{derivP}\frac{d\,\log \widetilde\mathcal{P}^{\Lambda,\lambda_{\Lambda}}_{\{N^{(\alpha_1)}_{\nu_{\alpha_1}},\dots,\,N^{(\alpha_n)}_{\nu_{\alpha_n}}\}}}{d\,N^{(\alpha_j)}_{\nu_{\alpha_j}}}\quad =\quad\frac{\int\limits_G d\mu(g)\bar\chi^{(\Lambda)}(g)[D^{(\alpha_1)}_{\nu_1\nu_1}]^{N^{(\alpha_1)}_{\nu_{\alpha_1}}}\cdots[D^{(\alpha_n)}_{\nu_n\nu_n}]^{N^{(\alpha_n)}_{\nu_{\alpha_n}}}\log[D^{(\alpha_j)}_{\nu_j\nu_j}]}{\int\limits_Gd\mu(g)\bar\chi^{(\Lambda)}(g)[D^{(\alpha_1)}_{\nu_1\nu_1}]^{N^{(\alpha_1)}_{\nu_{\alpha_1}}}\cdots[D^{(\alpha_n)}_{\nu_n\nu_n}]^{N^{(\alpha_n)}_{\nu_{\alpha_n}}}}\,.
\label{c13}a_M = {(-)^{{1\over 2}M(M+1)}\over M! [(M-1)!\ldots 2\cdot 1]^2}~,
{\cal H} (p) =-2i\varepsilon^{\mu\nu\rho}\varepsilon^{\alpha\beta\lambda}g_{\nu\alpha}\frac{\mu^\epsilon}{(2\pi)^d}\int {\cal D}q \frac{1}{(p+q)^2 q^2} I_{\beta\mu\lambda\rho}(q)\; ,\label{B21}
\mbox{Tr}_{NS-R}= \frac{V_0}{2\pi}\int \d E \, \sum_{m=0}^{N-1} \sum_{w=-\infty}^{\infty}\, \cdots .\label{trace}
R_{\mu \nu}-\frac{1}{2} R g_{\mu\nu}=0	\label{4.4}
{\alpha  \over p(N)} \ \left({1 \over c(N)}- 1\right) \approx {2A_2 \over p(N)^2} \, .\label{cn1}
\label{wilson}{\cal W}^{(1)}={1\over {\cal Z}^{(1)} N}\sum_{R,S} \frac{d_{R}}{d_{S}}\exp\left[-{{g^2 A_1}\over 2}C_2(R)-{{g^2 A_2}\over 2}C_2(S)\right]\int dU {\rm Tr}[U]\chi_{R}(U) \chi_{S}^{\dagger}(U),
A^{{\rm IV}}_{parent}=-\frac{T_p}{2}\int d^{p+1}{\xi}\left[\sqrt{-g}\left(-{\Psi}^{(p+3)/2}g_{ij}h^{ij}+(p+3){\Psi}^{(p+1)/2}\right)+{\Lambda}\left({\Psi}-{\Phi}\right)\right].
F (z) \; = \; F (0) \, + \, \sum_{m=1}^{\infty} \,\left\{ \frac{b_m}{z - a_m} + \frac{b_m}{a_m} \right\} \, + \,\sum_{m=1}^{\infty} \,\left\{ \frac{b_{-m}}{z - a_{-m}} + \frac{b_{-m}}{a_{-m}} \right\} \, .\label{ModMittLef_1}
\{Q^{\alpha },\bar{Q}_{\beta }\}=-i(\Gamma ^{a})_{\beta }^{\alpha}P_{a}-i(\Gamma^{abcde})_{\beta }^{\alpha }Z_{abcde},  \label{supertrans}
\frac{\xi}{\sqrt{1-\dot{r}^{2}}}= \sqrt{x^{2}_{1}+x^{2}_{2}}-r(\tau),
\left( A_{0},A_{1},\phi ,\pi _{0},\pi _{1},\pi _{\phi }\right)\longleftrightarrow \left( \xi _{1},...,\xi _{6}\right) ,  \label{319}
E(L)-E_{0}(L)=E_{R}+E_{L}+M\cosh \theta\ ,
v_{eff} = \left( {y_i\over y_0} + 1 \right)^{1/3}e^{-n}v_i\,.\label{eq=veff}
\Pi^r_{\mu \nu \rho \sigma}(p,q,k)= \Pi_{\mu \nu \rho \sigma}(p,q,k)- \Pi_{\mu \nu \rho \sigma}(p,0,0)\label{12}
\frac{t}{d} =  \oint \frac{dz}{2 \pi\imath}U_{eff}'\left(z+\frac{R(t)}{z}\right)=\left(\frac{m_0^2}{d}- \Gamma_2\right)R(t) -\sum_{n>2}\frac{(2n)!}{(n!)^2}\Gamma_{2n} R(t)^n%\label{}
w := \left( \begin{array}{c}\tilde{x}_1 \\ . \\ . \\ . \\\tilde{x}_{n} \\\hat{y}_1 \\ . \\ . \\ . \\\hat{y}_{n}\end{array} \right) \; , \;z := \left( \begin{array}{c}\tilde{y}_1 \\ . \\ . \\ . \\\tilde{y}_{n} \\\hat{x}_1 \\ . \\ . \\ . \\\hat{x}_{n}\end{array} \right) \; \; .
p^{\prime}_\nu T^{S\rightarrow AA}_{\mu\nu}=2mi[T^{S\rightarrow AP}_\mu]-4m(k_3+k_2)_\alpha \triangle_{\alpha\mu}- 4m(l_3+l_2)_\alpha\triangle_{\alpha\mu},
\sum_{j=1}^{n}[I_{ij}]_{\hat{q}}\,m_{j}=2\cos \pi \left( \vartheta_{h}+t_{i}\vartheta _{H}\right) \,m_{i}\;,\quad \hat{q}=e^{i\pi s\vartheta_{H}}\;.  \label{ATFTmass}
\label{00330}{\tilde f}^{(0)}= \left ( \begin{array}{cccccc}0 & -1 & 0 & 0 & 0 &  q\partial_y\\1 & 0 & 0 & 0 & 0 & q\\0 & 0 & 0 & 0 & 0 & 0\\0 & 0 & 0 & 0 & -1 & q^2 \\0 & 0 & 0 & 1 & 0 & \partial _y\\- q\partial_x & - q & 0 & - q^2 & - \partial_x & 0  \end{array} \right )\delta(x-y)
W^a = \frac{1}{IE} \big( |Z|^2 H^a -  A^a A_b H^b + |Z|^2 T^{ab}\!	A_b \big)\, ,
\Delta+\bar{\Delta}  = \frac{(m+nk/4)^2}{k} + \frac{(m-nk/4)^2}{k}\, .
\Delta_a^{\!lin}=-\int\frac{k'}{2l}\, dl -\frac{1}{2}V\, .\label{delta}
\Sigma_-  =  a_{1}(x)\exp{(3(\gamma-1)\tau)}, ~ \Sigma_{\times} =  a_{2}(x)\exp{(3(\gamma-1)\tau)},
\label{eluk25}  \left[ \widehat{x}_{0},  \widehat{x}_{i}\right] = {i\over \kappa}  \widehat{x}_{i}   \qquad  \left[ \widehat{x}_{i},  \widehat{x}_{j}\right] = 0
\label{8}\begin{array}{llllll}\displaystyle D &= 3 &: \quad &Sp(4;R) &\to & OSp(N;1|R)\cr\displaystyle D &= 4 &: \quad &SU(2,2) &\to & SU(2,2|N)\cr\displaystyle D &= 6 &: \quad &U_{\alpha}(4;H) &\to & UU_{\alpha}(N;4|R)\end{array}
\label{counter}\int_0^\infty dk\sqrt{k^2+4}\left(\frac{4\cos\rho}{k^2+4\cos^2\rho}- \frac{4\cos\rho}{ k^2+4}+\frac{4c_+}{k^2+4c_+^2}- \frac{4c_+}{ k^2+4}\right),
\label{ghost2}\displaystyle{\frac {8}{\kappa}}V^{^2ghost}_{\mu\nu,\,\alpha\beta}(k_1,k_2;\,p_1,p_2)=-4\,p_{_1\mu }\,p_{_2\nu }\,\eta_{\alpha  \beta } +  8\,p_{_1\beta }\,p_{_2\nu }\,\eta_{\alpha  \mu } -  2\,p_1 \cdot p_2\,\eta_{\alpha  \mu }\,\eta_{\beta  \nu } +  p_1 \cdot p_2\,\eta_{\alpha  \beta }\,\eta_{\mu  \nu }.
\left( 1+i\gamma \right) ^{-1}\approx\left( 1-i\gamma \right).\label{68}
%{\cal P}:\quad%(1/2,\,0)^{[x^\pm]}\,\leftrightarrow \,(0,\,1/2)^{[x^\mp]}%
(\Delta S)^0=Tr\left[\pmatrix{K^\mu {}_{\nu }& K^\mu {}_{F}\cr           K^F{}_{\nu }& K^F{}_{F} \cr}\exp \frac{1}{M^2}\tilde {\cal R}\right] \ ;\qquad \tilde {\cal R}= \pmatrix{ S_{\mu \nu }& q_\mu \cr -\tilde \partial q^T_\nu & \tilde \partial \tilde \nabla\cr} \ .
[\Pi({\bf{x}}\sigma), \rho({\bf{y}}\sigma^{'})] = i\mbox{ }\delta({\bf{x}} - {\bf{y}})\delta_{\sigma, \sigma^{'}}
E^{(R)}= {n_R\over |G|}\sum_{g\in G} \chi^{(R)}(g) U(g),
E^{\small bulk}_{\small Casimir} = {1\over8\pi^2} \; V \; \hbar c \; K^4 \;\left[{1\over n} - 1 \right].
H_0= \int_{0}^{\infty}dp \, p [A^{\dag} (p) A (p) - B^{\dag}(p) B(p)].
\Omega^J \equiv (v_i^J)^T \frac{\partial V(q)}{\partial q_i} =0,\label{c4}
\{Q^+,Q^-\}=H_n+k(R-1),\quad[H_n,Q^\pm]=\mp 2k Q^\pm,\quad[R,Q^\pm]=\pm 2Q^\pm,\quad R^2=1.
\partial_\mu <TTR>=  (N_c^2-1)\cdot                       \left[\vbox{\vspace{2ex}\hbox{1}\vspace{0ex}}\right]                       +3\cdot (N_c^2-1) \cdot                        \left[-\frac{1}{3}\right]  = 0
\frac{\partial g_{k}}{\partial x_{j}} = \frac{\partial h_{k}}{\partial    y_{j}}  \,\,\, ; \,\,\,\frac{\partial h_{k}}{\partial x_{j}} = - \frac{\partial g_{k}}{\partial  y_{j}},\label{Cauchy-Riemann}
{\cal D}[\partial] := 1 + {\partial^2 \over \eta^2} - {\partial^4 \over \gamma^4} .
Z_0^F(T,L) \equiv \exp\left(\frac{\pi LT}{6}\right).
x \mapsto \omega(\Xi)(x), \quad \ x \in {\cal O},
\left.\begin{array}{l}\rho(1)=1\\\rho(2)=2\\\ldots \\\rho(p)=p\end{array}\right\}\label{eq:Nsytem}
S^{\mu\nu}\equiv {{\partial L}\over {\partial \sigma _{\mu\nu}}}=L^{-1}[J^2\sigma ^{\mu\nu } +{{MJ}\over {({{a_1a_2}\over2}+a_3})^{1\over 2}}(a_1\sigma ^{\mu\nu }+(u^\mu\sigma^{\nu\lambda}- u^\nu\sigma ^{\mu\lambda})u_\lambda )]. \label{4}
H = 1 + Q_1 \sum_{n = -\infty}^\infty \frac{1}{\mid \vec{y} - 2\pi n a \hat{z}\mid^6},\label{eq:mcs1}
z(\varepsilon, \tau) \;=\; u \:+\: 2 \tau v \:+\: (1-\varepsilon^2)\:\tau^2\:q^2 \:-\: \frac{q^2}{4}\;.
V(\Phi ) = - m^2 {\rm Tr}[ \Phi ^2 ]+      h ( {\rm Tr}[\Phi ^2  ])^2 +      \lambda {\rm Tr}[\Phi ^4]  + V_0 \label{lagrangianpotential}
g \approx  3-\sqrt 3 - 0.9177 f_{0}^2 \; .
\varepsilon(p^{0})=\theta(p^{0})-\theta(-p^{0})=\frac{p^0}{|p^0|},
\tilde{\omega}_{mab}=\hat{\omega}_{mab}-\frac{i\kappa^2}{4}\bar{\psi}_c\gamma^{cd}{}_{mab}\psi_d.\label{spco1}
s p^{\mu} = \eta^{\alpha}e_{\alpha}^{\mu}(P_0)\label{2.6}
q^{(\frac{L}{2}-\frac{r}{N})}\sum_{k=l+1}^N q^{-m_0}B^{(N)}(L,r,l+1|k)=\sum_{k=l+1}^N B^{(N)}(L,r,l|k).
\label{767}[\Phi(x;a_1,...,a_n)]_R  =  \Phi(x;a_1,...,a_n) +
Z={\det }^{-\frac 12}_{T}(-\Delta ) \times {\det }_S^{\frac 12} (-\Delta ), \label{pint}
\Omega (z) = \int _{\c C} dw\rho(w)\ln(z-w)\label{eq:phidef}
\mathbf{J}^2 = (\mathbf{J}^2)^\dagger = G (\mathbf{J}^2)^+ G,
m^{1;1;9},\ m^{1;4;9}, \ m^{2;6;9}, \ m^{4;7;9},\ m^{7;7;9}, \ m^{2;3;9;9}, \dots
\label{eq-solpot}E_{\pm}\approx\pm me^{-\frac{\mu^{2}}{m}\Delta x}.
M(S,R)_n =\left(\matrix{1 & 0 \cr1 & 1 \cr}\right)^{\otimes (n-1)} \ ,
\label{eqn:oderho} \left[-\left(1-\frac{2M}{\rho}\right)\frac{d^2}{d\rho^2} -\frac{2(\rho-4M)(2\rho-3M)}{\rho^2(\rho-3M)}\frac{d}{d\rho} +\frac{8M}{\rho^2(\rho-3M)}\right] H_1(\rho) = \lambda H_1(\rho),
\label{A11}       G_{\alpha\beta}(\tau,\tau^{\prime})       =\frac{1}{2}\int       \Sigma_{\alpha\beta}(\tau,\lambda^{\prime})       \epsilon(\lambda^{\prime}-       \tau^{\prime})\;d\lambda^{\prime}
%\label{dsr2}%\dim_{\Comp} \M({\rm regular},\rho_+) = \dim_{\Comp} {\S}(\rho_+) - N\ ,%
\gamma_1 = -\gamma-1- \gamma(-2-a-b) - \delta (2-a/\delta-b/\delta-2a-2b) - 9/88(1+a+b) ,
j^{mi} \equiv \frac{\delta I_{SI}}{\delta v_{m}^{i}}, \quad  K^{mi} \equiv \frac{\delta I_{SI}}{\delta A_{m}^{i}} .
[\hat{x}_{\mu}, \hat{x}_{\nu}]=\frac{i}{\kappa}(a_{\mu}\hat{x}_{\nu}-\hat{x}_{\mu}a_{\nu})
G^0_{\mu\nu} = \frac{\epsilon_{\mu\nu\lambda}p_\lambda+\delta_{\mu\nu}M+p_\mu p_\nu/M}{p^2+M^2}\;,~D^0_{\mu\nu}(p)= \frac{\epsilon_{\mu\nu\lambda}p_\lambda}{p^2}\;, ~{\rm and}~\Gamma^0_{\mu\nu\lambda}=g\epsilon_{\mu\nu\lambda}\label{R}
\left\{  Q_{a},Q_{b}\right\}  _{{\footnotesize PB}}=f_{abc}Q_{c}\;,
Adj(Sp(2n_H)) \to Adj(U(k)) + Adj(U(n_H-k)) + 2(k,n_H-k)\label{storto}
C_0(k,q)=<k,q|\sum_{j=0}^{m-1}R^{-j}\omega^{js}|\phi>=\sum_{j=0}^{m-1}(R^j|k,q>)^+\omega^{js}|\phi>.
G^{\dagger} = G, \;\;\;\;\;\; \tilde{G}^{\dagger} = \tilde{G}
I_n(x)=\int_0^xdx_n\int_0^{x_n}dx_{n-1}\cdots\int_0^{x_2}dx_1\cdot1=\frac{x^n}{n!}.
N^{\mu\nu} =    L^i n^{[\mu}{}_i X^{\nu]}{}' = L^* \eta^{[\mu}_1  X^{\nu]}{}'\,.
\label{al34-sol}X^{+} = {{* (2{\cal D} X^i \wedge f^{+i})} \over {* (f^{+i} \wedge f^{-i})}} = {1 \over {\cal R}}  ({\cal D}_- X^i f_+^{+i} - {\cal D}_+ X^if_-^{+i})
T(z)=L^{ab}:J_a(z) J_b(z): \label{introsimpleT}
R(b)=\frac{4}{k-2}\;\frac{k(k-4)+k(k-2)b}{[k+2+(k-2)b]^2}
n!\prod_{i=1}^kd_i!{1\over (n-m)!}.\label{fac1}
[R,M]=-{\rm i\over2}\sum_{\rho\in\Delta_{+}}g_{|\rho|}\thinspace       {|\rho|^2\cos(\rho\cdot q)\over{\sin^{2}(\rho\cdot q)}}       \thinspace[{\rm e}^{2{\rm    i}q\cdot\hat{H}       }, \hat{s}_{\rho}]. \label{(5.9)}
\label{Eq_0407}lndet = \frac{|e\Phi|}{2\pi} \ln(ma) + R(m),
B(0) = B_{\rm f}(0)+B_{\rm b}(0)=0,\label{BDF2abgt}
H\, {\cal U} = i {\partial \over \partial t}\, {\cal U}\,,
\Sigma_{\pm}(q_3,\left|{\bf q}\right|) = - \frac{1}{4\pi} \ln \left[ \frac{1}{2m} \left( -\frac{1}{2}\delta \pm iq_3 + \frac{\left|{\bf q}\right|^2}{2m} \right) \right] \,  + \, O\left(\frac{1}{m^2}\right).\label{eq:SG1LP}
\frac{g^2_{YM}N}{J^3}\frac{J^4}{N^2} \frac{g^2N}{J^2}
\label{re6a} {\cal L}_{n}(H_n)=(-T_{H_n}\bar{R}_{H_n})\phi ^n .
\fbox{$\begin{array}{ll} (xy)(ax)=x(ay)x; & (xy)_{L}x_{R} = x_{L}x_{R}y_{L};\\ \\ (xa)(yx)=x(ya)x; & (yx)_{R}x_{L} = x_{L}x_{R}y_{R}; \\ \\(xax)y=x(a(xy)); & y_{R}x_{L}x_{R} = x_{L}(xy)_{R}; \\ \\y(xax)=((yx)a)x; & y_{L}x_{L}x_{R} = x_{R}(yx)_{L}. \\\end{array}$}
{\delta_{\rho}}{\mathcal{F}_D^1}={\delta_{\rho}}{\mathcal{F}_D^0}-\alpha{Q}\oint{d}\hat{s}(\xi)\rho(\xi){\partial_{\hat{n}}}{\hat{G}_D}(\xi,\xi')+({\alpha^2}-\alpha{Q})\rho(\xi').
D\sum_{I\neq J}(-1)^{p_{I}p_{J}}e_{JI}\otimes e_{IJ}D^{-1}=\sum_{I\neq J}e_{JI}\otimes e_{IJ}\label{A.7}
H(t) |n;t> = E_n(t) |n;t>,~<m;t|n;t> = \delta_{mn}
\label{4eq12}E_c= \frac{4kl}{R}\left (k-\frac{r_+^2}{l^2} \right),
%P\sim \exp\left(-y_0^3/M_p^2\ell\right),%
\tilde{W}[\eta|t] = \int_{\eta_0}^{\eta(t)} \delta \eta^{' \nu}(t)   \,\tilde{E}_\nu[\eta'|t],\label{Wtildeint}
\partial_z\partial_{\bar{z}}\theta=\{n(n+1)\eta^2+a\}\theta\,,\quad a\in{\cal R}\,,\quad n=0,1,2,\ldots\label{hie}
C_{0}^{op}=g_{o}^{-2}\frac{1}{\left(  2\alpha^{^{\prime}}\right)  ^{d/2}},\label{c0open}%
\alpha^2 \partial_{x^-}^3 g_a(x)=0; \alpha\neq 0
J_{gf}=\left( \begin{array}{cc}0 & J_{+}\\1 & 0\end{array}\right) \quad ;\quad \tilde{J}_{gf}=\left( \begin{array}{cc}0 & 1\\J_{+} & 0\end{array}\right) \quad ;\quad g=\left( \begin{array}{cc}-J_{+}g_{22} & -g_{21}\\g_{21} & g_{22}\end{array}\right) .
Z^{int}(s)=\int {\cal D}A_\mu e^{-S_{bos}(A)-i\int d^3x\varepsilon ^{\mu\nu \rho }A_\mu \partial _\nu s_\rho },
\hat{\Gamma}_0 \ldots \hat{\Gamma}_{(10)} = 1
{\cal L} =  - V(T) \sqrt{-  \det (g + F) } {\cal F}(z), \label{gauge}
W_{\infty}^{3,D}={1\over 16}(1-\gamma)^{-1}\sum_{k=0}^{\infty}(-1)^{k}\beta^{k}(k+1)(k+3)(k+5)\sum_{m=0}^{\infty}(m^{2+k}-m^{1+k})\alpha_{m}^{-k-7}.\label{(3.20)}
\label{0.1}\begin{array}{c}\left\{ M_1,M_2\right\} =aM_1M_2-M_1M_2a, \\a=\frac 12\left( r-r^{*}\right) .\end{array}
B(T)= -\; {b_2(V,T)\over [b_1(V,T)]^2}\;,
{\cal H} = {\cal H}_a \otimes {\cal H}_A \otimes {\cal H}_c.
H r(\tau)=\frac{k}{\sqrt{1+k^2}}\mid\mbox{sn}[\frac{\tau}{\sqrt{1+k^2}},\;k]\mid.
\delta _{\beta }\left( \alpha \right) =\alpha \wedge \beta =\alpha_{ab}\cdot \beta _{cd}\left( \chi ^{ab}\otimes \chi ^{cd}\right) Ad_{R}
\label{tens}T \sim \frac{m}{L^p} \sim \frac{1}{g \ell_s^{p+1}}.
(-1)^{|X||Z|}[X,[Y,Z]]+(-1)^{|X||Y|}[Y,[Z,X]]+(-1)^{|Y||Z|}[Z,[X,Y]=0,\label{jac}
{\cal M}^{uu}_{b}= \frac{ig^4}{2}[T^aT^b\otimes T_aT_b] \int \frac{d^2k}{(2\pi)^2} \left [ \frac{T(k,p_1) T^*(k,p_3)}{w_k-w_p}\right]
\int_C    \frac{d\nu \:    \nu}{i 4\sqrt{2} \sin \pi\nu} \left[ J_\nu(z_1) J_{-\nu}(z_2) +    J_{-\nu}(z_1) J_\nu(z_2) \right]    \;\;\;\;\;\;\;\;\;\;\;\;\;\;\;\;\;\;\;\;\;
\label{v3b}\zeta_0(\nu)=-{\nu \varrho^{-2\nu} \over \pi}\int^{\infty}_{\mu} d\omega \int_{C_+}dz{2z^2 \over (z^2+\omega^2)^{\nu+1}}\breve{\Psi}(\omega;z)e^{i\epsilon z}~,
\Psi={C}\Psi^{\ast}\,. \label{Majoranacondition}
a_\alpha W_iZ^I_\alpha Y^{\alpha}_0 + WZ^I_\alpha Y^{\alpha}_I
Q_A+(\gamma^{6}\gamma^{7}\gamma^{8}\gamma^{9})_A^B\tilde{Q}_B\nonumber
%W_{(1,2\ell,1)}W_{(1,1,Z_2)}W_{(1,2\ell-1,1)}W_{(1,1,Z_2)}\label{eq:lzlz}%\sim \sum_{k=0}^{[\ell/2]-1}W_{(1,4k+2(\ell \text{ mod } 2)+1,Z_2)},%
V(z) = A^2 e^{-2\alpha z} - 2 A e^{-\alpha z}  \ ,\  A,\alpha >0 \ .
\sigma_{\pm} = \frac{\tau\pm\sigma}{2}\ .
k^{u}(K_{uv})_{j}^{i}=\partial _{v}P_{j}^{i}+[p_{v},P]_{j}^{i},\label{eq:prepotn}
\label{weak} \rho _0(\theta )=\frac{1}{\pi}\sqrt{\mu-\frac{1}{4}\mu ^2\theta ^2},
C_{ABC}=\frac{1}{24 \pi} \big(A_{[A}^i\partial_BA_{C]}^i+i\frac{2}{3}f^{ijk}A_{[A}^iA_B^jA_{C]}^k \big) . \label{ccon}
\label{E14}=g^2\left(\begin{array}{c|c}\delta_{\mu\nu}\delta_{AB}\delta^4(x-y) & 0 \\0 & \delta_{AB}\delta^4(x-y)\end{array}\right)
\Psi,~\Phi,~\Pi,~\Xi,~茔犰笼啕鼾茔犰笼啕荇桢翎茔犰笼苣屐翎苣屐翎蕺棉芜蝎饼啕芜蝎饼茕雉芜蝎她棉芜蝎昌啕芜蝎昌茕雉螳芜蝎她茕雉棉芜蝎谁饼啕芜蝎谁饼芜蝎她ㄎ啕泯荇殪溴锡啕泯茱鲥蜢轭妍芜泯荇殪溴锡啕泯ū爆艾茆弭徇辇┈榻爆铂茔犰凝杰篚磉楝挲氵楝挲墁苕蜥沱ㄧ薏惟揲无碴莒徕屐冲癯茔犰引茔犰引唑荏轭苠翎荇狨茔犰引唑ū茔矬苠翎┊莒彐糗茆彗轭狎蜥蜚忑茕轶痨狴篝戾莛狎糸犰摞睚柽睚苕蜥沱饼昌茕雉椠荟箴徙妍岔睚苘茕轶痨狴篝戾莛狎糸犰摞铨柽眍苕蜥沱饼昌莛狎糸犰啕睚瑙荟箴徙妍岔睚苘茕轶痨狴篝戾莛狎糸犰摞睚荇桢翎啕睚苕蜥沱饼昌瑙苠钿狎蜥茯殓梏莒徕屐珂泔铨唠摞谶赀臊茺眢筌杰篚磉茴踅褒揠茔栾矬茴觚建鲍暴揠讲揠胚大讲ㄑ艳饼┇茗啕饼茗啕饼摞饼茗啕昌茗啕昌摞饼莒徕屐汊岽饼莒徕屐荏翎汶蝈禧茯驱茼狒桡犰听墁航苕蜥沱饼岔莒彐糅倪茚祓栳茱鲥蜢轭妍苄箝┠捃犰痂彳畜榄磙曹秭弪扉铄苄箝苄箝茯殓梏蒈莒徕屐瘃溴纨皎莛蝻溥榻饼摞潍饼茴踹辇┸荞踽瘿皎遛檐翳弭猃蜣潍饼莛蝻溥榻饼摞潍饼啕辇┸荇狨啕沆禁荇桢翎甙茱鲥曹痖莛茱鲥邕稗昌莒徕屐篝蝓泯艚ㄈ摞昌蜣博摞悲昌荏轭瑷溶翎酴荞踽鼋ㄈ摞昌蜣博摞悲昌茔矬瑷溶翎酴荞踽津莒徕屐羼撼溥篝徇趄茆彗轭狎蜥祆忑莒犷珈襁榘堰榘茯犷珈墁苘Ζ苘莒犷珈茕雉颀啕榘茯犷珈墁苘Ζ苘碥镯彗徇辇茱礤玑啕挲莒犷珈襁榘堰榘┄襁臧堰臧茯犷珈脒慢茕屐翎啕殛墁苘Ζ苘碥灬铉戾茕雉颀啕榘茕雉颀啕臧茯犷珈脒慢攒溴祠徇殛墁苘Ζ苘莒犷珈茕雉颀啕榘襁臧堰臧茯犷珈墁苠钿狎蜥檐骝徙莛狎糸犰莛狎糸犰荇狨啕昌柬К茆狎恣卉翎踹昌憩茆狎睚卉翎踹饼杰栳酐三恣茆狎恣┘恣茆狎恣卉翎踹昌憩茆狎睚卉翎踹饼井莒徕屐羼轰町羼莒徕屐骣犰蹂娼苕蜥沱饼昌莛狎糸犰啕荏殓磲诋茔犰听啕彐纨茔犰听摞ú茔犰听摞ù茔犰听摞ǘ茆琵哕痦ㄜ檫莛愆禁茯札哕痦ㄜ檫莛愆茆琵甙茯札摞茕徵珏螨哕痦ㄜ檫莛愆莛箝Ж衄┙遛殄苠痼殪镱衄莛箝衄┸璃哕眭衄┙吝茼酲衄┇莛狎糸犰哕眭苠痼殪镱衄┸茕屐翎ㄦ┅杰篚磉榻饼揞苕蜥沱饼孓莛蜷礤唛茕屐翎唛诌两赞彳轭暨稗滠翎踯茆殓燠茕雉啕茼觚荟狎屦箝祜钸茼觚阐茯辇莛箝啕茼觚莛箝啕茴觚脒茼觚荟狎屦箝祜钸茴觚茆殓蜉茯屮瘕坶滕荇狨┹莒徕屐鲥螋屮芟礤玑茯殓梏狎蝻鬈舆芟礤玑莒彐舁茯殓梏┙芟礤玑摞饼醍暨屺桐暨徂ㄍ暨屺桐ㄒ肄暨徂ㄍ茔犰听啕茗辇兽茼踯铛荑狒茗檗莒犴怃猃莛狎糸犰啕莒犴怃猃兽茼踯铛莛狎糸犰哕灬礅溽荑狒茗檗茼兽莒犴怃彳铛莛狎糸犰哕灬礅溽荑狒茗檗茴兽茼踯灬礅溽莒徕屐珧狯荀殇彖狒讫啕茼茴觚狡啕茼茴觚苕蜥沱饼待荇桢翎摞茯栾荏殓磲茆殓绋曹戾骠茺七茼茯栾七茴荏殓磲茯殓梏荦莒彐糗吝茯栾倪荏殓磲七茼茴觚莛狎糸犰啕荏殓磲七茼茴觚茯殓梏荦茆殓绌茔犰淆莒彐舁荇桢翎摞昌茯殓梏┊莒徕屐篦纨瘿茗椹近茔栝茗椹屺茗椹摞饼茜羼眠栓鲍茗辄┺睚莒徕屐礤趄殂潴咄薏界摞疮除澍啕北薏甾帛除潴啕卑薏抹冤杰戾骠ㄜ忮玳铥狎蜥沣屺冤Π苘唉屺冤摞饼苠钿狎蜥茯殓梏苘屺冤颈舆磲趑弪奖盾痖荛铘滢带荏耱酐琮芑遛波荏殓磲暴莛箝芑踢磲趑弪莒徕屐溴孢三绒ㄎㄌ颥禳洮皓杰篚磉虢飓瘕尬褶荏蹴啕榻潺摞瓠饼磉榄暹洵饼棉饼睚罗ㄎㄌ颥飓秉氅莒徕屐箝玑戽猃荏殓磲酱莛甾餐茯犷潺茚祓栳摞饼江苕蜥沱莛甾昌餐溥茯屐摞昌茯栾啕茯痫忑吝荏轫甾苍徂箔潺墁吱莛栝既啕茼踯铛薏茔滹ū圮蜩镛荏殓磲薏荸薏荏轫莒犴怃莛栝薏┺荛铘啕苡殓磲ㄩ溺┸鲠蝠栝羚殓┸提礅溽┸畜檫敖荛铘啕苡殓磲绋槟荟狎痂楂密提礅溽檐提礅溽┸畜檫诌茼蹀蟥皓莛辇摞待莛狎糸犰哕铛摞荛铘滢瘩遛查甬颀茆狎莛箝瘵荏殓磲啕茼茴觚茱鲥岔莛箝瘵莒彐舁搀避蜷玷舂苕蜥沱莒彐舁搀避蜷玷舂ㄥ荇狨┺曹磲翳汜禧讫耻戾骠垠螳暴莒彐舁甾箔荏殓磲薏茯殓梏避蜷玷糨茆殓珈荦荛铘啕褒摞酏漪摞莛蜷礤荛铘滢昌茗檗莛蜷礤宿舡艮莛蜷礤啕茗檐檗莛蜷礤遛莛栝ㄜ椹莒彐舁苕蜥沱饼昌ㄜ檗莛蜷礤茗椹摞猃ㄜ檗莛蜷礤茗椹摞恺莒彐舁莛狎糸犰啕猃莛栝ㄜ椹莛狎糸犰啕恺莛栝ㄜ椹莛狎糸犰啕猃莛狎糸犰啕恺莛栝ㄜ椹茯殓梏┸蜷玷舂苣屐翎摞莛蜷礤宿艮莛蜷礤啕茗檗莛蜷礤茗辇碥屦箝祜钸祛七畎赀艾莒徕屐羼横眇弪灞槟唠徒勖唠洼铰啕腱埒揿洼圮栳酐笼哽洼荇殪溴苠聃轹篆舆荞踽荇殪溴佚苠聃轹孬舆莒徕屐糸熹妪苣屐翎啕茼茴觚皓苕蜥沱窜痖茈狃疳苕蜥沱茼觚疝疝搏茼蹀博茼苠痼殪镱啕茼茴莒犴怃猃疝莒犴怃茕屐翎啕茼茴觚疝疬茼疬茴酴莒徕屐蝓谍茼怙则ㄜ玑眄徇绌江猖茼怙则ㄜ玑眄徇疫簖┙茼怙则ㄜ玑眄徇缫唧┙剥沁茚祓栳摞瞟苠聃轹荏蹴啕斫褒揞茺荇狨哕犰痂摞瞽愆荇殪溴三摞愆荦荏蹴啕斫褒摞瞽昌茺荇狨哕犰痂摞瞽愆荇殪溴三摞慝博荦啕ㄜ弭岍茺荇狨哕犰痂摞瞰暴荇殪溴三摞ū荦啕ㄜ弭岍荑箴徙爱沩钴珏癫莒徕屐岵饼莒徕屐洳箫忑荇殪溴纨卟苄栝卟卟倪茼霓茼莛栝掎芥掎啕莛栳铘镯猃忏莛箝掴哕眭莛箝捭哕眭莒徕屐羼骈茕屐翎啕荑狒茗辇卟疼荑狒茗辇弑杰戾骠茺疼荑狒茗辇卟莠疼荑狒茗辇弑茯殓梏荦疼茺荑狒茗辇弑荑狒茗辇卟荦啕荑怙荏泸轲趔辁幽僳荑狒茗辇弑荑狒茗辇卟蒈灬忮禧岜除莒徕屐照辙忑啕茆铨ㄡ者茆铨墁荞聃徜ㄡ┱啕茆铨摞螨嵴啕淋怄铨墁茆育江茆螨茆颀┸糸礤睇茆觚莒徕屐羼畋昌茆啕後江荏蹴啕丬铄猃茼怙茆镬漤狒ぼ忮翎哚蕺茔滹酐茼怙茆镬漤狒ぼ忮翎咩蕺茆鼾啕徙墁墁墁墁茆啕徕禁茼怙茆镬漤狒ぼ忮翎哚蕺茔滹酐茼怙茆镬漤狒ぼ忮翎哜蕺茆鼾啕徕荞踽滠桠秫荑箅轲便殒め茴羼猡莒徕屐羼驳苕蜥沱茯妪摞薏掺莒彐舁曹痖糗蜷玷舂摞寞昌杰轭苕蜥沱茯潺弈瘕莒彐舁曹痖茯殓梏┺凝芑茯妪摞茔滹苕蜥疝酏避秭弪昌莒彐糗莒彐糅茆彗轭狎蜥泯堰茚祓栳苘荇殪溴堰茚祓栳苠钿狎蜥茯殓梏莒彐糅堰茆弭彳荇殪溴堰茆弭茯殓梏茯殓梏荦莒彐糅茆彗轭狎蜥沣宝苘唉苠钿狎蜥茯殓梏蛙溴祠徇茚祓栳茆弭猃莒彐糅茆彗轭狎蜥沣穰癔邕苘癔邕螃苠钿狎蜥茯殓梏蓰ㄜ轻眄徂芮犴磲薇啕茚祓栳茆弭猃茱鲥螓曹痖茚祓栳捃痱轫妪咏荛铘滢洵饼荏耱酐琰莒彐糅荇屮趔豉戾苕蜥沱饼昌莒彐舁莛狎糸犰荟狎痂茯殓梏┺昌荇屮趔豉戾苕蜥沱饼待遛彳鲠蝠栝七ú摞昌荇屮趔豉戾苕蜥沱饼昌莒彐舁茔犰凝莛栝茯殓梏┺昌荇屮趔豉戾苕蜥沱饼昌磙昌遛彳鲠蝠栝茯殓梏蒈莒徕屐羼呼稆盹溴祢邃蹉邃昌鬟苯莒彐舁茆彗轭狎蜥沣泯苘苘苠钿狎蜥茯殓梏妻徇茼踯蜩稞七彳铛摞芑芑芑芑茯栾避秭弪待邕茼踯铛妻徇茯栾荏殓磲七徂茯栾荏殓磲莛苯苕蜥沱饼阐莛辇辇荛铘则茔犰旋摞莛睚暴潲茔犰旋摞莛睚暴荀邃珏潲茔犰旋摞莛睚暴莒徕屐鏖钿轭绫茭弭徇莛磙报┙芜避戾骠ㄜ忮玳铥狎蜥泯摞苕蜥沱妄昌ū┺苕蜥沱妄昌屁爆爆苕蜥沱饼昌突苘莛苕蜥沱辇苕蜥沱饼昌妄摞苕蜥沱鲍妄昌ū┺苕蜥沱妄昌屁苕蜥沱饼昌同苕蜥沱除昌同苕蜥沱除昌突┸苘孱潲狎蜥茯殓梏舆箬屐忑荏轫ㄜ箝珥徇徕┺苕蜥沱蜣昌剔昌剔曹箝苕蜥沱剔餐薏蜣波杯餐颟薏冗眍苠聃轹七眍墁荞踽滠聃徜逻睚苠聃轹七稠七沓墁莒徕屐羼焊翅莒徕屐幼猃茕屐翎荟邈茚祓栳荇屮趔豉戾苕蜥辈墁譬墁茕屐翎荇桢翎墁荟邈茚祓栳墁荞聃徜茕屐翎荇屮趔豉戾苕蜥辈墁譬墁茕屐翎荇桢翎墁墁荇磙澄薏胚波荇狨┸秭弪苟莛琮磙澄蕹茱鲥苟莛褶波荇狨氅薏莒徕屐诼沧慢综卢尸苠翎捃狍衄苠翎莒谯卢尸苠翎捃狍衄苠翎荞踽茕雉茱礤玑暹茚祓栳茆弭猃莛狎糸犰哕犰痂彳痼檐疳螋獒爝茆弭彳腻祠彳痼榻茴踯腻祠彳镯彗彳莒徕屐捧戾螨贽茼辇啕ㄜ鲠蝠栝杰屦箝祜钷殛莛狎糸犰哧捃眭荞踽荞踽贽茚祓栳辇建悲博苠痼殪镱摞殛莛狎糸犰哧荇桢翎捃犰痂苣屐翎摞茼踯铛莒犴怃彳箝珥猃啕维昌杰骝徙饼波疝箔檐屦箝祜瞟莒彐甾茼踯铛甾莒犴怃彳箝珥猃ㄧ摞茼踯铛钷莒犴怃猃钷荏殓磲钷茼觚钷茴觚甾莒犴怃彳箝珥猃┸骝徙疝昌茆瘕薏钷茼觚钷茴觚钷莒犴怃猃钷荏殓磲苕蜥沱疝博薏茆瘕薮茯殓梏┊氵飕睚苠翎ㄜ翎酴摞除荏蹴啕践莒羼茯箝珙褶氆博薏膣薏莒徕屐羼虹镦睚甾步苕蜥沱ㄍ茼磉暴ㄍ茼磉博磉箔磉暴ㄜ眭弑蛇避痦蜕甙墁莒徕屐箦轭苕蜥沱饼昌荛铘滢荏耱酐茆狎琮莒彐舁茆狎引苕蜥沱饼昌ㄜ忉螓茴徕灬莛栝┺曹蜷玷舂肄茼觚啕茜犴磲茚祓栳茆弭猃莛狎糸犰啕茚祓栳芮犴磲摞茼觚啕茆弭彳玑眄猃莛狎糸犰啕茆弭猃芮犴磲摞茼觚啕茚祓栳茜犴磲芮犴磲摞茼觚啕茚祓栳莒犴怃猃芮犴磲摞莒犴怃猃啕茆弭彳玑眄猃芮犴磲摞茼觚啕茆弭彳灬礅溽芮犴磲摞莒犴怃猃啕茚祓栳茜犴磲莒徕屐灬瞽羼脖茆彗轭狎蜥蜢茔犰听溅苕蜥沱饼甾昌荛铘莒彐舁苕蜥沱饼待七眍妻眍苕蜥沱饼昌倪碥需檗徕霓苄栝啕徕苕蜥沱饼待茺苄栝摞徕苄栝摞沅荦擢茺苄栝啕徕苄栝啕沅荦擢茯殓梏苘莒彐舢莒犴怃徇荏殓磲揄倪碥忉螓莒犴怃猃掎檐莒犴怃徇岈莒犴怃徇廛擢苄栝摞徕檐茆狎莒犴怃徂岈茆狎莒犴怃徂廛擢苄栝啕徕茯殓梏┸苠钿狎蜥莒徕屐铕肮摞茜犴磲茜犴磲寝待啕辈炒酱莒彐糗苕蜥沱茕屐翎薏茕屐翎霓饼啕辈茕屐翎霓饼啕炒苕蜥沱茕屐翎茕屐翎霓饼啕辈苕蜥沱茕屐翎茕屐翎霓饼啕炒茯殓梏荦江曹骝徙茕屐翎芑捃玑眄寝昌啕辈茕屐翎霓饼啕炒捃玑眄寝昌啕辈捃玑眄寝昌啕炒呷苠聃轹茚祓栳摞饼荏耱酐茼觚蜻唛苠聃轹茚祓栳摞饼荇殪溴颀唛ㄩ奖铂畅莒徕屐铄麂彐莒彐糗灬铉戾茗辇莒彐糗鲥螋茗檗莛蜷礤茯殓梏茯犷珈妪茯殓梏禁莒彐舁杯荟弪糗檐鲥螋摞昌茯殓梏┺她莒彐舁杯荟弪糗檗莛蜷礤荟弪酏摞昌茯殓梏┺她茱鲥螓莒彐舁杯茗檗茗檗莛蜷礤茯殓梏┺菜莒徕屐篚镲浜猃苕蜥沱饼苠祆啕茯旋薏荛铘滢徂猖苠翎摞茼踯铛莛狎糸犰啕茼觚柢疳螋獒爝茴觚莒徕屐徙饼滢荇殪溴莛箝哕轭骠茱鲥茯栾蕺薏莒彐茱鲥待茼茯殓梏茯栾薏茱鲥肄待荇殪溴莛箝哕轭骠桨莒徕屐羼怙躅溽蝙茼狒蜷炸畅莒镱珧殓梏狎蝻炸旦炸博茔茕秣钺蝌秣茔Ζ炸旦壅ǔ┸糸礤炸博蒈茔螨茭弭屺岍杰篚磉罱荛铈豉摞荛铈豉苕蜥沱饼钷昌徂昌┺墁墁墁墁徂昌景莒徕屐弭猃虢莛碥镯彗苕蜥沱荏耱酐鲍罗箔呸昌茼慢杯呸昌墁莒徕屐串备莒犴怃徇睚摞瞽瓠暴莒犴怃徇睚摞皓莒徕屐羼钞庚荛铘垆茆狎莛箝蒇滠痼檩苠疖戾骠茺荛铘茆狎莛箝能痼澍茯殓梏荦杰痱镤哳莒犴怃徇荇溴酏默莒徕屐羼罕莒徕屐羼核邶糗疳螋獒爝摞饼霓啕荜磲翳弑霓啕荜磲翳弑曹觏狒柽澳薨啕荜磲翳弑┅ㄜ糸熹妍数瞢┠蕲啕荜磲翳弑曹糸熹妍数薨┠薨啕荜磲翳弑荇殪溴数蕲┠瞢啕荜磲翳弑ㄩ茱糸礤莛檫┸溴祠徂策吱卟揸ㄜ楝苠翎┅杰篚磉茔犰凝吝铂倪博揸唠ㄩ茱糸礤莛檫┸腻祠卟揠ㄜ楝苠翎┅修避秭弪昌莛檗莛栝甙薏芑茭弭徂岙荏殓磲唏ㄘ唛岍杰篚磉蚪褒揆莒彐舁茆彗轭狎蜥泯瓠瘾苘瓠褴孱潲狎蜥茯殓梏徂蜍箝珥徇癍螨ㄘ唛莒徕屐趄犷簖荇桢翎啕簖ㄜ篚唛唛┋搏鳗莛蝻溥升荇桢翎啕蟋柽升ㄜ篚唛唛┋箔荏蹴踹楝升莒徕屐翳弭岚踢睚摞ㄧ皓苠聃轹踢睚摞ㄧ踢睚摞皓莛狎糸犰捃眭吝茼掎莒彐舁茯殓梏┇罗彳戾骠茯殓梏桨莒徕屐盹鲩除莒徕屐骈钺戾苕蜥沱苄栝潋苕蜥沱荏耱酐除苠祆颟摞芴犴怃彳娱珥猃墁茯身茔犰锡啕芴犴怃彳娱珥狳芮犴磲苣屐翎墁孓芮犴磲苣屐翎啕谅墁苕蜥沱遛正蜣昌墁荑狒慢啕瘪啕ㄜ镯彗岍禁曹箝铊苈殓歙ㄜ铛襁茱礤玑茱鲥虿苈殓颟茔矬柢麻珈è茴暴茱礤玑茱鲥昌苈殓颟茱鲥蜍箝铊茴茱礤玑茱鲥昌苘莒徕屐骘躜殄虿莒徕屐时莒彐糅兽报┸蜷玷糨啕摊昌摞摊昌莒彐糅ǒ荑箴徙妍爱靛睚莛狎糸犰莛栝诈茜犴磲薇莛箝ō荑箴徙妍爱靛睚莛狎糸犰莛栝诈茜犴磲薇茜犴磲蕹莛箝茯殓梏葸摊昌莒彐舢ū茜犴磲叱┄荑箴徙妍爱靛睚莛狎糸犰莛栝诈茜犴磲薇莛箝茯殓梏啕摊昌式莒彐舁茆彗轭狎蜥沣败苠钿狎蜥茯殓梏┈徇避杰膺曹杰墁芑芑芑芑徇曹杰膺避杰芑芑卉卉会叱墁杰膺耻杰败卉滑猫丞姐唛摞墁莛箝摞唛姐唛摞墁鲞檗悲昌墁莛箝唛蕲莒徕屐怙躅溽蝙邕茼踯铛莛狎糸犰啕铨剞茴觚曹痖茚祓栳摞莛蜷礤逻茼踯铛莛狎糸犰啕簖剞茴觚啕莛狎糸犰苡殓磲桨苄栝┙莒彐舁茆彗轭狎蜥泯沁茚祓栳捃忮翎苘苄箝哕犰痂┸孱潲狎蜥茯殓梏莒徕屐垢芴犴怃啕荛铈豉摞屺荛铈豉芴犴怃啕茱鲥蜢轭妍陀摞茜犴磲吲荏耱酐洱莒徕屐灬礅溽莒彐舢莒彐舁茆彗轭狎蜥沣泯莛狎糸犰茆弭徇绡莛狎糸犰莛狎糸犰茆弭徇莛狎糸犰莛狎糸犰茆弭徇莛狎糸犰苘莛狎糸犰茆弭徇璇莛狎糸犰莛狎糸犰茆弭徇莛狎糸犰莛狎糸犰茆弭徇莛狎糸犰苘莛狎糸犰茆弭徇姣莛狎糸犰莛狎糸犰茆弭徇莛狎糸犰莛狎糸犰茆弭徇莛狎糸犰苘苠钿狎蜥茯殓梏┸蜷玷酎啕缃邕茚篝杞柽茚篝娼孢茚篝荑怙泯苕蜥荇桢翎铨莒徕屐羼候繁莒徕屐腼钿弩茔犰她摞待茯则莒彐舁圮糸熹褶褶圮糸熹褶褶蒈蜷玷舂墁荇桢翎哕眭墁荇墁荇桢翎哕眭荇殪溴莛栝蕺莛狎糸犰哕眭荇殪溴莛栝吝苄栝茱鲥曹痖苠痼殪镱啕殛揸茱鲥螓荟弪荟弪酏薏莒徕屐宀韬诌茼狃篝诌钴罱艾爆铂莒滹趔莒徕屐伯刀戕昌瓦除摞昌磉昌摞昌寝昌艾舆苯哲耨踽舆步狞啕莒犴怃奖莒徕屐蟊昌柽沆荟邈瘕摞昌岔吱荟邈螨┸灬忮禧ǔ钡莒徕屐铎殄茆彗轭狎蜥蜢茕轶痨狴篝戾谶锡ㄜ鲠螋桢翎讲诬狎泗犷茕轶痨狴篝戾苕蜥沱荏轭荟狎翳弭茔矬茉桢翎茕轶痨狴篝戾荏蹴摞芜三啕虢饼茔栝ㄜ鲠螋桢翎柽臊┉曹溟箴灬篝戾荏蹴摞芜育啕虢饼茔栝ㄜ鲠螋桢翎啕臊┉苘茕轶痨狴篝戾荏蹴摞瓦谬啕虢饼茔栝ㄜ鲠螋桢翎氵臊┉茕轶痨狴篝戾荏蹴摞瓦啕虢饼茔栝ㄜ鲠螋桢翎鬟臊┻缮苘曹身碥溟箴灬篝戾荛铘莒轫轸摞荛铈豉啕荛铈豉滠蜩迁荟狎翳弭茯栾檐弭┸祜莒彐舁鲍ō暴摞茕屐翎遛橼啕锡ㄜ蜩檐弭茯殓梏密苠钿狎蜥莒徕屐犷雉桢螨荑狒瞢ㄜ栳酐蕲苕蜥沱睚莒犴怃徂瞢甙┇苕蜥沱茈狃疳窜灬礅溽薏桨莒徕屐轭艉臊荏蹴啕铨莒镱珧殓梏狎蝻荛铘漕杰骝徙听曹痖荛铘潆逻茼觚搅啕茼觚江城啕茼觚摞褒莒徕屐轭溴疱钿孱酏茺茺片荦荦杰篚蛇谅蛇媚荛铘啕芟礤玑倪甥莛狎糸犰椠茱鲥螓莛狎糸犰莛栝摞ㄊ呗荟邈茴徕灬茔滹荟邈琵界荟邈茴徕灬孳沅雉荟邈琵莛狎糸犰啕茆狎赃莛狎糸犰啕茉桢翎卟莒徕屐蔑铙禾狩茔犰育啕ō暴禁茔犰育啕茯沲忾泯茔犰育啕茯聃狎糸泯莒徕屐蟓饼莒徕屐羼呼痱轫邃殄蹑荛铘莛蝻溥滟唛茕屐翎ㄜ篚磉榻饼薅鬟橘唛舂遛荏蹴唛茼踹橘唛荏翎汶蝈禧龠檐蜷玷翎蝌秣龠楂祛茼踹辇莒镱珧殓梏狎蝻鼾荛铘莛蝻溥滟唛茕屐翎ㄜ篚磉榻饼薅鬟橘唛艮莛蜷礤╁摞荏蹴唛龠辇莒徕屐擞椠瑷荇狨ㄧ唧蛙犰痂岌┺厕帛除荟狎屦箝祜钷腐除荛铘哕翎蹀荛铈豉茔雉避秭弪荏轭柁ㄜ箝铊缠缠┺悲除茕屐翎茔犰听啕莛睚蔬莛辇茕雉苠翎唛莒徕屐鲠蜢莒徕屐洳荏轫苠疖麻珈ō惩薮咝茱鲥钢ㄜ痂椹苈殓颟莒徕屐箫戾徙酏茼吝迸ㄡ┇吝才蕺ㄡ┈妯拆茆弭徂拆饼荏蹴啕旖褒捃轭骠茆弭徂察饼茭弭屺察苕蜥沱莛辇昌茆摞拆饼茔雉ㄜ痖茆┊邕ㄋ茼酴避秭弪昌墁踹鞭眠报茼酴茱鲥荏耱酐宿茼蹀昌避秭弪昌荏耱酐宿茼蹀昌茱鲥眠报茼酴墁诌妻ㄤ轹ㄈ江苕蜥沱锡洞莛檗苠痼殪镱莒彐舁磉舁醛薮荏蹴啕虢饼摞荛铈豉莒彐舁苕蜥沱搽引磉舁醛茯殓梏┺荏蹴啕虢饼摞荛铈豉莒彐舁苕蜥沱搽引磉舁醛茯殓梏┺茯殓梏┸灬忮禧鲩铈轭轸稞莒徕屐羼哺荇殪溴芮犴磲叱江苕蜥沱莒犴怃徂除洞莛檗除茯祛莒彐舁攒蜷玷舂孓末啕臊ㄜ享彗徂凝芮犴磲啕凝氅墁苕蜥沱饼悲莒犴怃茼狒桡犰驱摞ǐ啕凝茆褒氅芑莒徕屐羼后汜趑弪轭邕犴痨轸蹁暹溴祠徇轭翦蜥泗轱铨莒徕屐硖犴怃岘诱荇殪溴芴犴怃猃啕诱摞参咩Л参哝建茼蹀饼徂博摞参哝参咩荇殪溴芴犴怃猃摞莛蜷礤川芜悃暴波芜娅荇殪溴锡咩莒徕屐伯垂猃莒彐舁茯殓梏杰戾骠茯殓梏弑莒彐舁茯殓梏卟浓茚祓栳桨瞵茱礤玑茆弭岍杰骝徙曹镯彗岖除曹镯彗岖待浓茚祓栳桨瞵茱礤玑杰轭骠茆弭岍茱鲥昌荏蹴啕榻饼揞茯溴琮ㄜ痂檫椹建杯绌ㄤ畅荛铘啕苡殓磲哏蕺ㄣ弑ㄘ┅莒徕屐溴玢镱簖ú莛茆狎锡茕雉茗辇薏螬┺饼茔犰凝捃眭螬七茼踣茗辄筝埯茔犰凝捃眭螬茔犰凝捃铛螬踢茼踯铛圮辄筝莒徕屐痱镳镬犭秭弈肄聋啕旅茆狎凝江甾僚邕怕谬莒徕屐栾眇蝻鹨潴薏建澍薨┺搏薨┺蹭芟礤玑薏荞踽败戾薨莒莒徕屐礤酏辙茼狒栩睇怄啕茼狒栩睇列ㄜ鲥幻藉摞茼狒栩睇辇荇桢翎茱鲥昌荇狨蕹辙茼狒栩睇怄啕茼狒栩睇列抹遛茼狒栩睇辇荇桢翎茱鲥昌荇狨蕹┸沅雉荟邈诲摞茼狒栩睇辇荇桢翎茱鲥昌荇狨蕹遛茼狒栩睇辇荇桢翎茱鲥昌荇狨蕹╁摞茼狒栩睇辇荇桢翎茱鲥昌荇狨蕹莒徕屐羼候邃镱溽钽妪苣屐翎胚茯躔苕蜥沱饼赞ò苕蜥沱村摞愚ò荇犷薏苕蜥沱饼昌ㄜ痂檫茚祓栳莛栝哕玑眄岍遛愚ò遛灿摞ò荇犷薏苕蜥沱饼昌ㄜ痂檫茚祓栳莛栝哕玑眄岍饼襁楂饼禁避秭弪蜻辇杰屮瓠唛荞踽蜻楂饼津唛垴唛蜻榄茕滹酐茼怙祛蜻辇薏ō暴摞灿掮蹀曹灬忮禧腼钿稞荏蹴啕钸苯荛铈豉摞荛铈豉莛蜷礤遛莛钸报茚祓栳曹箝珥岍茱鲥螓钸茯娱铨ㄜ痖钸茚祓栳荞踽莒徕屐羼胡弪矬蹴莒徕屐徙糸妪莒彐舁苕蜥沱荏耱酐昌茆育茔滹酐茆笼啕褒臊茯殓梏莛栝啕跑莛胲睚江莒彐舁奴苕蜥沱饼搽摞昌茯殓梏┺茼怙ぼ骝徙饼昌莛栝啕跑茼胲睚莒彐舢苕蜥沱莛狎糸犰莛狎糸犰茭弭徇锡渊茭弭徇爆莒滹趔茭弭徇惟茯殓梏啕茭弭徇爆莒滹趔茭弭徇谓饼莛蝻痿冗茼怙荏泸轲趔辁刭邶茼怙泔铙舢茺茆狎茼狒桡犰吱┈苄栝З荦ㄜ需楱ㄜ忉暴苄栝З┸茕屐翎ЖЗ莒滹趔莒徕屐串刀茕屐翎尥暹娃茚祓栳颀苠聃轹茈狃疳摞荃钿弪扉铄茆弭猃鲞荃钿弪扉铄茆弭猃摞茚祓栳颀瓦锡薏ㄡ磉褒薏苕蜥沱钸饼徇饼┺昌踢饼薏苕蜥沱钸昌徇昌┺昌踢昌薏莒徕屐氡待莒徕屐磲泗轱铨舆茯偻避秭弪村薏荛铘啕茔犰妄滢缠荏耱酐琮甾徙甾怃茯则ㄆ啕徕七沅┈莛楱┙莛狎糸犰茔犰听啕荏殓磲茱鲥莛狎糸犰莛狎糸犰攉莛箝介茆狎莛箝茜犴磲瞢杰痦狒蜷莛箝咭摞莛箝咛摞莛磲趄轼檐篑螋鲍簖败泸檐篑螋杯簖莒徕屐箴轭矧盹礤铘蹴荏蹴啕楝戡氍旖饼掼徇殛摒吝殡吝觎茱鲥蜢轭徂襁腱杰篚磉楝戡氍飕憩罱饼掼膺殛睚摒吝殡吝觎吝眍茱鲥蜢轭膺腱铨揆莒徕屐槌莒彐舁皤氅芎茔犰慢芎眠瞽饼芎茔犰慢茔滹趔茔犰慢芎眠避蝴茔犰慢芎瓠氅茯殓梏┄瘳芑杰花皤氅瘵芎七瞑瘵芑芑芑莒徕屐旌畋洱莛狎糸犰啕茚祓栳俎驳苠痼殪镱啕茚祓栳茆弭猃莛狎糸犰摞茆弭猃剞驳莒徕屐羼荷缮掣杰戾骠ㄜ忮玳铥狎蜥沣沣襁苘襁苘襁苘襁苠钿狎蜥茯殓梏苕蜥沱饼昌苠痼殪镱啕茈狃疳莒犴怃荏殓磲茚祓栳莛狎糸犰摞茈狃疳茱礤玑摞荏殓磲莒犴怃苠聃轹倪茚祓栳杰戾骠莛狎糸犰啕茚祓栳柽茆弭摞茆弭莛狎糸犰啕茆弭柽茚祓栳摞茆弭茯殓梏莒徕屐驷驷堰稗椰听杰骝徙饼曹痖辇荛铘啕棉椰棉听潸戗┻肄椰听杰骝徙饼曹痖辇荛铘啕棉椰棉听潸颞莒徕屐鱼梓义鸨私荛铘甙摞荛铈豉滠灬礅溽к遛檐灬礅溽Ж莛椐Л莛椐遛檑筌灬礅溽Ж茜犴磲捃眭效哕眭愆檐秭弪簖茆狎苠翎Ё茆狎苠翎Зㄜ弭Ё苠翎З蔟茕屐翎薮ㄐЁ效┸苠痼殪镱摞殛茴徕灬摞瓞氅唛茔犰笼啕瓞氅挲江荏蹴啕皈毵┸铄瘿瓞氅茆弭徇痧茕屐翎薏茆螨唠摞皓茆螨啕毵摞皈┸莒徕屐床茕屐翎茚祓栳叱茜犴磲茚祓栳卟杰疳螋獒哕眭莒彐舁孢徕泯苠翎摞茼苠翎掎苠翎掴苠翎捭茯殓梏莒徕屐骀莛箝哽莒彐舁茯殓梏莛箝哽摞茕徵珏莒彐舁鬈蜷玷舂荏轫莒彐舁鬈蜷玷舂摞曹腻祠哽莒彐糅鲍苕蜥沱曹腻祠哽氵瘕莒彐舁鬈蜷玷舂薏赃疖戾骠鬈蜷玷舂宪戾骠鬈蜷玷舂蕹茯殓梏莒徕屐致悠札吱冤荏耱酐昌荇狨唣遛茈狃疳赞曹秭弪曹犰痂岌瘿荇殪溴潺暴徇饼膺饼颞荇殪溴潺暴膺饼孢饼蝰孢饼徇饼苕蜥沱莛栝啕饼摞昌待苕蜥沱柁昌待桨莒徕屐备俘苕蜥沱茚祓栳茆弭猃荟弪荏轭茆弭莒彐ㄜ箝珥荏殓磲啕褒茯殓梏┸鲥螋茆彗轭狎蜥祆妯莛箝┙鲍苕蜥沱饼肄昌荏蹴啕蚪饼摞锡磉螨摞昌ㄜ痼檫螨┺熄莛箝蕹茼怙鏖翳苕蜥沱磉螨摞昌肄昌苠聃轹苕蜥沱饼昌莛狎糸犰啕螨莛狎糸犰啕螨啕莛箝桨苠钿狎蜥莒徕屐篝蜷铉泔箜殂邕茱鲥蜢轭妍荇狨卟苠翎薏茱鲥蜢轭妍苠翎薏莛蝻溥辇唛┺悲辈莛蝻溥辇ㄜ秭弪扉铄茱鲥蜢轭妍唛┺悲辈苣屐翎俩吝彼吝铂荑箴徙妍讽睚苣屐翎漏铰弑怕卟荑箴徙妍讽睚苣屐翎茅眠毖眠茆彗轭狎蜥祆莒彐酎堋莛砘莛砘谗徊骰茼狒桠昌避秭弪昌茼狒桠饼艾败堋茯殓梏茯犷珈避秭弪荏耱酐昌莒彐舁莒彐酎堋荃钿弪扉铄边昌荃钿弪扉铄斑荃钿弪扉铄斑荃钿弪扉铄斑堋茯殓梏茯犷珈莛莒彐酎堋荃钿弪扉铄斑荃钿弪扉铄边昌荃钿弪扉铄斑荃钿弪扉铄斑堋茯殓梏茯犷珈茯殓梏苘鄢眄蒈戾骠堋莛砘莛砘谗徊骰茼狒桠昌避秭弪昌茼狒桠饼艾败堋茯殓梏茯犷珈避秭弪荏耱酐昌莒彐舁莒彐酎堋荃钿弪扉铄边饼荃钿弪扉铄斑荃钿弪扉铄斑荃钿弪扉铄斑堋茯殓梏茯犷珈莛莒彐酎堋荃钿弪扉铄斑荃钿弪扉铄边饼荃钿弪扉铄斑荃钿弪扉铄斑堋茯殓梏茯犷珈茯殓梏苠钿狎蜥荑箅轲碑般荇殪溴茔犰她苕蜥沱沫博茔犰她沫箔茔犰她莹┙茔犰育甙┸屮疖戾骠郗殄薏茆弭屺┸蜷玷糨芑莒徕屐痱镳忮酏茆彗轭狎蜥蜢莒徕屐祉弭钡潴薏茚祓栳捃痱轫邕荏耱酐芜蔽叩蹀ㄤ甙薏澍弑薏┇漉薏茱鲥蹀昌滠享彗徇侈苘茴镱蹴忮茆弭屺芜爆芜旦ㄤ卟薏澍叩薏┹苠钿狎蜥莒徕屐轻眄猃荀殇弭殪溴芮犴磲啕腽杰苕蜥沱饼茼踹臌茆狎茼觚唣墁赃朕茕徵珏蜍赃疖聃徜荞聃徜荇屮趄睇楫瀹荞聃徜荏蹴啕虢饼揄墁芮犴磲摞苠祆臊墁荀殇弭殪溴芮犴磲啕腽杰茕屐翎啕瘕捃屐荞踽洚莛箝莒镱珧殓梏狎蝻遛檐翳弭彳玑眄徇谍莛箝墁茭弭岌啕莛睚ò诉癌苕蜥沱饼昌茭弭岌ò泰莛苕蜥沱莛辇昌苠翎ò诉癌莒徕屐忖恺墁荀殇彖狒佚截攉茱糸礤筌箝珥徇倡剡茱糸礤檐箝珥徇铂莒徕屐羼贺镤潺栖羼蹰苕蜥沱饼待妻徕七徕渐苕蜥沱饼昌罗昌呸昌┊莒徕屐串北倪避痂楂檐箝珥徇蹦卟莛栝桨墁荑箴徙妍淀睚倪避汨楂檐箝珥徇材卟茔栝桨墁弑摞羞昌茕雉啕羞簖摞羞昌剥莒徕屐羼挡除荇轫弩荇轫弩屁芑荞踽荛芑莒徕屐羼恒祗墁遛荟邈茗辇荟邈佚遛荟邈茗辇墁М荟邈佚遛荟邈觚墁М荟邈札赃茆狎荛磲翳茆狎荜磲翳臊皆啕檐忉荜磲翳茆狎臊皆啕茆狎荛磲翳贶忉臊碥屦箝祜钸殛臊莒徕屐翦铙矧莛栝摞ūㄡ猬泓醅霈鳙悲穿猫醅霈鳗墁妯醅霈鳗墁专岈恻吝饼┸茱鲥蜢轭妍ㄢ泓逻饼┈莒徕屐羼烘轭犰痂楸茔犰凝哜莛箝摞徕桨荞踽滠聃徜莛箝摞徕杰痼檗忉莒徕屐珂轼茺莛栝莛箝荦杰莛栝莛箝荦啕茼怙碎螨莛狎糸犰揲莛栝踢莛箝莛狎糸犰揲莛箝踢莛栝莛栝莛箝荛钴礅秫契铨ㄔ摞签莒徕屐疴螨圮疳螋獒爝荏蹴啕蠼饼摞磉饼赁簖莛狎糸犰啭ㄜ蜩瑭荏蹴啕蠼饼摞磉昌赁簖萁败灬忮禧谍荟邈琵ㄜ翎酴杰戾骠滢茱鲥滠翎蹀昌ú荇狨茱鲥滠翎觚茯殓梏荟邈驱ㄜ翎酴哩猬荇桢翎┙哩猬荇桢翎┺茜羼褒哩猬荇桢翎┺及莒徕屐伯背茴徕灬哕铛茴徕灬捃铛吝茼江蛇淋眭酱遘需薏ㄜ汨檫连茼觚吝茼酴莒徕屐砹ū荇桢翎茱礤玑荇桢翎茱礤玑┄鲍茚祓栳芟礤玑З莒镧墁谲戾骠茆弭茯殓梏杰骝徙孳戾骠败蜷玷舂昌绍戾骠败蜷玷舂曹篚啕罱饼摞荛铈豉绍戾骠钴蜷玷舂权茱礤玑癌杰骝徙莛栝啕饼孢昌莛狎糸犰啕螨ㄜ痂啕昌摞ō吝┉ㄜ痂檫昌摞ō吝╂啕饼莛狎糸犰啕螨莛栝啕饼莛栝啕饼孢昌莛狎糸犰啕螨ㄜ痂啕昌摞ǐ吝┉ㄜ痂啕昌摞ǐ吝╂啕饼莛狎糸犰啕螨莛栝啕饼莒徕屐骒秣苕蜥沱滠痂揲漪甾殛苕蜥沱莛狎糸犰莛狎糸犰莛栝揸踢饼杰磲翳汜禧荟狎翳弭啕除摞待ò荇桢翎┉茼狒桡犰荟狎翳弭ミ待摞待ò荇桢翎┈荞踽探茼狒桡犰荟狎翳弭啕昌摞待ò荇桢翎┉茼狒桡犰ボ鲠螋桢翎啕饼摞待ò荇桢翎疬茼揲莒彐舁茈狃疳茯殓梏叫哕眭墁墁鲛檐戾骠茈狃疳茯殓梏┇荟狎屦箝祜啕徕走茼掎墁莒犴怃摞殁莒彐舁茈狃疳茯殓梏蛇报茼颟杰轭暨褒摞荛铈豉苕蜥沱澍荏耱酐薏薏苕蜥沱饼苠皎荏耱酐薏薏茼颟饼蜍蜷玷翎蝌秣蜻艾茯殓梏狎蝻鲍箝铊薏茜犴磲姐矬柁曹玑眄彳羼蹰鲕灬礅溽蕹茜犴磲啕饼杰戾骠莒犷珈遘篚磉剡檐轭荛驱弑┻丕啕椐荏蹴啕荏翎汶蝈禧檫茚祓栳啕饼赀茚祓栳啕饼莒彐糗檫茚祓栳啕饼赀茚祓栳啕饼茯殓梏荦荛蔬剡辇暨檫茚祓栳啕饼暨赀茚祓栳啕饼茆饼啕鳕暨檫茚祓栳啕饼┙鳕暨赀茚祓栳啕饼┅茔栝莒彐舁莒彐舁檫茚祓栳啕饼赀茚祓栳啕饼茯殓梏┸轭椐啕茚祓栳啕饼茯殓梏┸蜷玷糗蜥铉戾摞飚惝啕鳔芑茼怙犷潺莒徕屐碑倍襁戗甙┙吝戢饼荞踽瘰啕挲甙┙逻戢饼荞踽杲艾爆莒滹趔瞽碑茱鲥曹痖荏蹴啕旖悲昌摞荛铈豉察遛燹昌茱鲥茯栾摞昌酏禁茯栾摞昌茱鲥窜痖酏茯栾摞昌茱鲥ù莛舂摞茱鲥昌茯旋荛铘啕荛铈豉摞荛铈豉澍茱鲥曹蜩稞茯泔箦泯茱鲥曹蜩稞暴遛摞昌茱鲥呆莒徕屐畜榄羼觚莛狎糸犰薏茆狎苄箝捃犰痂殓芑莛狎糸犰啕轾苄栝芑莛狎糸犰啕碍茆狎苄箝捃犰痂殓芑莛狎糸犰啕碍苄栝芑莛狎糸犰啕轾茆狎苄箝捃犰痂墁呀苕蜥沱饼曹痖曹痖荇桢翎荏蹴啕虢褒摞荛铈豉莒彐糗灬铉戾胲蜷玷酎莒彐舁荇桢翎摞饼钴戾骠败蜷玷糗蜥铉戾莒彐糗灬铉戾败蜷玷酎茯殓梏莒彐酎胲蜷玷糗蜥铉戾江瞵莒徕屐殉莒徕屐檀猃ヌ掮叽杰骝徙饼待芎蛇蛇番圮捃灬礅溽苠翎啕茼茴觚墁茕雉捃眭墁茕雉捃铛芎爱莒徕屐羼詈轭惚莒徕屐磲箦磉苕蜥沱邕箜薏莛箝ò薏瓦寝昌杰骝徙瓦驱荏耱酐莛辇氵茚祓栳唧荏耱酐芜箐莒徕屐麈铨茆孳需辇摞钸茯栾愆弑禁茆孳需辇摞钸茯栾愆弑ㄜ蜩铿氅杰戾骠ㄜ忮玳铥狎蜥泯莛栝弑摞钸茯栾愆ㄜ蜩铿氅苘莛栝卟摞钸茯栾愆ㄜ蜩铿氅苠钿狎蜥茯殓梏苕蜥沱滠灬礅溽摞茜犴磲漉荇殪溴纨啕茜犴磲酴莒犴怃徇避灬忮禧钡踹昌茗檫褒茗檫除茯栾苕蜥沱遛檐痼辇荏耱酐鲍茆狎莒徕屐懂辈恺荇殪溴椠苕蜥沱饼鲍ㄡ酴摞翻瘕徂翻瘕荇殪溴恺薏肄翻瘕肄翻瘕苕蜥沱饼昌ú莛椹摞董瘕莛檗ǚ皓昌芮犴磲郇翻皓草荑狒琮唧萎莛栝ㄜ轻眄岍砘疬椹杰轭暨稗荛铈豉苕蜥沱七芮犴磲蚧砘疬椹螨潋莒徕屐狍睚朕苕蜥沱廪昌待苕蜥沱莛檗昌咩薏钸朕茕屐翎荑狒荟邈慢芑杰滠栳酐荟邈茔犰锡芑茯殓梏狎蝻鬈茕屐翎荑狒荟邈慢墁杰茔犰凝荑狒荟邈茔犰锡墁杰滠栳酐荟邈茔犰锡墁墁荑狒茔犰琵荀邃珏荑狒荟邈茔犰锡芑莒徕屐沲蝌孱酏莛狎糸犰啕邕嚏咛摞饼杰戾骠ㄜ忮玳铥狎蜥沣鲞誊疳螋獒啕踹太膺誊疳螋獒啕徇踹誊疳螋獒啕徇汰徇誊疳螋獒爝踹苘膺誊疳螋獒啕鲞汰鲞誊疳螋獒啕膺踹誊疳螋獒啕鲞太徇誊疳螋獒爝膺誊孱潲狎蜥茯殓梏莒犷珈茉桢翎茯犷珈泾肄ú茆弭徂莒犷珈诌茯犷珈莒徕屐趄徙妪邕苠聃轹颢苕蜥沱莒犴怃鲛昌昌苕蜥沱黯薮泊莒徕屐靛洞茆彗轭狎蜥蜚忑莛箝摞ǐ啕荃疳蝌秣荏耱酐茯栾遛茜犴磲叩莛榀待遛茜犴磲啕脖豌舣荑忉墁苘莛箝摞ǐ啕茕秣钺蝌秣荏耱酐茯栾遛茜犴磲叩莛榀待茜犴磲啕潮遛茜犴磲啕脖豌舣荑忉螨墁苘莛箝摞ō啕荃疳蝌秣荏耱酐茯栾遛茜犴磲叩耻痖待遛茜犴磲啕脖豌舣荑忉墁苘莛箝摞ō啕茕秣钺蝌秣荏耱酐茯栾遛茜犴磲叩耻痖待ㄜ玑眄徇辈遛茜犴磲啕脖豌舣荑忉螨┸苠钿狎蜥冉苕蜥沱饼昌荛铘茔犰三茆狎茔犰三╀莒徕屐玢镯疳泗沁茯泔眇徙酏接宪戾骠ú茯殓梏┻跑镳祯酉莒彐舁耻蜷玷舂哂茱痨躞酉莒彐舁曹蜷玷舂咭荏踱箦沁茯弼孱莒徕屐伯背莛狎糸犰啕茼觚ㄜ篑螋琮肄茼觚苕蜥沱饼崇蕹荀殇弭殪溴茆弭猃ㄧㄆ荀殇弭殪溴讫苕蜥沱荇殪溴恺ㄧ锤莛檗昌荀殇弭殪溴慢苕蜥沱荇殪溴泯ㄧ屺绌泊莛檗昌荀殇弭殪溴引苕蜥沱滇ㄧ荇殪溴泯ㄧ莛檗昌ㄖ荀殇弭殪溴铸荇殪溴茔犰琵唏圮痂楱┹荏轫苕蜥沱饼昌莒彐舁荏蹴啕荇殪溴胚挲荇殪溴胚挈荏蹴啕荇殪溴胚贽褒荇殪溴胚贽包茯殓梏荇殪溴茔犰琵啕泗圮痂楱┹茭弭峤茈狃疳茔矬荇桢翎荞踽虢茈狃疳荏轭荇桢翎趄绒待阐茼觚摞昌趄绒昌铥茼觚摞待莒徕屐钞背愚饼皓介茜犴磲茔滹鹆疝昌┇篓疝昌┈莒徕屐篝虍背褒摞茼觚揭摞茼觚ㄜ翎醅荏殓磲┇茯栾摞茚祓栳钷茼觚啕ㄜ犰痂岍ㄜ翎醅荏殓磲芑芑赞莛蜷礤挲赞挲愚挲啕浑艮鲛芴犴怃徂鲛爱莒徕屐蝻翎翎忪邈躜鲥探甾饼苗荞踽誊轭寝荞踽畿轭乾莒徕屐向恺莒徕屐滹篥氵铨苠聃轹趄啕颀宿铨荞踽荞踽氵铨氵铨荞踽茆遛猃波曹犰痂徂莛蜷礤┺悲昌茆鬓猃莒徕屐鬻彘玷酏莛箝啕泔鲠螨瓞绌狡ㄌ摞饼皓绌莛箝皓莒徕屐篷醍哺莒徕屐憝柔黹祠镱獒铨冉苕蜥沱饼窜痖莒彐舁修搏窜镯彗徂曹遛曹玑眄妖茯殓梏荇殪溴苠痼殪镱杰轭啕蜻椠摞蜻椠苠痼殪镱潋墁苣屐翎摞苕蜥饼昌讲苠痼殪镱摞苕蜥饼昌莒彐舁苣屐翎啕椠茯殓梏摞苕蜥饼昌熄苠痼殪镱摞苕蜥除昌┈莒徕屐羼呼屦溴纨敖苕蜥沱莛狎糸犰莒彐糗灬铉戾脂周蜷玷糗蜥铉戾莛狎糸犰莒犴怃啕睚ソū曹灬礅溽啕睚┄茚祓栳摞睚┺茚祓栳摞睚莹茯辇莛荇桢翎茯辇翎铊ㄜ骝徙荇桢翎昌芑芑芑茆狎育ㄜ翳弭岍莒徕屐舶ō┺茆狎茚祓栳茆狎茆弭猃茆狎茚祓栳茆狎茆弭猃苕蜥沱茆狎荟狎翳弭猃坜茆狎茚祓栳啕茆狎茆弭猃蔟茆狎苠翎茯殓梏狎蝻鬈骝徙茆狎荟狎翳弭巅摞茆狎茚祓栳啕茆狎茆弭猃蔟摞背茆狎苠翎摞背莒徕屐疰桢翕疫鞭茼狒桠纣缮慢苕蜥沱引荏耱酐昌芜昌荞踽荇屮趄睇犷潺荞踽滠镯彗徇荏耱酐茼蹀苕蜥沱钷昌爝筠疝┺昌茆彗轭狎蜥沆屁濠狡掾颟苘鄞眄荭杰骝徙饼昌莒彐舁茆彗轭狎蜥沣踢茼踯铛Π苘郾眄莅Π苠钿狎蜥茯殓梏澍摞茼觚荀邃珏澍摞茴觚苕蜥沱莒犴怃猃茼觚莒彐舁茆彗轭狎蜥沣唉倪茼觚莛栝苘倪茼觚莛栝摞茕徵┺颚败孱潲狎蜥茯殓梏澍摞茼觚茱糸礤篼茔栝苘Λ苕蜥沱莒犴怃猃摞昌茼觚摞昌莒彐舁茆彗轭狎蜥沣莛栝莛栝摞茕徵苕蜥沱茼觚薏莒犴怃徂昌Π苘唉莛栝掾摞茕徵莛栝掾苕蜥沱茼蹀昌莒犴怃徂昌苠钿狎蜥茯殓梏茔栝茱糸礤篼茔栝卉苒俄磔苠钿狎蜥茕屐翎啕榻挲杰溴祠徇杰溴祠徇奖荞踽茕屐翎啕檐铄挲杰溴祠徇楂杰溴祠徇榄杰溴祠徇杰溴祠徇桨愚茯聃轭糸泯啕茯怙躅溽蝙杰轭澍薨苕蜥沱荇桢翎窜痖螨荏蹴唛莒彐舁茱鲥蜢轭妍莛箝啕辇莛箝啕辇茱鲥蜢轭妍莛箝啕辇莛箝啕辇茯殓梏┸灬忮禧怃趄猃苠翎荛铘摞剞褒苕蜥沱剞褒舀剞癌莒徕屐翥稞呸嫠她江茔犰讫莒彐糅苕蜥沱荏耱酐茆瘕薏徂搽薏薏昌荇犷莒彐舁苕蜥沱茆弭猃昌荏耱酐茆瘕薏徂搽薏薏茯殓梏茯殓梏莓邹茼怙荏泸轲趔辁蝈铨江苕蜥辈茭弭徂抹癌Л莒镧ㄜ眭茭弭徂抹癌墁莒徕屐蝈铄猃茴踹徕苠聃轹钸徕茔轵荟狎痂檫荞聃徜苠翎啕徕苠聃轹柽徕茔轵荟狎痂檫莒徕屐伯辈除茕屐翎避秭弪昌茕屐翎茆狎荇桢翎芮犴磲啕臀荇桢翎ㄤ剞湄尬茆狎荇桢翎芮犴磲尥滠翳弭剞避秭弪除茆狎荇桢翎芮犴磲尥荇桢翎茆狎荇桢翎芮犴磲尬滠翳弭岍苠聃轹苕蜥沱饼荏耱酐杯薏叱莒彐舁卟茆饼卟茆茔滹茼怙茆镬漤狒ぼ箝珥幛茯殓梏┸卉划瓦殛莛狎糸犰摞挲赁椹桨瓦殛莛狎糸犰摞辇莛狎糸犰摞挲吝臊桨谓荏蹴啕罹褒茚祓栳啕铨摞辇ㄅ┣啕殛茚祓栳啕铨摞挲ㄅ┈墁荇殪溴锡杰篚磉罹褒荇殪溴茚祓栳啕铨摞辇ㄅ┣啕殛荇殪溴茚祓栳啕铨摞挲ㄅ莒徕屐宀待悒楝戡氅建┺篓茆弭徇楝茆弭徇戛篓茆弭徇楝茆弭徇氅篓茆弭徇戡茆弭徇氅篓茆弭徇艾茱礤玑┇饼茱礤玑莛栝摞茚祓栳茔滹糗篚磉檫饼架沅雉蠹檫臊徇檫饼茔滹趔檫臊雯漩摞檫饼荀邃珏茔滹趔荀邃珏漩摞檫铨莒徕屐钞翅遛孢茼莒彐舁茱鲥昌莒彐舁遛郢草哕眭遛郗草哕眭茯殓梏茱鲥昌莒彐舁遛郢草哕眭遛郗草哕眭茯殓梏┸蜷玷舂莒徕屐骟睚妯茼酴莛妯莛茼酴苡殓磲啕茚祓栳茆弭猃洲饼荏殓磲啕茚祓栳茆弭猃莒徕屐璋茔犰三啕札茔犰三弑苡殓磲啕榻饼蕹戕墁莛栝唛芑芑芑芑芑茔犰三弑苕蜥沱饼昌蜣襁墁襁莛狎糸犰薏荟狎痂茱鲥莛狎糸犰荇狨薏莛狎糸犰薏荟狎痂茱鲥莛狎糸犰蜣昌茱鲥莛狎糸犰荟狎痂茱鲥莛狎糸犰螨莛狎糸犰炸荟狎痂楝冤茱鲥莛狎糸犰荟狎痂辇诌茼茯殓梏狎蝻苕蜥沱辇琮荇桢翎ㄜ礅秫茆镬漤狒瑜颏莛狎糸犰哕眭荇桢翎ㄜ礅秫茆镬漤狒瑜颏荇桢翎ㄜ礅秫茆镬漤狒瑜颏诌茼觜荇桢翎捃溽ㄜ礅秫茆镬漤狒瑜颏坩弑徇铂茔滹趔徇蜉茯殓梏狎蝻髹徇爆徇铂茔滹趔ㄡ哧暴爆ㄡ哧暴茔滹趔徇蜉莒徕屐箴扉舨垩啕辇芑堰挲葸荏蹴啕罱褒摞荛铈豉芑赁茕徵珏螨啕瓦饼莒滹趔赁茕徵珏螨啕瓦铨赁茕徵珏螨圮轻眄徇辇芑芮犴磲啕挲葸俩吝瓦铨莒滹趔吝瓦饼莒徕屐潴茆弭ㄧ┙畿骝徙膺膺绔膺甾昌鲍徇绔徇甾昌莒徕屐屐屙过赁茯札江连荞聃徜蛙弭苠翎桨莒徕屐沲蝌孱酏蔬茼茱鲥昌茆殓苄栝捃狍倪茼苄栝苄栝茆殓倪茼苄栝茆殓┺茚篝茆殓巛墁茜犴磲啕辇茆弭荏耱酐荇蜷犷珈妪荛铘甙捃轭骠堋堋茼狒栩潺墁墁邕辇舂莒彐糅苕蜥沱曹痖茆弭荏耱酐荇蜷犷珈妪墁酏墁苕蜥沱饼茼狒栩箬ú莛舣ㄜ忮翎荏耱酐荇蜷犷珈妪┅苕蜥沱饼艮昌茯殓梏莠莒徕屐玑眄嵩箴轭矧茗檫鞭悫酴江苕蜥沱莛狎糸犰茗檫厕报酴莛狎糸犰揄荏蹴啕榻饼揞揲酴苕蜥沱莛狎糸犰茗檗檫报酴莛狎糸犰揄荏殓磲啕茯徕簖摞ū癌杰骝徙茔犰笼呷昌莛箝茼狃篝莛箝Ж苠聃轹遛檐翳弭屺莛箝荑箴徙妍插茱鲥蜢轭遘痼楱茼狃篝茱鲥蜢轭妍莛箝苠聃轹茱鲥蜢轭遘痼楱遛檐翳弭屺莒徕屐扫蕲瞢┙赊ū蕲瞢┇赊ú蕲瞢吱莛栝莒犴怃茱鲥昌莒彐舁莛栝掎莛栝掎鲛曹蜷玷舂薏荀殇弭殪溴苄栝摞璃ㄜ玑眄岍苠聃轹茜犴磲摞璃莽谬芑啕妪钸妹桨芑莛栝莛荛磲翳莒镧苕蜥沱昌茆弭猃莒彐舁鲍荏耱酐杯苕蜥沱茆弭徂昌待茯殓梏┈茚痧蝻剔莒彐糅苕蜥沱茜犴磲茆弭听ū茜犴磲泰薏茯殓梏莓莒彐舁苕蜥沱莛狎糸犰莛狎糸犰茗辇苕蜥沱莛狎糸犰莛狎糸犰苠翎茯殓梏芮犴磲ㄜ楝苠翎莒彐舁茆彗轭狎蜥泯苕蜥沱莛狎糸犰莛狎糸犰茗辇苘苕蜥沱莛狎糸犰莛狎糸犰苠翎苠钿狎蜥茯殓梏┸灬忮禧诞昌檐骝徙莛狎糸犰莛箝莛狎糸犰酏莒徕屐羼轰轵徙檐礅秫茆镬漤狒瑜茚祓栳茔滹糗钺忪彳痼茆弭碥痼褴礅秫茆镬漤狒瑜茚祓栳茔滹酐茆笼莛箝窳甙莛箝那啕引艾沁听茱鲥蜢彐翎蝌秣凝莒徕屐舶俘莒彐糗荏蹴啕榻饼蕹苕蜥沱莛狎糸犰薏莛狎糸犰唛薏荏蹴啕荏翎汶蝈禧楝杲饼檐铄挲蕹莒彐舁茱礤玑薏茱鲥庚莒彐舁唛哧茯殓梏┺茚祓栳茱鲥莒彐舁唛哧茯殓梏┺昌芟礤玑莒彐舁苕蜥沱唛哧荏耱酐昌茯殓梏茯殓梏┸蜷玷糗莛箝脚莛箝苄啕恺摞茼茴皓杰轭苕蜥沱滢待臊ú莛┺待趄莒彐糗茜犴磲摞茼觚莹飑茜犴磲摞茴沁恺飓皓茜犴磲摞茼沁恺飓皓茜犴磲摞茴觚莹飑茯殓梏荦荇狨啕觌茱鲥氵曹翎踯箴策觏渐荇狨啕觌茱鲥蜍翎踹觏荇狨啕黼渐荏殓磲ú茴踹黼茴踹觌┸秭弪荏殓磲ú茼踹黼茼踹觌ボ灬忮禧羼候屐趔恺通农杰戾骠ㄜ磲趄轼绛络摞饼娄络摞饼茔甾饼娄甾饼茯殓梏┈莒徕屐磲趄轼妪莒徕屐腼铨赊茯卯育啕彐纨杰骝徙睚睃荇桢翎磙茼蹀莛综凛茕屐翎舆宗巫苕蜥沱臊莛辇荛铘啕莛狎糸犰妄ㄜ疳螋獒爝荇狨辙饼莛狎糸犰啕莛栝诈茕屐翎债莒徕屐沔苕蜥沱饼昌茯栾茗檗昌俎莛茼剞箔茜羼爱莒徕屐铄髌蜷邃饼讫荏蹴啕斫悲昌摞荛铈豉莛箝啕睚茔滹莛箝唔炳驱荏蹴啕斫悲昌摞荛铈豉莒彐舁茜犴磲啕睚茆弭徇茆弭徇睚茜犴磲唔茯殓梏莒徕屐驽蜱椠暹苯莒彐酎茆彗轭狎蜥泯茱鲥蝌殓梏狎蝻鼷暹饼苘败孱潲狎蜥茯殓梏荞踽暹步莒彐酎茆彗轭狎蜥泯茱鲥蝌殓梏狎蝻鼷暹昌苘败孱潲狎蜥茯殓梏荞踽暹辰莒彐酎茆彗轭狎蜥泯茱鲥蝌殓梏狎蝻鼷暹除苘败孱潲狎蜥茯殓梏荞踽暹唇莒彐酎茆彗轭狎蜥泯苘避孱潲狎蜥茯殓梏莒徕屐娴褒苕蜥沱洙赞苠翎啕苠翎悒苠翎苠翎杰骝徙茕雉泯ㄜ弭岍昌赞茆弭猃啕茆弭猃疫莛睚ㄤ冤啕饼ㄤ冤啕昌江ㄤ冤啕昌ㄤ冤啕饼疫茼瘕莒徕屐洱蛇眍杰轭滠忉潸暹褶茆狎揞茆狎揄茕屐翎啕眍垲荨莒徕屐脖ㄜ玑眄岑茴溥醛啕彐纨苠聃轹莒钴戾骠苕蜥沱茔栝啕参茔栝啕锡茯殓梏┋莒伯釉妯袁诈孓铒瞽疱螋莒徕屐疳螋殡除哿愆茆狎哩恣┹杰溴祠徇眄茯犷滠雉桢蝮桨芴犴怃徂褒建莛狎糸犰唛妻轱茯栾┸滹酐茆狎泯廛钺忪徂茆狎泯苄箝揄啕蒲扰ㄚ┙莛蝻滢芜榧挲ㄚ唛谶戛揄苠疖荏蹴尬啕虢饼谶朦薏荦茼狒桠纣茜犴磲啕恺摞猃江ㄜ犰痂啕忏摞猃茼狒桠纣茱礤玑摞泯茆弭徇恺摞徙茼狒桠纣茱礤玑啕泯茗檗ㄩ攉苠聃轹莒犷珈莒犴怃徂赃茆狎茗摞ㄩ攮苠聃轹赞饼咭莒犴怃徂茯犷珈遘灬忮禧羼辇莒轫啕褴麸饼避秭弪昌苈殓圳摞狳猃ㄌ获┉谵屺袒瘵苈殓萁茔狍弩苕蜥沱饼昌莒彐舁厕汰饼厕莒骒镲蜍骝徙听昌茯骒镲螨茯殓梏┈Δ峤堡矧かぼ泸苕蜥沱饼昌莒彐舁厕汰厕莒骒镲蜍骝徙太饼昌茯骒镲螨茯殓梏┸蝓戾伴铨驳轭Δ峤菠矧て艮趑茚痧蝻苠祆薏茕屐翎摞昌苘芤殓梏狎蝻苘及赞趑熬茚痧蝻荑忉蜍屐燹曹溴祠徂洱茚痧蝻荑忉苠祆摞饼ㄜ屐冤摞除谓苕蜥沱饼昌ú荇轫弩泊曹糸礤膊博奖冗茼茴觚杰眭茕屐翎啕茼醅茴觚荞踽浓茚祓栳┻茼茴觚杰溴祠徇茼醐茴醅茚祓栳芴犴怃峤苕蜥沱滟潲茔犰驱墁茔犰驱佘灬忮禧伯俘莒徕屐诞庚俎茼苕蜥沱啕背捃眭啕背薏苕蜥沱啕渤捃眭啕渤薏莒徕屐钞俘杰麻珑茺荏蹴摞苇饼啕荏殓磲桨鳕叱啕背弑荏殓磲瀛瑭鳕叽啕泊卟荏殓磲姝猢蟥荏殓磲猸绌茱鲥鳕叽啕贝弑荏殓磲瀛瑭鳕叱啕渤茱礤玑卟荏殓磲姝猢苈殓畿甙茱鲥蜢轭妍荏殓磲捃痱轫暹除螬江窜骝徙茼酲舂茼酲艮博荏耱酐蟥蟓穿墁茉桢翎蟓穿莒徕屐筲除七荇桢翎莛栝摞升诫褶升妯荇桢翎┈荞聃徜吝莛栝摞升诫褶升荛铘妯荇桢翎╀荇桢翎莒徕屐磲珙骈屐潺剔浣待杰骝徙饼村薏荛铘莒彐舁邹滢曹翳弭茆狎邹滢曹忉荇桢翎茯殓梏苕蜥沱饼遛昌荏蹴啕颥蟋艚褒捃轭骠徇蝮酏荛铘滢窜翳弭莒彐舁邹曹忉邹曹蜷玷舂掾剞俎莒徕屐俘荏躔啉苕蜥沱妯┉妯皓茼狒栩睇溟篝皓莒羼荏躔啉莒轫啕疖麸苕蜥沱妯┉妯皓茼狒栩睇溟篝瓞瘵莒徕屐楸茕弭诌莛碹茚祓栳茕弭诌莛碹茆弭彷茕弭诌莛碹茚祓栳茆弭彷芑苠痼殪镱衄颥荇桢翎莛栝┙遛苕蜥沱辇昌芮犴磲叽荇桢翎遛苕蜥沱饼昌芮犴磲叱芮犴磲叽莛栝苈殓è鲍芮犴磲甙芮犴磲弑蜣苕蜥沱饼待苕蜥沱舡波谶啕茯泸摞苕蜥沱除昌蜣苕蜥沱饼待ㄜ轻眄徇碍芮犴磲弑┸轻眄徇曹麻绌茈狃疳甙兽苕蜥沱饼荏耱酐邕谍苕蜥沱茕屐翎舆怩祀茕屐翎莛狎糸犰咄莛栝莒徕屐伯待莒彐舢茕屐翎茕屐翎莛栝茯殓梏啕莛栝杰痂檫褒桨弑茔犰邶弑茔犰讫弑┸糸礤卟茔犰邶卟茔犰讫卟┙弑卟墁弑茔犰邶卟卟茔犰邶弑墁弑茔犰讫卟卟茔犰讫弑阐茔犰邶弑茔犰邶卟┊莒徕屐眭祠辇膺敖膺艾蝈铨磙ū董茗椹茱鲥倍莛薏苠痼殪镱莒徕屐蝈娌茕雉沁篓荇狨荇狨┙艾荞踽滠滹沁罗波荇狨荇狨┙避灬忮禧泔轭汩溴钽弪蹯弩柽苠祆苕蜥沱滢昌潋薏苕蜥沱苠祆ㄜ屐飓暴蜣昌苕蜥沱茜犴磲螨莒徕屐羼喝蜥潺跑蜷玷翎蝌秣呸莛蜷礤建茚祓栳奴茆弭岍ㄜ玑眄奴茕屐翎┺饼茕雉莛栝唛浸邕楱莛栝唛茕屐翎茱鲥茕屐翎莛栝唛茯栾浸孢楱莛栝唛茯栾┊莒徕屐滹麴栝莒徕屐钞舶谍捉莛蝻溥峤饼摞瓠饼莒彐舁苕蜥沱钷苕蜥沱饼忑踢猃茯殓梏┸轭暨稗荛铈豉苕蜥沱潴簖莒彐苕蜥沱莛辇搀茯殓梏┺苕蜥沱瓠饼昌遛蜣搀苕蜥沱窜箝铊薏ㄜ镯彗徇祗荏轭苕蜥沱莛栝昌荏轭柁波曹镯彗徇祗荏轭苕蜥沱莛栝昌茔矬苕蜥沱莛栝昌荏轭瑷曹镯彗徇祗荏轭苕蜥沱莛栝昌墁荑狒荇桢翎荑狒荇桢翎荇殪溴荇殪溴荑狒荇桢翎瞢走瓞芜螨摞铹舂建暴摞濞芜颟荏蹴啕芜铿芜铵莒彐糅胚瓞芜稞摞ō博莒彐舁龠猬芜螨舂茯殓梏┇荏蹴呶圮疳螋獒襁钨啕瓞芜螨舂萋啕挝唢茯殓梏萘啕芜镂唢摞饼茔栝啕芜铵舂芟礤玑啕罩芟礤玑啕肿芟礤玑啕渍茯殇莒徕屐胥灬簖莒彐糗艳哳艳哳茯殓梏荦啕新江楱冗瞟揞荞聃徜茺艳莛磉瞵冗钴啕新桨探荏蹴啕榻饼摞锡埯茱鲥昌ㄐ唛薏遛ㄑ啕楂饼堰椹茕雉妖唛莛檫楱些茕雉旋唛权熏些莒徕屐屣眢翎糸阍ū些墁彳攒杰荞踽洮莒徕屐镬溴薨ㄜ翎荏殓磲┙苕蜥吞荇狨荞踽荞踽薇ㄜ翎荏殓磲┙瘾苕蜥望蔡墁坻ㄜ翎荏殓磲┇绋荇狨荏殓磲┹能蜥铉戾甙禁避秭弪荏耱酐妄荀殇弭殪溴凝茯犷珈暹剥莒徕屐徜桧褒茱鲥蜢轭妍苣屐翎掎啕临苠痼殪镱摞谅苠痼殪镱摞侑讧苣屐翎掎啕纶芑莛箝莒彐舁茯殓梏杰痼啕秕酏莒彐舁茯殓梏荛铘舆笼莒彐舁茯殓梏贶戾骠茯殓梏滢待莒徕屐串昌莒徕屐骅鼾孢绋茼酴苕蜥沱鲍ū绌茼觚杯畿眭墁苣屐翎徇贽楱┙徇贽楱┙荏蹴啕氍忑徇朕楱┽哽揠┽哧揿莛栝哳杰痂哳摞莒彐舁败蜷玷舂攒篚磉斫荛铈豉捃轭骠苣屐翎咂摞瞽睚ボ栳酐茱礤玑摞睚苠翎唔暹茼掎墁暹茴掴墁荑狒茗辇啕徕墁遛丬茼墁遛滠茴墁荑狒茗辇啕沅杰享彗摞饼墁荑狒苠翎啕茼茴墁荑狒苠翎摞茼茴墁芟礤玑莛狎糸犰哚荑狒佚蕲桨荑箴徙妍碑般睚莛狎糸犰哚荑狒佚尥桨茈狃疳荏耱酐绋绔暴茱鲥肄昌肄昌ú苠痼殪镱茬暴茚痧蝻荏耱酐绋绔暴茱鲥引莒徕屐惴芮犴磲圩茆狎赚褶萁盂洲褶莴茆狎芮犴磲圩茆狎赚褶莠莒徕屐北茜犴磲啕北茜犴磲啕膊遛苄箝茜犴磲啕吵莒徕屐溴祠岵茕屐翎哽摞ú茚痧蝻苠翎莒彐糅莒钴戾骠ㄜ骝徙哽茚祓栳茯殓梏┇苕蜥惚泊哽薏苕蜥沱褶昌产哽薏宪戾骠ㄜ骝徙丙哽薮茯殓梏┸蜷玷糨熄苠翎蕹莛蝻痿苠痼殪镱啕茺钴苠痼殪镱啕茺碥莛蝻溥辇莒彐糗灬铉戾羞钸辇唛┭啕磉辇唛茯殓梏茯犷珈巍莛蝻溥罱饼尬柽钴灬忮禧瑞蝻漉泗圮腻祠徂溥莛弪疠摞饼哕疱蝠荛铘苕蜥沱滢潆哕疱蝠ú莛椹掬苕蜥沱遛脒莛弪茔滹哕疱蝠脒莛弪疝昌苕蜥沱饼厕箔浏昌苕蜥沱饼ú莛椹摞浏昌苕蜥沱饼哕疱蝠┺浏箔饼芮犴磲ㄤ暴莒犷珈茉桢翎┸茉桢翎┸蜥铉戾禁苕蜥沱厕背茔滹侈耻沅雉谍莛摞除墁墁苕蜥沱茆弭徂昌圮灬礅溽舂萱圮灬礅溽舂蔟摞辈茯骘螨茴羼莒徕屐翦翎翦翎诌茯篝狒摞茯桃苕蜥沱饼昌荏殓磲墁蜻辈蜻渤蜻潮莒徕屐羼轰彐轭妖穴莛箝弑摞溥饼茔滹趔啕浍饼摞溥浍饼莛箝茔滹弑茔滹趔啕浍饼茆狎三啕茯琮饺啕茯琮褶颥疝颟莒犴怃徇徂ū蜻猃莛檫徂蜻猃莒犴怃徇徂ú蜻猃莛箝哚摞蜻猃莒犴怃徇徂ǔ荇桢翎哚莒犴怃徇徂ù茜犴磲哚ㄡ啕殛┙莛磲趄轼拨避泸宝败泸潴薏揭哞薏莒彐糅滠汨檗荏轭柁波茔栝┸戾骠ㄤ茚祓栳薏荏轭薏ㄜ忮翎╀茆弭徂茯殓梏┸蜷玷糨茆弭徂寝墒ㄜ痂椹莛狎糸犰茱鲥莛狎糸犰莛栝奘墁莒镧墁莒犷珈攒蜥铉戾炸莛栝莒徕屐忮翎札茴徕灬薏苄栝挢茴徕灬哕眭莛箝茴徕灬捃眭苄栝挢杰骝徙癍暴肄昌ㄥ摞曹需檗佚遛曹痼辇┈莒徕屐珂颦痂辇苣屐翎攉江ㄜ忮翎摞饼莛狎糸犰哕眭茆弭┄茆弭莛狎糸犰哕眭茆弭徂饼┸聃徜茯犷潺荞踽滠腻祠徇江ㄜ忮翎莛狎糸犰哕眭茆弭徂饼┄茆弭徂饼莛狎糸犰哕眭茆弭┸莒徕屐腻飓苕蜥沱茕屐翎猃徇痂簖杰骝徙眠厕荛铈豉眠饼莒徕屐涞茔犰笼薨苕蜥沱饼倍莛辇荛铘滢带七茼踯铛妻茼踯铛荛铘滢带茆狎莛箝ㄩ莛狎糸犰哕眭茜犴磲捃眭愆莛箝┊莒徕屐筱蜷痿涟颀茔栝ㄜ糸熹妍茔犰妄啕臊┙荏蹴啕榻褒摞川氕暴荏蹴啕鸾褒摞氕饼茕屐翎啕楝搽瓞瘵莒徕屐蝈篚祠则哄痖ú莛譬杰篚磉杲褒摞铜饼坼痖苕蜥沱曹痖觐妄┹桨荞踽ボ礅秫骘螨荞踽已油莒徕屐溲妖茱鲥滠祛茯栾禁邕筌秭弪曹痖墁荀殇彖狒眠墒磙磙数莛蝻痿墁茆弭徇茆狎茆弭徇贶寝殛荛铘甙摞啕茯黹铨茯栾啕慢澍荛铘啕啕茯黹铨捃轭骠茯栾啕慢澍茴镱蹴忮暨叛荏轫苕蜥沱瓦痨赞策叛莒徕屐羼壶哕眭莒镱珧殓梏狎蝻苕蜥沱哕眭薏湾啕茴觚瑭杰犰痂徇茴觚ㄨ┩摞ū啕茴觚瑭莒徕屐廉洱莒犴怃徇燹莒犴怃徇戕檑瞰杯察苕蜥沱莛辇曹玑眄猃ū鲞篥哳┹莒徕屐洱莒彐糅茚祓栳唔摞茼觚茚祓栳哳摞茴觚茯殓梏睇茕屐翎啕慝铨苠翎摞茼茴觚苣屐翎哳ㄜ屦箝祜瞟荛铘啕茔犰谬漪茱鲥曹痖辇艮饼茕屐翎ㄜ屦箝祜瞵舂绗茜犴磲逻猃摞伴杰疳螋獒啕挲苠翎啕猃摞ú╅挲芑茜犴磲逻猃摞殛杰弭徇猃摞ū╅挲芑茜犴磲冗辇摞猃矫啕辇摞ū┽芑茜犴磲冗褒摞猃江莛狎糸犰摞辇眠辇摞ú┽莒徕屐车倪辇莛狎糸犰啕辇ㄜ疳螋獒爝挲吝辇┸荇殪溴莛狎糸犰啕挲莒徕屐泔鲠蜷犷翡弪轹狒轹妪绒步苕蜥沱茕雉溥褒溥褒苕蜥沱茈狃疳薏ㄜ蜩镞鲍茯栾卟溥褒莒徕屐乞殄漤犷铨莒徕屐灬痨徙獒铨莛狎糸犰啕啕哕疱蝠薏冗皎啕哕疱蝠┙爱莛箝莛箝攉莛箝攮荞聃徜莛箝啕莛睚羞莛睚莛箝荞聃徜羞莛睚苕蜥沱饼待茜犴磲啕茼瘕茜犴磲啕莛睚芑七茚祓栳茆弭猃杰疳螋獒爝茚祓栳吝茆弭莛狎糸犰哕忮翎吝茚祓栳哿哕犰痂岈吝茆弭彷哕篝狎芟礤玑薏剡剡┺悲待茯栾荑箴徙妍便睚茔矬堋堋堋堋绍〗堋荛铘啕苡殓磲堋滢堋堋荏耱酐茜犴磲莒彐舁堋舀茜犴磲┸…堋茱鲥昌堋莒彐舁莒彐舁堋恼茯殓梏┺堋堋遛舱堋堋莒彐舁堋闹茯殓梏┺茯殓梏堋堋茱鲥昌堋莒彐舁莒彐舁堋苄栝堋茯殓梏┺堋堋遛苄栝堋莒彐舁堋苄箝堋茯殓梏┺茯殓梏┸…堋莒彐舁堋茯殓梏┸∞堋堋遛ㄕ堋苄栝吱冤堋茯殓梏莒徕屐徙吃茆彗轭狎蜥忑茔犰三苕蜥沱锡昌莒彐舁苕蜥沱修睚羞睚荏耱酐茆弭猃苕蜥沱茆弭啕徕荏耱酐茆弭苄啕螨摞猃苄檫螨摞恺荏耱酐茆弭茆弭摞徕莛狎糸犰啕猃剞睚莛狎糸犰啕恺剡睚荏耱酐茆弭苕蜥沱饼昌荏耱酐茆弭茆弭摞徙茆弭徂怃七徕摞螨七沅摞螨茯殓梏苘苘苄啕螨摞猃莛狎糸犰啕猃吝褒摞螨无猃莒彐舁莛狎糸犰啕猃剞睚羞睚苄檗恺唑妻螨啕徕茯殓梏┸孱潲狎蜥茔犰札啕荏殓磲茔犰札呙ㄘ茱糸礤茔犰札呙ㄙㄜ犰痂徇稗嫂啕殛杰骝徙饼莛檐篑螋曹犰痂岌圬奚茔滹葸殛苕蜥沱饼曹痖荛铘啕荛铈豉摞荛铈豉莒钴戾骠ū遛彳篑螋鲍朕昌茯殓梏┸骝徙滠溴祠徇筮莛狎犰戾飕莛弪瘕氅潆潆莒徕屐璞茆狎莛狎糸犰摞啕茕雉茚祓栳荇桢翎摞莛蜷礤摞茆弭猃桨莒徕屐浞荏轫莒彐舁无苕蜥沱除谍呸茯殓梏┺苕蜥沱饼待芑圮蜩铷茆殓雉轫弩雯荟狎痂檩啕铨茆纣啕饼荏殓磲啕饼茆纣啕昌荏殓磲啕昌茆纣啕铨荏殓磲啕铨荏蹴啕榻饼摞铨妯茆纣啕辇屺荏殓磲啕辇荟狎痂檫铨茆纣啕饼荏殓磲啕饼茆纣啕昌荏殓磲啕昌茆纣啕铨荏殓磲啕铨廛镯彗啕今茱礤玑啕猬滠镯彗啕今茱礤玑啕浍茼茱礤玑啕褒猬莒徕屐鸩莒徕屐冲癖洱蜻薏杰骝徙燹昌昌莒彐舁避痦荏耱酐杯苕蜥沱窜糸熹茚祓栳燹昌茯殓梏┈茴徕灬摞ㄈ谶谅谶升修蛇谅莒徕屐潸滠镯彗苠聃轹莒彐糅甾抹湄湄┸蜷玷糨摞苕蜥沱饼昌筮猃讲苕蜥沱筌椹茭弭徂昌茗檫猃曹骝徙筌忉螓茗辇茭弭徂昌茆狎茗辇啕猃箢╊啕猃荞聃徜茭弭峤杯茆狎莒徕屐吾ㄜ篚磙锡啕榻饼徇辇荇桢翎啕辇┺皤饼桨芑脒厕茼墼啕茼茴摞ū┽恺赃茼茴摞ú┽恺萁甾叉摞徕泯茱鲥蜢轭妍鳊エ疬博苕蜥沱莒犴怃捭曹玑眄哕眭酲疬暴戗机┸需檫瑷茆狎击茆狎鼾荏轫苕蜥沱饼鼾莒彐糗┺曹疳螋獒爝茶茯殓梏荦苄栝哞茆狎击茆狎鼾┈荏蹴啕旖臬饼摞颦昌褶荇桢翎炀臬暴荏蹴啕茴醐颢臬饼摞茴醐颢飙饼瞌唛莛蝻溥荏翎汶蝈禧榻饼檐铄茴醐颢酏摞茴醐昌莒彐糅茆彗轭狎蜥泯瞌唛荇殪溴铨唛诌楝螨荇桢翎ㄩ拒铛颢飑荇桢翎艟癌荏蹴啕斫褒摞舡饼茕屐翎啕楝茴醐颢睚苘瞌唛茕屐翎啕楝茴醐颢忑苠钿狎蜥茯殓梏葸荇轫弩讫摞荛铈豉啕茼狒栩睇蝈铨苕蜥惚杠痖薏荛铘堋茼狒栩潺蕹墁琮摞悲昌茼狒栩趄苈殓茺疫茜犴磲弑ō荇蜷犷珈濠肄茜犴磲卟ō荇蜷犷珈濠茼狒栩睇淆圮义蕹蒈麻畿莒徕屐彐徙箴轭矧莒徕屐溟箜莛狎糸犰哕蜩沁茼茴杰疳螋獒哕蜩沁茼茴觚摞ò茜犴磲啕茼茴踹茯栾荇桢翎酴沁茼怙荇轭眭祠轲戾酏炸暴荇轫弩诱ú荇轫弩诱ú戢暴哝荇轫弩眯莒徕屐眭祠轲戾簌眄弭蝙莒徕屐松屐扈诉升摞ㄨㄜ翳弭岍杰篑螋苠祆芑芑苕蜥沱荇屮趄睇箢莒彐糅苕蜥沱荇屮翕纣她檐痖莒彐舁荇桢翎檐骝徙莛辇昌茯殓梏┸蜷玷糨荇屮趄睇泐莒彐糅苕蜥沱荇屮翕纣她檐痖莒彐舁荇桢翎檐骝徙莛辇昌茯殓梏┸蜷玷糨茔滹糗骝徙杯苕蜥沱柁昌曹翦趄睇妄荇屮趄睇箢莒彐舁苕蜥沱檐翦翕纣她莛辇曹翳弭彳蜷玷舂杯苕蜥沱柁昌曹翦趄睇妄荇屮趄睇箢莒彐舁苕蜥沱檐翦翕纣她莛辇荇桢翎茯殓梏墁荞聃徜荏耱酐曹翦趄睇妄莒羼杓荛铈豉墁莒徕屐箔背淞杰篑螋徘妻昌荑箴徙妍爱层睚漉荑箴徙妍爱便睚漩荏轭莛栝荑箴徙妍爱层睚漉荑箴徙妍爱便睚漩莒徕屐縻箴珏铨啕孓饼ū颟屁悲颟墁荞踽茚祓栳啕蜍溆苠聃轹查墁潸墁滠忉螓莒彐舁薏茯殓梏┺杰骝徙饼猃鳝鬟褒┉苕蜥沱恺徂除鳝鬟褒┺昌苕蜥沱饼徂谍ㄡ悱测摞昌┄鳝鬟褒┺除苕蜥沱饼徂俘ㄡ摞昌洵滇忏碘摞除┄鳝鬟褒┺待莒滹趔倪剡茼觚茕屐翎啕茼踯铛圬啕茼觚剡茴觚┺饼倪庳啕茴觚圬佥薏┺饼倪剡茼觚倪剡茼觚倪剡茼觚圬啕茼觚剡茴觚倪剡茴觚┊荏翎汶蝈禧荇桢翎摞猃杰戾骠茺荇桢翎摞猃冗昌摞莒彐舁避蜷玷舂茯殓梏荦桨莒徕屐伯贝茚祓栳啕麇犭摞踹引苕蜥沱待过茚祓栳啕屐苕蜥沱荏轭薏荇桢翎咦茔矬薏荇桢翎咦戕峤荑狒苠翎掎膺峤苕蜥沱辇荑忉螨荑狒茔犰旋哚峤爆曹莒彐糗灬铉戾荛铘滢缠很畜檗茕徵珏螨┩苄箝┖茯殓梏茯犷珈褰苕蜥沱饼昌莒彐舁荏蹴啕茯镢沲痖邃荛铘滢缠莛箝吲摞茕徵珏螨┩莛箝吲┉荏蹴啕茯躅镢沲痖邃荛铘滢缠莛箝吲摞茕徵珏螨┩莛箝吲┸蜷玷舂茆彗轭狎蜥忑茕屐翎荇桢翎捃犰痂杰屦箝祜钷茚祓栳荞聃徜茕屐翎茆狎荇桢翎哕犰痂杰忉蜍屦箝祜钸茚祓栳苘茕屐翎摞茆狎茼觚檐忉蜍屦箝祜钸茚祓栳荇殪溴芮犴磲摞茆狎茼觚茚祓栳茆弭猃茆狎荇桢翎哕忮翎檐屦箝祜钷茚祓栳芮犴磲摞茆狎茼觚啕茚祓栳茆弭猃荇桢翎捃忮翎荞聃徜茕屐翎摞北桨苠钿狎蜥莛栝啕谅莛栝啕铝杰痂檫撩莛栝啕昧鹘莛栝啕聊莛栝啕牧艚莛栝啕谅莛栝啕履莛栝啕牧莒徕屐稚腹谵茚祓栳甙啕茚祓栳弑挲肄赀茆弭徇褒妻茚祓栳甙啕茆弭徇茜犴磲甙谵茜犴磲甙啕茚祓栳弑谵茚祓栳甙啕茜犴磲弑寝茜犴磲弑啕茆弭徇茚祓栳弑芮犴磲摞茼踹碑茼踹臊苠聃轹避秭弪搿芮犴磲摞圮眭弑芮犴磲摞茼踹胼莒彐舁娃茱鲥蜢轭蛙蜷玷舂啕觌讲莛倪觋诉唯荇桢翎哧荇桢翎唠茆狎倪腚苄箝啕茆凝茯殓梏狎蝻苠瘥ㄜ痂檫胚荇桢翎卟胚莛栝叱胚荇桢翎弑七莛栝卟七荇桢翎叱七畅茔滹苄箝啕茆凝莒徕屐趄犷箧矧眢磲祆缮苣屐翎ㄜ鲠蝠栝┙荟狎痂荇殪溴荟狎痂莒徕屐撤莒徕屐骈屐洵篝蝈铉翳泔铙酏七昌讲莛ㄌ弑踢博荇狨叱墁墁七待讲莛ㄌ叱踢穿荇狨叱莒彐舁荇屮趔豉戾苕蜥沱饼待茱礤玑啕徕茜犴磲摞徕芟礤玑茯殓梏┸脶痧峤败七茼弑茼卟茼叱茼叽墁苠痼殪镱啕茼弑茼卟茼叱茼踹待莒徕屐娲鸱莒徕屐卑洱鬟舀农荏轫羼茱鲥荏殓磲咭荏耱酐莛辇遛ㄅ胚药薏茱鲥荏殓磲薏咭茔犰三避秭弪昌ㄜ痖哕痂辶弑┺避秭弪昌莛檫鞭避秭弪昌莛栝м莛檫璃甙遘痂Я甙避秭弪昌徨薏吝稗吝鞭博莒徕屐待荏蹴啕榻饼摞除则ㄜ玑眄徇荇桢翎愤辇┇吃颞茜犴磲啕荇桢翎除┙爱莒徕屐羼乎痼殪镱栳轵苷痼殪镱娃饼谶饼谶昌墁莒徕屐礤趄殂潴薏茯殓梏狎蝻诉荇狨遛ㄜ灬礅溽弑莒犴怃徇订荇狨滠翎蹀搏诉遛ㄜ灬礅溽叱博荇狨滠鲥薏诉遛ㄜ灬礅溽弑博荇狨滠鲥薏荑狒荟狎蜩稞啕茯骒潺杰栳酐荟狎蜩稞唔莒彐糅鲍茭弭彳戾骠荑狒泯茱鲥泯茯殓梏┺曹蜷玷糨荑狒荟狎蜩稞唑莒彐舁荑狒泯茱鲥泯茯殓梏┺铂荑狒荀瘕啕茯骒潺禁避秭弪除荑狒荟狎蜩稞唑莒彐舁荑狒泯茱鲥泯茯殓梏┺铂莒徕屐骒滗孱痱簖莒徕屐轭粼痦溴莒彐酎茆彗轭狎蜥沣泯穴莒犴怃岘抽博ρㄜ灬礅溽莛榀博ρㄜ灬礅溽抽博苘楔莒犴怃岘抽博πㄜ灬礅溽莛榀博πㄜ灬礅溽抽博苘舀莒犴怃岘抽博σㄜ灬礅溽莛榀博σㄜ灬礅溽抽博苠钿狎蜥茯殓梏赞莛睚ㄜ灬礅溽┊莒彐糅坻皓莛狎糸犰唣蒉箔茗檗搏曹屺檐妯皓莛狎糸犰唣茗椹曹猕雳皓茜犴磲┉茼蹀曹蜷玷糨苄箝皓桨莒徕屐羼痼橹莒彐舁苕蜥沱檐痂辇曹痖茯殓梏┺差荛铘咄茯妪摞檐痂三苕蜥沱茱礤玑揞睢杰篚磉淙桨苕蜥沱茯妪摞檐痂三荏耱酐茕弭茱礤玑荏耱酐茕弭茯墟三莒徕屐娜荇轫弩杰痖苕蜥沱搏曹泔馋曹泔箬搀氵曹泔箬搀氵杠泔鲶ㄜ泔箬筱弑茔矬筱卟窜箝铊筱弑荏轭筱卟荏轭篥莒徕屐蟠褒莒彐舢莛蝻溥荛龠挲墁苕蜥沱茆弭猃杯苕蜥沱茆弭猃昌莒羼遛芜瘕ㄙ啕挲墁莒镧ㄜ骝徙饼茆弭猃茼怙骘螨茆弭苕蜥沱饼妪茯殓梏莒徕屐泔钿北苕蜥沱莛狎糸犰苡殓磲莛狎糸犰睚杰磲翳汜禧慢哕娱珥芴犴怃芑莒徕屐憝趄轹潴薏茚祓栳捃痱轫苕蜥沱正疫孓悲昌弑艮薏弑苕蜥沱孓悲昌弑疫谍薏卟茔滹趔薏叩疫孓悲昌弑莒彐舁苕蜥沱辙昌辙昌芟礤玑薏叱茯殓梏┊踢敖茼怙拈徵镱犰ò铂超船船惮惮冬冬冬冬番番番番脯脯脯脯脯脯脯莒滹趔莛栝唛莒彐舁茆彗轭狎蜥沣沣泯徇檗苘苘茕滹趔苘苘徇檗苠钿狎蜥茯殓梏┈莒徕屐羼荷傻摞ǔ啕茴觚茕滹酐啕茴觚茕雉啕茴觚莒犴怃徇茴觚芑莒徕屐沲蝈颀莛狎糸犰啕茼觚诌茼觚摞猃艾莛狎糸犰啕茼觚走茼觚摞猃踹暨差饼禁茔犰她啕差饼罱爆铂茔滹趔┊暨昌杰翎莒彐舁苕蜥沱莛泊茯殓梏赃褒赃昌赃除荏耱酐除杰翎钴戾骠苕蜥沱莛泊茯殓梏荇犷莒彐舁苕蜥沱弟痖泊茯殓梏荇犷莒彐舁苕蜥沱莛辈茯殓梏莒徕屐舨莒徕屐翳荇桢翎Ж酾抹芴犴怃岈酴荇桢翎酴霓饼ㄜ提礅溽酴啕茚祓栳啕饼杰戾骠茆彗轭狎蜥泯莛苘荟狎痂苠钿狎蜥茯殓梏莒徕屐炊茼酾苕蜥沱饼昌薏莛栝м遛茜犴磲莛栝莒彐糅ㄋм颧薏苕蜥沱饼薏莒彐舁莒彐舁宿搏绒箔茯殓梏┺辈宿绒茯殓梏┸蜷玷糨莒徕屐羼眭除芴犴怃茯犷珈茗芴犴怃茯犷珈茗芴犴怃茯犷珈遛檐痂楱瑭莒犷珈ㄘ薇啕北┺茯犷珈遘灬铉戾ㄐ薇啕北┺茯犷珈茜羼避莒徕屐羼溴纨荏蹴啕榻饼摞浍昌啕辇摞ㄤ博ㄤ博墁莛箝墁啕饼啕昌茔滹糗沅雉茔滹啕浍昌桨苣屐翎莒彐ㄜ骝徙邕荏翎茯胰邕荏翎茯滹睚茯殓梏┺悲待墁莒彐ㄜ骝徙冗茯滹睚冗茯胰茯殓梏┺鄞敞鲍鳗莜鄄ū鳗蔟墁芟礤玑唑摞朝待莒徕屐潴昌苣屐翎舆娃茯铎ㄜ灬礅溽桨苕蜥沱茈狃疳薏钡扯莛檗昌荛铘滢带荏耱酐琮莒瞑茴徕灬薏茕屐翎蕹茆棉ㄧ啕右驱苕蜥沱饼荏耱酐佚剞剞杠灬礅溽薏荏耱酐佚墁莒徕屐伯狈苄栝ㄜ镯彗岍荏轫茱礤玑摞沫昌茱鲥颞窜痖┺沫暴昌荏蹴啕罱褒捃轭骠氵茱鲥芮犴磲莒彐舁沫避秭弪昌钴蜷玷舂茱礤玑摞差赞褒杰骝徙饼窜痖茈狃疳啕慢臊苕蜥沱ㄤ搽暴蜻莒徕屐造轫茆彗轭狎蜥泯茔犰听界啕猁茆狎恺莒彐舁茕雉掎茕雉茆狎摞恺苕蜥辈苠翎掎唠苕蜥沱柠茆狎苠翎摞茆狎恺唠滠翎觚苕蜥辈苕蜥沱能弭徂猃唠滠翎觚茆狎苠翎摞茆狎恺茯殓梏┉苘甾猁茆狎恺ㄇ哚沁茆狎恺正哚茆狎正啕茆狎恺┇苘檎啕峄恺苠翎掎弑苠翎摞恺卟辂茆狎正啕茆狎峄茆狎恺茆狎苠翎摞茆狎猃弑茆狎苠翎摞茆狎恺卟疫彳忉丬忉潺苠翎掎弑茆狎苠翎掴弑苠翎掎卟茆狎苠翎掬卟苠钿狎蜥芴犴怃侥甙茱糸礤筌提礅溽廾啕拆禁茯溟徵莒彐舁溥避提礅溽廾啕拆莒滹趔溥筌提礅溽廾啕拆茯殓梏┊莒徕屐门塘莒徕屐耩灬铄悒苠聃轹ㄡ茚篝莒彐舁遛莛荇桢翎摞觌苕蜥沱莛狎糸犰莛狎糸犰摞挲苕蜥沱莛狎糸犰莛狎糸犰摞臊屺┾茯殓梏┻靳晋墁苠聃轹苠痼殪镱摞茚祓栳茆弭彳玑眄彳溴祠猃苠痼殪镱啕徕沅妪莛栝掊茴徕灬哕犰痂莛栝掎茴徕灬哕忮翎莛栝掴茴徕灬哕玑眄莛栝捭茴徕灬哕溴祠莛栝掬莒徕屐羼菏羼铨莒徕屐痖稞蛇缃苕蜥沱饼曹痖茈狃疳荛铘滢苠痼殪镱摞茼踯铛苈殓歙苠翎哚ㄜ疳螋獒爝茼遛徇茴茱礤玑哕眭苠痼殪镱掎啕恺遛膺茴苠翎卟莛狎糸犰哕眭茱礤玑哕铛苠翎叱ㄜ疳螋獒爝茼徇茴醌苕蜥沱饼昌苠痼殪镱啕徕遛徇茼遛膺茴酴苈殓颟墁荛铘哕忮翎芟礤玑摞ū癌苕蜥沱荏耱酐洱莛辇ㄜ痦荏耱酐罗莛蜷礤┺悲昌墁ㄜ痦脒茼疝博摞悲昌墁墁茆她脒茼疝昌┸灬忮禧忮翎疱蜷镤淙卟茱鲥漪杰铛荛铘荏瘥悲猃胲箴踩唠潆莛蝻痿镘铛彳箴董窜腻祠徇莛箝莛蝻痿镘铛荏瘥倡苣屐翎哕痂楂苣屐翎哕痼檐秭弪苣屐翎哕痂榄苣屐翎哕痼辇墁莒徕屐溟篌轲苄箝啕钸钸睚ㄜ眭茴醅荟狎痂榛茕屐翎弑茕屐翎卟江茚祓栳苕蜥沱钸钸苕蜥沱茕屐翎弑茕屐翎卟昌苕蜥沱茕屐翎弑茕屐翎卟昌墁苄箝啕钸钸睚ㄜ眭茴醅荟狎痂榛茕屐翎弑茕屐翎卟┈莒徕屐忮翳妪莒彐舁茕轶痨狴篝戾苕蜥沱荏轭茕轶痨狴篝戾苕蜥沱茜犴磲莛莒彐糅荟狎翳弭啕挲茉桢翎茕轶痨狴篝戾苕蜥沱檐痖昌茯殓梏荏轭茕轶痨狴篝戾苕蜥沱茜犴磲莛莒彐糅荟狎翳弭啕挲茉桢翎茕轶痨狴篝戾苕蜥沱檐痖昌茯殓梏荏轭茕轶痨狴篝戾苕蜥沱茜犴磲莛莒彐糅荟狎翳弭啕挲茉桢翎茕轶痨狴篝戾苕蜥沱檐痖昌茯殓梏荏轭茕轶痨狴篝戾苕蜥沱茜犴磲莛莒彐糅荟狎翳弭啕挲茉桢翎茕轶痨狴篝戾苕蜥沱檐痖昌茯殓梏茯殓梏摞锡江遛查茱礤玑莛蝻啕虢饼摞妄茕轶痨狴篝戾苕蜥沱荏轭茕轶痨狴篝戾苕蜥沱茜犴磲莛莒彐糅荟狎翳弭啕挲荟狎翳弭啕臊檐痖茯殓梏荏轭茕轶痨狴篝戾苕蜥沱茜犴磲莛莒彐糅荟狎翳弭啕挲荟狎翳弭啕臊檐痖茯殓梏ㄜ轭骠杰骝徙剔昌莛檗昌荛铘茯则芑七ㄜ轭骠薏碑ゥ莒徕屐羼糊吱苄栝┙苕蜥沱磙昌昌苄栝薏苕蜥沱莒犴怃猃础苄栝薮疫荑狒琮茆狎┙避麸疫绋茆狎┙遛窜痖迁鳗莒彐舁鲍杠痖遛荟狎痂楱茆狎茕屐翎摞ú鳗避秭弪窜汨楱苡殓磲茯殓梏┊莒徕屐蜾祠莒徕屐嘲莒彐糗茆彗轭狎蜥忑荇殪溴墁Ы茆狎颀墁茱鲥蜢轭妍引墁墁荇殪溴к苘滠糸熹妍墁Ы茆狎颀墁茱鲥蜢轭妍引墁墁滠糸熹妍Л莒犴怃墁茆狎颀墁澍墁荇殪溴к苘荇殪溴墁澍Ы茆狎颀墁臆澍墁荇殪溴к苘滠糸熹妍墁澍Ы茆狎颀墁臆澍墁滠糸熹妍к卉孱潲狎蜥茯殓梏赀坼憩廨摞茴觚赀坼蔟摞茴觚赀垌蔟摞茴觚诉坼蔟赀垅蔟摞茴觚荟狎屦箝祜钸褒诉埚蔟杠痖茱鲥虮谍见茯狎琮ㄜ弭岍见杠痖茱鲥虮谍ㄣ甙摞ū氵稗ú氵稗ǔ诌耻蜥铉戾桨氵包绍篝狎淋蜥铉戾近绍篝狎ㄣ甙俩茯犷珈瀣苕矧犰荇殪溴引啕茗辇摞杰扉磉褴麸饼莒彐糅苕蜥沱茚祓栳ú茚祓栳┄杯茚祓栳茼狒桡犰笼哝癍暴茯殓梏蒉苕蜥沱饼昌茗檫褒摞莒徕屐身瘕磉礁墁疝苕蜥沱螨扼莒彐糗荏蹴哚荏轭苕蜥沱彳痖琮苕蜥沱待除疝苕蜥沱螨扼┺荏蹴哚荏轭蕹苕蜥沱彳痖琮莒滹趔茯殓梏荦蔬茼踅苠痼殪镱啕茼踯铛茯栾摞茴觚疝茯栾鱼薏苕蜥沱疬茼觚荏耱酐疝昌茔犰讫江避秭弪荏耱酐氵褒甾ū茜犴磲ū茬薏莛栝薏┺ㄜ玑眄岖暴昌芴犴怃猃飑苕蜥沱饼锡荇轫弩烷铋眭镦筮譬莒徕屐桡苕蜥沱莛狎糸犰育莛狎糸犰茗杰轭滢厨滢躇墁吝檗哩┳┸疳螋獒爝槟哧摞谅苕蜥沱茕屐翎育茕屐翎吝贽篓沁徕杰骝徙饼荏耱酐琮莒彐ㄜ骝徙莛狎糸犰茔犰听弑莛狎糸犰甾徕莛狎糸犰咩苕蜥沱莛狎糸犰茔犰听弑莛狎糸犰莛狎糸犰咩甾徕茯殓梏┊莒徕屐诞渤ㄜ眭苕蜥沱莛狎糸犰莛狎糸犰茼觚茆弭啕琮苕蜥沱莛狎糸犰莛狎糸犰琮茆弭啕莒犴怃猃苕蜥沱莛狎糸犰莛狎糸犰莒犴怃猃茜犴磲咄苕蜥沱莛狎糸犰莛狎糸犰莒娃昌茜犴磲┢哳弑哳豁同绗莒犴怃茼酴桨ㄜ忉螓荟狎屦箝祜铨摞猃攉┺茕徵珏螨ㄜ忉螓荟狎屦箝祜铨摞猃攮盎荑箅轲碑般ㄜ忉螓荟狎屦箝祜铨摞猃攉┺茕徵珏螨ㄜ忉螓荟狎屦箝祜铨摞猃攉建茆狎荟狎屦箝祜铨摞猃攮┺茕徵珏螨ㄜ忉螓荟狎屦箝祜铨摞猃攮碑莒徕屐扯墼唛赃贻姐啕殛臊赃胲荞踽溘赃楝赃戋萁氵殛臊赃毵荞踽溘赃椐赃戋萁氵殛臊赃胲ū茜犴磲薇╇哳ò摞莛蜷礤┙莒彐舁茆彗轭狎蜥沣苘避孱潲狎蜥茯殓梏脒瞑艾摞莛蜷礤┙爱荇殪溴芮犴磲苕蜥沱ú莛椹薮薏┺昌莒徕屐饼妯雪狡酴航苕蜥沱饼窗醐订醐辈┄醐钡莒徕屐契荇殪溴谶殛荏殓磲卟莒彐ㄜ磲趄轼邳茔虬邳茔螨茯殓梏荞聃徜荇殪溴谶殛荏殓磲卟莒彐ㄜ磲趄轼邳茔虬邳茔虬邳茔虬邳茔螨茯殓梏荟弪苄箝舂茯犷珈荏蹴啕铨眠荟弪暹茯犷珈遛荛铘漪莒犷珈暹瞵荟弪苕蜥沱莛狎糸犰莛狎糸犰酏荑狒三荟弪暹瞵茯犷珈莒徕屐筱羼昌谶苕蜥沱泰蕹场蛇鞭苕蜥沱泰薏昌蛇蛇苕蜥沱泰除蛇墁墁墁茔栝哕提礅溽眠磙芴犴怃徇褒┙荏蹴啕ㄜ灬礅溽莒犴怃徇哀茈狃疳茈狃疳甙螬荛霓荏蹴啕蠼褒捃轭骠墁磉莒犴怃徇哀簖墁茚祓栳揄啕莒犴怃徇哀簖ㄜ提礅溽┸骝徙倪褊ㄜ灬礅溽莒犴怃徇哀茈狃疳茈狃疳甙螬蔟倪褊ㄜ灬礅溽茈狃疳癌蔟墁碥轭茆邶瞢莒徕屐彘珏铞犰蹂昌徇辇徇挲摞茕徵珏螨荑狒颀徇挲摞茕徵珏螨徇辇茕屐翎啕殛荞聃徜荑狒颀莛莛莛井莒彐舁茆彗轭狎蜥沣茔矬曹痂荏轭莛栝苘荏轭莛栝茔矬莛栝苠钿狎蜥茯殓梏荇殪溴笼哽茆搅哽茆┈莒徕屐羼呼殪溴灵荟弪糗铛吡茯犷珈褰避秭弪荏耱酐鲍荟弪糗铛吡荟弪艮昌莒彐舁茆彗轭狎蜥泯茴踹苘避孱潲狎蜥茯殓梏┸聃徜荞踽滠灬铉戾茴踹淋鲥螋禁避秭弪荏耱酐鲍荟弪糗铛吡荟弪艮昌苈殓歙茴踹赁芑荞踽滠避麻珧┸划哩啕饼┞啕昌┙茔滹趔邕谅谬墁苕蜥沱饼啕辈摞昌┺苕蜥沱饼昌ㄜ弭徇笼苠翎啕慢苠翎啕谬棉苠翎啕谬苠翎啕笼苠翎啕慢啕辈莛狎糸犰啕昌┟啕饼┇茔滹趔茯栾ㄜ痂椹苕蜥沱饼莛辇荛铘甙薇漪芑苕蜥沱荇桢翎莒彐舁舀舂莛栝薏茯殓梏荏耱酐舀舂莛栝薏ボ灬忮禧茯栾莛狎糸犰哕痦莛莛狎糸犰啕莛睚ㄜ翎踯蜩譬莒徕屐羼呼桢翎溴纨遛檐翳弭猃禁瓠褴翎蹀茱鲥螓瓠褴翎蹀莒徕屐曾橛渊茗椹藉摞檐檫苡殓磲揲藉摞查茗檫茔犰育揲墁荞踽茗榻茗檫孓檐轭踢片蜻蜻箕暨暨箕莛栝卟莛栝弑茜犴磲ㄜ痂檫癌箕莛栝卟莛栝弑茜犴磲ㄜ痂檫及┊莒徕屐趄犷箧饼ㄜ篚磉罱饼摞钡ō暴摞铨暴ㄜ骝徙甾昌巢莛檗昌趄苠痼殪镱摞茼踯铛茚祓栳茆弭猃七茼踯铛七茚祓栳茆弭猃ㄜ骝徙甾昌巢莛檗昌趄苠痼殪镱摞茼踯铛茚祓栳茆弭猃七茼踯铛七茚祓栳茆弭猃苡殓磲接摞茯谓待舆茯屮酏舆茯珂墁墁莒徕屐燥袅泗轱铨荇殪溴听啕褒摞氍臊ㄥ摞┙荏蹴啕浣褒摞荛铈豉苕蜥沱脘↓ㄤ々摞臊遛澍莒徕屐痫莒徕屐轭翦琮荛铘漉芑爆荛铘漉芑蹀啕吝饼莒滹趔蹀啕吝瘕蹀啕逻饼莒滹趔蹀啕逻瘵茼怙骘ゐ犷浏矧ゑ景芑茕轶痨狴篝戾杰骝徙朝插啕饼ㄜ翎酴朝插啕饼ㄜ翎酴荑狒觚荑箴徙妍便睚茕轶痨狴篝戾荏耱酐江苕蜥暹昌ㄜ翎酴暹除ㄜ翎酴冲啕饼ㄜ翎酴莒徕屐备茔犰听江苕蜥沱饼待七茼踯铛妻茼踯铛苕蜥沱饼昌磙昌吝茼觚莛狎糸犰啕茼觚荇桢翎┄赁茼觚莛狎糸犰摞茼觚荇桢翎┇赁茼觚莛狎糸犰哕眭颅莛狎糸犰啕茼觚茆狎茔犰谬莛狎糸犰摞茼觚茔犰谬苕蜥沱饼昌茚祓栳罗昌莒徕屐怛篝灬绮苕蜥沱饼倍莛辇荛铘滢跌荏耱酐琮墁莒徕屐羼旱饼潴薏江苕蜥沱渥薏荏轭柁昌总祛摞帛除赃戕昌莒钷帛除赃戕曹篚磉杲昌摞待澍哧薏荛铘哕享彗彳骝徙饼昌莒彐舁苠痼殪镱啕茼踯铛莒犴怃猃罗哕眭ㄜ疳螋獒爝茴殓徇茴酴逻莒犴怃岖吐蕺哕眭罗茼醌苠痼殪镱啕茼踯铛莒犴怃猃徇茼踯疳螋獒爝茴徇莒犴怃彳蜷玷舂芑莒徕屐育茺荇桢翎掎荇桢翎掴荦杰溴祠徂恺荏耱酐荑忉茚祓栳芟礤玑ㄜ玑眄徇螯吝茯犷珈濠建暴摞颦苕蜥沱饼昌茜犴磲唑ㄜ享彗狳吝茯犷珈濠莒徕屐羼郝虏莒徕屐迦犴盂荟邈蜉杰荛铘滢能避秭弪昌ㄜ钺忪徇堋荟邈颟薏茆荛铘滢能▲荛铘滢能※茕屐翎摞潺ㄜ鲥颞┉荟邈颞┅茯栾茯栾甙肄墁茜犴磲ū末莒徕屐蝻螨苄檫荏殓磲皓ウ溅苕蜥沱波趄暴芴犴怃徂沫昌ù莛椹摞寞昌芮犴磲寞博沫博苘Ζ苕蜥沱波趄暴芮犴磲ú寞博沫暴ù莛椹摞寞昌沫博荛铘甙薇澍茺兽搏薏疝荦摞寞箔饼茴镱蹴忮蜍堀溅氵矮氵避轭暨稗澍茺兽搏薏疝荦摞寞箔饼莒徕屐搴卜莒犷珈遘≤灬铉戾莛箝唛莛箝哧茯犷珈杰灬铉戾莛箝唛蕺莛箝哧茯犷珈遘修禁磙曹秭弪窜痖荛铘啕褒摞荛铈豉潆茱鲥朕昌莒彐糅廪茕徵氅猕氅滢茕徵氅洙氅茯殓梏避秭弪昌荛铘啕褒摞荛铈豉漯茱鲥疝昌徂茕徵皓屺皓荇狨杰骝徙莒犴怃昌ㄔн碍赃癌莒徕屐串洱莒彐舁舆瞑茯栾岍愚哳ㄜ蜩岍茯殓梏┸戾骠舆瞑茯栾药愚哳ō茯栾药茯殓梏茆彗轭狎蜥祆茔犰听咚苕蜥沱饼待七茼茴觚妻茼茴觚ū甾茭弭苠翎薏荇殪溴沁茼觚荇殪溴寝茼觚波茭弭苠翎薏吝茼觚荇殪溴寝茼觚苘Ν茶茭弭苠翎薏苡殓磲莛狎糸犰啕茼觚赁茼觚柁茭弭苠翎薏吝茼觚赁茼觚茭弭苠翎薏莛狎糸犰啕茼觚苡殓磲莛狎糸犰摞茼觚苡殓磲莒徕屐腴铨苠钿狎蜥莒徕屐繇赃睚苠聃轹荛铘甙搌翎铊芑З揄苕蜥沱翎铊芑┺饼饼赃昌芑莒徕屐屮徙酏苕蜥沱茯潺薏茼茯潺薏茆殓珈ㄜ骝徙薏待彳忾珑颟茼桨荞踽彳羼蹰苕蜥沱莛苠痼殪镱荏耱酐膺饼及茴苕蜥沱畿忮翎曹痖荛铘浓澍苕蜥沱琮曹痖札哿甙ㄜ轭骠┉吝皑荛铈豉┹浸荏蹴啕蠼褒摞瞽飙饼筮筮差飙憝簖筮瞽忑筮瞽睚荏蹴啕蠼褒摞瞽飙饼筮差飙憝簖筮哎倪倪莛箝攉荟邈爱莒徕屐徕螨莒徕屐徭蝈宀荏轭薏ㄜ痖氙惟荏蹴啕峤饼匏墁蛇徕墁蜻岈臊倪荏蹴啕峤饼摞锡襁赊莒彐舁柽狳薏荇殪溴柽狳薏茯殓梏┈莒徕屐聂弪睚莒徕屐嘲忾簖茗榻荇桢翎捃犰痂彳灬礅溽哕犰痂彳莒徕屐犷过赀茚祓栳薨杰戾骠檐轻眄揄荇桢翎茯殓梏哕犰痂茔滹芴犴怃徇慝芴犴怃哕犰痂莒彐舁屙廪苣屐翎哕犰痂茯殓梏哕铛茔滹芴犴怃徂茴荞踽苕蜥沱舀些昌苄栝ㄐ薏苕蜥沱饼昌苄栝ㄐ薮茜徇绒殛苕蜥沱饼除茕屐翎摞殛茕屐翎摞腱徇绒腱┙炸揎┽摞殛辙饼揎┈莒徕屐串昌漕唛ㄜ镯彗岍茱鲥滠镯彗猃禁茱礤玑茱鲥莛辇荛铘啕荛铈豉摞荛铈豉滠犰痂狺遛檐犰痂彳镯彗徂昌茼怙则遛檐犰痂彳忉螓三唛薏诌报舂苠茺辂遘秭弪荑忉泯荛铘荛铘滢缠滢缠荏耱酐绋蔬皑迁荟邈荟邈З莛狎糸犰唛п唛摞ūЗ荦吝待荏轫邕簖摞昌苕蜥沱疫簖芜芜昌苕蜥沱筠昌酏寝ㄜ蜩铹航荏蹴哳茱鲥蜢轭妍羞钷ㄜ蜩铹修ㄜ蜩铹铨┊茼悲茴醅茼怙骘豉疱ど怙躅溽蝙泔钿轸轱铙茔滹莒彐舁鲍苕蜥沱察摞昌茕雉忑摞昌冗摞昌苣屐翎啕摞昌苕蜥沱饼苣屐翎啕莒彐舁茕雉忑摞昌燹昌冗摞昌苕蜥沱察茕雉忑冗苣屐翎啕荏耱酐燹昌茕雉忑摞昌冗摞昌苣屐翎啕摞昌苣屐翎啕ㄜ滹酐忑摞昌燹昌冗摞昌茯殓梏茯殓梏苈殓蜍莒徕屐惫褒综荟狎痂楝茯栾萁走摞ū圮鲠蝠栝走摞ū圮蜩镙避秭弪曹痖荛铘滢缠墁逻墁逻遛缠猫┙苕蜥沱篓┸灬礅溽弑昌苕蜥沱猫┸灬礅溽弑待莒犴怃徇爆莒徕屐粗纸霓芮犴磲叽霓芮犴磲叽摞茼踹茱礤玑┻艾荞聃徜摞茼踹茱礤玑┻爱莒徕屐伯卑除遛荑狒荟狎痂辇ㄜ箝珥岍墁遛荑狒茔栝捃溽珑弪ㄜ箝珥岍墁遛荑狒茔栝ㄜ箝珥岍莒徕屐钞豆蛇北杰轭滢北荏耱酐琮臆秭弪茈狃疳薏耻荑狒讫薏啕鄞蔟哺庚荏殓磲荛铘荑狒讫啕鄞蔟荀邃珏荑狒讫啕鄞蔟荀邃珏荑狒笼啕鄢蔟莒徕屐屐弼孱徙糸镱羞莒犴怃睚┙莒彐糗茆彗轭狎蜥祆蔬悫┵唔┉龠悫┦唔┈莒犴怃奖苘蔬悫┵н悫┉龠悫┦н悫┈莒犴怃桨苠钿狎蜥茯殓梏莒徕屐蜥滏秕酏ゥ葡烫献晌躺闻昧挝显屡乱纤盼屡葡遗赴萌烈荑狒莛狎糸犰啕挲滠栳酐摞辇建棉饼┺殡啕觎滠栳酐摞忑荑狒莛狎糸犰啕臊茴镱蹴忮莒徕屐羼后礓殪钷茼觚茴徕灬啕茼觚莛栝桨墁杞苄檗茼酲密轻眄徇茼踯轻眄徇北┻茚祓栳茆弭猃苄檗茚祓栳苄檗茆弭茔犰讫摞苕蜥沱瓠饼昌荞踽荞踽疖珏避聃徜莒徕屐趄轹獒灬莒徕屐篚痼辇茕屐翎莛箝揲苠痼殪镱哕犰痂彳烩揲哕犰痂彳滑芑芑芑芑茕屐翎廪檫茚祓栳苠痼殪镱哕玑眄彳花莛栝揲啕圮玑眄茚祓栳蔟檐溴祠徇茜犴磲茚祓栳芑莛狎糸犰攮莛箝揲┸划莒彐酎奸啕飓饼薇脒飓饼薇檫飓饼薏脒飓饼薏遛苕蜥沱荟狎屦箝祜铨昌冗爆昌檫忑薇脒忑薇檫忑薏脒忑薏拒蜷玷酎苕蜥沱茱鲥蜢轭妍恺茱鲥蜢轭妍潺杰骝徙曹秭弪扉铄慢啕昌耻秭弪扉铄慢啕饼ボ翦酐荇徵补饼线私莒彐舁苕蜥惚苠痼殪镱啕茼踯铛茈狃疳荇狨寝徇茼踯铛寝徇茈狃疳荇狨茯殓梏┺莒彐糅苕蜥沱饼茱礤玑吝苇洱廪订摞弹庚茯殓梏蒉督苕蜥沱吝苇洱廪订薅廪次荞踽芤殓梏狎蝻荞踽廪次奖怼茱鲥ú憝暴　莒彐糗悲曹疳螋獒燹策臬茔犰邶摞七憝昌舂莛狎糸犰唪摞饼茔犰邶摞七憝昌舂莛狎糸犰唪茯殓梏荦揄茔滹舯紧莒徕屐篝蝾珩纛茕雉苄箝抟介廴抟苄箝抟萁茜犴磲甙ō檐玑眄徇檐疳螋獒爝榄遘玑眄徇洲疫愆苄箝抟遘秭弪昌莒彐糗苄箝抟避秭弪荟邈莛狎糸犰薏娃昌蔬败蜷玷糗戾骠蜷玷舂ㄎ荧斡┸镳祯蟥耀耀┊莛栝Ё茯栾Ё苕蜥沱饼昌ㄔЗ薏桨莒徕屐羼后礤酏莒犴怃屺椰苄椹揭ㄜ篚磉蠼饼尬苄檗簏薏肄博摞悲昌莒徕屐灬礅溽茜犴磲啕听杰戾骠ū剔昌茯殓梏┸汇啕荛铈豉荞踽滠溴祠徇听教摞饼莒徕屐钞饼莒徕屐昧饼吝苯苕蜥沱檐篑螋昌擒桠狎倪避箝瞑苕蜥沱饼荑忉螨疬侈ū泰ㄅ疬侈ū┸戾骠遛苕蜥沱辇荑忉螨疬侈ū听苕蜥沱ㄇ荑忉倪暴薏ㄅ疬侈ū┺昌遛苕蜥沱辇荑忉螨疬侈ū听茯殓梏蔟俎衄荏殓磲掎茱鲥锡茗楱衄荏殓磲掎屁┙苠荛铘哚掴苕蜥沱澌曹痖辇苕蜥沱饼莒镧茆殓幺苕蜥沱酲茆狎觚茆殓巛莒徕屐珧邋铖蹰沁呙涣┙苠疖戾骠郗殄荛铘堋堋潸芑吝茼酲╆捃眭攉┸蜷玷糨羞沁屁┇羞沁屁莒彐糅荀殇弭殪溴疫蔽摞ú┸蜷玷糨啕茯ㄉ缮荏轫羼茆弭徂诬箝礤褴屮疖戾骠ō无悲除茱鲥蜍犰痂徇戕茬摞帛除茯殓梏茯殓梏狎蝻靼莒徕屐伯贝莒彐糅茯铸啕冗饼ㄜ痂檫椹茯铸啕冗昌ㄜ痂檫戛茯殓梏萁茕屐翎啕殛茯铸啕茺冗爆冗曹啕茯疴ㄜ痂檫椹歙癌津ò┙败荞聃徜燹莛蜷礤ㄜ痖博津摞莛蜷礤ㄜ痖博桨墁莒徕屐汨村癖褒荟狎屦箝祜钸殛倪莛栝掎莛荟狎屦箝祜钷徕泯倪莛栝掴莛栝捭芟礤玑ㄡ甙徇被膺艾膺暴莒彐糗灬铉戾茯腻酏ū徇诈墁茯腻酏ū膺茆狎诈茱鲥茯腻酏ū徇诈墁茯腻酏ū膺茆狎诈茯殓梏茯犷珈芑莒徕屐箴邈泔蝌猫蜻蜻┙茚祓栳叽ㄜ犰痂徇博修背ㄐ摞渤修辈舆矣札江苕蜥沱茈狃疳莛辇荛铘滢昌芑莛栝莛狎糸犰啕莛狎糸犰啕茯栾茚祓栳吡ㄜ鲠蝠栝莒彐糅莒荀殇彖狒芴犴怃徇筌秭弪磉笼避秭弪昌茯殓梏莛狎糸犰莒篓荟狎痂椹茱鲥莛狎糸犰荟狎痂辇莒荀殇彖狒芴犴怃岌唧茱鲥磉笼墁莛狎糸犰莒罗饼ㄜ鲠蝠栝┸秭弪莛狎糸犰荟狎痂辇莒徕屐羼捍待荏蹴啕斫饼摞荛铈豉莒彐糗灬铉戾苕蜥沱羞瞑弑荇殪溴妖唔弑弑莛栝哚茯殓梏茯犷珈遘戾骠莒犷珈苕蜥沱羞悫卟荇殪溴妖哳卟卟茔栝哜茯殓梏茯犷珈杰戾骠莒犷珈苕蜥沱羞瞑弑荇殪溴妖哳弑弑莛栝哚┄弑茔栝哜茯殓梏茯犷珈濂莒徕屐暹茱鲥蜢轭妍苄栝暨颤暨暴茜犴磲薨茱糸礤茜犴磲薨苄栝暨颤暨暴荦莒徕屐戾徜轭绛痫綮蝾吱颟荏轫莒彐糗茆彗轭狎蜥沆搽薏蜣荇屮趄睇筱犰狎疱螋躜忉糸镱苘措薏蜣荇屮趄睇屐邈趄镯徵铄糸悱珧狯轸狒轱钺疱螋躜忉糸镱苠钿狎蜥茯殓梏墁墁墁墁莛狎糸犰捃眭吝茼踯杰败墁墁墁墁卉墁墁七茼踯铛墁墁荇殪溴讫啕茼踯铛墁杰败墁墁墁墁卉墁墁莛狎糸犰捃眭苄箝哕眭墁杰平屁踹鲍踹初卟踹畅荞踽茚祓栳踹鲍踹初卟莒犴怃岍莒徕屐庚茔犰听啕茯彐纨攒ㄜ疳螋獒爝茼觚┄莛狎糸犰摞茼觚┸ㄜ玑眄徂矮苠痼殪镱┸榻ㄜ玑眄徂碍苠痼殪镱┸弭峤茯栾哕铛┙茯栾啕茴酾┸骝徙褶猫茴酴昌苠痼殪镱ㄜ铛┸屦箝祜瞑茴酾褶猫茴酾┋昌褶猫茴酴昌苠痼殪镱ㄜ铛┸屦箝祜瞑茴酾褶猫茴酾┋昌芑苕矧犰茴踯铄褴铛М莒徕屐豺栾饼吝茼蹀苕蜥沱荏殓磲掎昌茆狎苡殓磲啕茼茴觚蔬茴踣苄栝莒徕屐後逻徕ㄜ翎踹爆荇狨卟苈殓燠茕屐翎ㄜ翎踹荇狨哚┉茕屐翎ㄜ翎踹杯荇狨哜┸麻珧蒈麻珈圮溴祠屺荇狨卟荇狨哚┉茕屐翎ㄜ翎踹箔荇狨哜┸麻珧蒈聃徜莒徕屐溴媛莒徕屐钞斥遛茼踹莒彐舁茱鲥昌莒彐舁遛茼踣草遛茼踣草茯殓梏茱鲥昌莒彐舁遛茼踣草遛茼踣草茯殓梏┸蜷玷舂迁荟弪糗翎酴莒镧茔栝茔栝曹痖遛莛薏荇狨卟苈殓燔鲥螋荇桢翎弑荟弪糗翎酴茱鲥荇桢翎弑捃痱轫濞败鲥螋荇狨苈殓蜍鲥螋莒徕屐羼吼蝻瘕莒犷珈茆苄箝茆茇辇茯犷珈褰苕蜥辈荛铘啕荛铈豉捃轭骠圮痼檗荇犷ō莛狎糸犰啉茗楱茗┸翎瞑莛狎糸犰啉莛箝蕺┹芑澍莒徕屐膊荇蜷犷珈暹茚祓栳茆弭猃摞徕荛铘滢齄滢剡茚祓栳茜犴磲摞徙鳗茱礤玑摞茜犴磲茕屐翎啕沅鳜剡茆弭茕屐翎摞怃爱潴薏啕淖权┺苕蜥沱曹犰痂猃苠痼殪镱莒彐舁澍捃眭茱糸礤澍捃铛苠翎啕茼茴茯殓梏┇权┺苕蜥沱曹忮翎苠痼殪镱苠痼殪镱昌墁苕蜥沱潸薏苠痼殪镱薏莒徕屐澉礤舨倍莛茔犰听遛茔犰她茕雉筌灬忮禧冕泗轱铨茕雉莒铥蒈秭弪榄蔟ㄜ祛ㄛ蒇榄荸Ёè莒蒈秭弪榄蔟З薏讲ㄜ忉茚祓栳啕榄爆辇茆狎茚祓栳啕楝榄饼茆狎茚祓栳啕榄饼茆狎茚祓栳唛莒徕屐惫荛铘苄栝哕亻摞茕徵珏ㄜ茗摞┸需呷ㄜ茗摞╀雳茗茗檗┙莒彐舁茇茼殇溶蜷玷舂莒徕屐箐殒娈惫潴啕卑薏柁悲昌ㄜ蜩铹澍摞茼觚澍摞茼觚柁悲昌ㄜ蜩铹潴叨薏莒徕屐懂吵辈苠痼殪镱摞茕屐翎茜犴磲茚祓栳弑茆弭徇饼霓檫茜犴磲芑茔犰淆啕茚祓栳弑莒滹趔茚祓栳啕蔬昌芑茆弭徇避熹雉筌忮翎啕蔬昌败茺剞蛙杰捃眭揲荦荞踽倪楱丞苠聃轹揲莒徕屐箝眇戾饼赃罱苕蜥沱磙昌昌荏蹴啕虢饼捃轭骠苕蜥沱徇钷茕徵珏氅徇瞑氅氕苕蜥沱饼昌荏蹴啕罱悲铂茔滹趔苣屐翎疝茱鲥疬钷荏蹴啕罱钸茯梢饼摞钸茯罩饼苕蜥沱饼铨荏轫羼茯祛苕蜥沱钸茯罩钸茯梢荏轫羼茯祛苕蜥沱曹提礅溽薏娃茆瘕哕怙艮昌芮犴磲螳差暴茭弭徇舀螬茭弭屺苕蜥沱螳差饼昌芴叱┸卉忮翎摞簖芎茴镱蹴忮莒彐糗茆彗轭狎蜥沣泯莒犴怃徂缠瞢莒彐舁蕲苣屐翎茯殓梏│溅茈狃疳茱鲥虼苘苘莒犴怃徂缠瞢蕲溅茈狃疳茱鲥虼墁遛苕蜥沱赐茈狃疳莒犴怃猃芑苠钿狎蜥茯殓梏很痼檫颥猃蕺莛箝啕蟋恺莛箝啕颥猃蕺莛箝啕筲莒犷珈包莛箝啕颥猃蕺莛箝啕筲败蜥铉戾莒徕屐铗矧茔犰妄ㄜ翳弭岍杰戾骠ㄜ忮玳铥狎蜥沣茔矬荇桢翎荏轭荇桢翎苘荏轭荇桢翎茔矬荇桢翎苠钿狎蜥茯殓梏┸灬忮禧蝻酏莒徕屐羼詈喷蹉栝柔铙镱潴薏ū苕蜥沱无待蜣待┄苕蜥沱螨肝┺波滠翎次茔矬荇桢翎滠痂椹薏ū苕蜥沱无待蜣待┺饼潋薏苕蜥沱饼待蜣蹭芟礤玑薏弑杰骝徙饼昌莒彐舁攉攮茯殓梏荞踽卟杰骝徙荛磲翳昌莒彐舁攮攉茯殓梏荞踽叱杰骝徙饼昌莛栝ㄜ箝珥岍墁遛墁荏殓磲荟狎痂楱荏殓磲莒徕屐钞钡胚昌莒彐舁憩莒犴怃茯殓梏讲苕蜥蛀曹痖薏荏蹴啕旖褒捃轭骠荏蹴啕榻饼薏荛铘甙捃轭骠漯疝曹篑螋胚檗曹戾骠瓞憩燔蜷玷舂扫洮岈悌荛铘啕褒摞荛铈豉芑澍茱鲥薏滢博屺薏滢博摞悲昌茱鲥薏戕昌莒徕屐羼脖荇蜷犷珈遛簌睚舂艮荇轫弩避糸礤衄疫朕ㄎ哝弑莒滹趔唠桐茕弭莒彐糅诉无ㄎ哝唛哧桐茯殓梏葸楝杲爆莒滹趔臊莒徕屐泔蝌驺酏芟礤玑叱避秭弪骋薏荟狎屦箝祜钸荑狒碥栳钴栳疖栳颀剞荑狒睚湄摞荑狒铨湄摞荑狒瘕湄摞荑狒颀墁荞聃徜荇殪溴芟礤玑叱避秭弪骋薏荟狎屦箝祜钸荑狒恣荑狒瞌荑狒皈荑狒瘰剞荑狒恣湄摞荑狒瞌湄摞荑狒皈湄摞荑狒瘰墁杰忮翎荏翎汶蝈禧茯殓梏栳蝠镲铛瘕忑杰忮翎茯犷潺蚪茆弭茼醍莒徕屐羼箦鲥铨荇殪溴苄箝н茴江茆殓歙茴茆妄茕屐翎ㄜ箝珥岍茆殓颟荇殪溴苄箝哕铛芫茱鲥睢荛铘滠享彗莒彐糅胚莒彐酎俎飑啕徇茔滹趔徇铨茯殓梏薏胚莒彐酎俎飑啕徇茔滹趔徇铨茯殓梏薏胚莒彐酎俎飑啕徇茔滹趔徇铨茯殓梏薏茯殓梏莓冗茆狎莛狎糸犰摞瓞瘕茼狒桡犰旋揞茔镱冗囊摞拆茔镱肄ǐ啕殛腱苕蜥沱饼昌邕轫邕觐莛栝摞眍瘃肄ǐ啕瘃腱莒徕屐箐引キ赁殛呸殛玉螋昌吝剔茚祓栳咛揿吝肄茚祓栳咭掾娃茆弭彳玑眄猃啕北杰骝徙赞茆弭彳玑眄猃杯蒙摞茆弭彳玑眄彳饼赞茆弭彳玑眄猃赞茆弭彳玑眄彳昌杰骝徙蒙摞茆弭彳玑眄猃┺淡蒙摞茆弭彳玑眄猃ū蒙摞茆弭彳玑眄猃┺昌┄杯敞蒙摞茆弭彳玑眄猃┺昌吱荟狎痂檫褒┙窜篚磙荛铈豉啕蠼饼荛铘苕蜥沱滢待瘕ú莛椹摞待苕蜥沱ō暴摞簖搀苕蜥沱ㄍ畿鲠蝠栝啕褒┺搀疝昌啕琵┺簖屁莛栝┙荛铘苕蜥沱滢酿ú莛椹弈苕蜥沱饼疝搏娃波莛栝莒徕屐起栝茕屐翎苄箝啕荑狒猃莛狎糸犰啕荑狒猃苠痼殪镱避秭弪庚绒饼ㄜ疳螋獒爝荑狒猃醛苠痼殪镱避秭弪庚茜犴磲摞荃钿弪扉铄貘茜犴磲啕荃钿弪扉铄荑狒猃ㄩ荏殓磲卟苠痼殪镱墁蛇驱杰轭荏蹴啕鸾褒摞垆草茚祓栳啕瘕剔皓莒徕屐田鲠泗轱铨苄檫茼踯铛摞ㄉ遛昌棉ㄉ茱鲥昌墁荛铘滢铨胲秭弪ú莛椹摞铨墁ū茔矬疖糸礤氅茱鲥朕昌氆皓摞昌墁芜茼踯铛摞ㄉ卉卉卉卉卉卉卉卉卉卉卉结猬苈殓莒犷珈苕蜥沱饼待荛铘滢带墁滢窜翳弭彳苈殓ㄜ痂檗遛仓莛栝荇殪溴莛栝蕺遛仓荇殪溴莛栝苈殓┸麻畿蜥铉戾爱茔犰听苄箝叫茺茼踯莒徕屐羼捍庚襁ū今唛茕屐翎唛揸荞聃徜茆狎颀啕ū杰忉螓颀唛茕屐翎唛揸荞聃徜赃ū皆唛茕屐翎唛揸莒徕屐串狈槽啕辈啕炒曹骝徙啕辈啕泊啕炒啕泊啕泊薏苕蜥沱饼啕泊薏ū茼狒桡犰淆啕辈啕炒┅茔犰育吲杰轭暨稗荇狨漪荛铘甙摞莛辇滠箝珥莒彐苕蜥沱茯栾昌莒彐苕蜥沱莛狎糸犰佚莛狎糸犰酏茯殓梏┺苕蜥沱茴觚昌莒彐苕蜥沱莛狎糸犰佚莛狎糸犰荏殓磲茯殓梏┺茯殓梏┊茕屐翎罗琮啕荑狒褒茚祓栳苕蜥沱饼荏耱酐猃茆狎妪啕茚祓栳摞芑芑辇莒彐舁茕屐翎茆弭猃摞琮啕镩鲞辇茕屐翎茆弭徂猃茯殓梏┊茆彗轭狎蜥忑荑狒正摞饼脒爆脒博吝茆狎茆狎┚杰堞苘溅遛檐痖腚弑脒昌墁遛苕蜥沱饼昌殡莒彐糅脒避翎醐脒博茱鲥蜢轭妍吝茆狎摞ò癌脒避忉螓荇狨脒博吝茆狎摞ò癌茯殓梏蔟茳吝茆狎茆狎┉苕蜥沱檐痖荇狨卟ㄜ翎脒杯脒博拒苠钿狎蜥茔栝埯茔犰妄哕犰痂彷禁茱鲥巢莛檗昌荛铘啕茔犰妄啕茚祓栳苡殓磲ㄒ薏匆薏啕茼踯铛肄策茼踯铛茚祓栳茆弭猃┇ū茚祓栳茔栝圮娱珥彷莒徕屐捧戾虼咏苕蜥沱庚茈狃疳薏荛铘漪滢曹翳弭滢茱鲥蜢轭妍荇桢翎绍≤∥摞饼哩绍≤∥茆妖摞茼觚┈莒徕屐钡冗穴衄摞蝇忑茔镱冗穴舂摞育茱糸礤蜜埴葺茔镱畿栳酐三啕穴衄摞育瞑茱礤玑遛茚祓栳薏茱礤玑薏茱鲥螓杯遛茚祓栳薏茱礤玑薏呀苕蜥沱饼谬荛铘啕赃昌邹茱礤玑莒徕屐羼貉溴骈铋糸镱曹篚磉杲饼摞颦昌贶钸太碑莒徕屐泔眇戾翦铄篌莒徕屐忖荑狒引啕辈褶饼诉饼荑狒引啕辈褶饼诉饼诉饼荑狒引啕辈褶饼诉饼荑狒引啕辈褶饼荞踽洮莒徕屐忉汶珧秕钿莛箝杰篑螋茯栾甙遛轭荇桢翎荞踽吝敖艾荞踽潲茆笼杰骝徙铨妪苕蜥沱茆妪哕翳弭猃螨赞妄茔滹赞锡ㄍ莒彐趄殓梏狎蝻惟孓臀她赞她莒徕屐炊堰战荛铘哒赀鸾荛铘哒洙涿唣┙荛铘啕莛狎糸犰正涿唣杰轭暨莛狎糸犰正沁皤饼溶麇溏眠瓠昌ㄜ疳螋獒皓蕺莛狎糸犰茉桢翎莛狎糸犰茆弭七茯怙箦无莒镧鄄荏轭瑷茆弭疫茯蝽簖┹舆茯磲篌轹遘缮笼棉ü荏轫荛铘滢卑荏耱琰莒彐茺遛曹痂辇莒彐糅噎川莛狎糸犰莛栝┺茯殓梏苕蜥沱饼荇轫弩卑↓ㄇ摞ū癌┺茔滹趔茯殓梏荦墁莒徕屐霉憩莒滹趔浠芑芑芑芑芑芑岈猬莒滹趔缁芑芑芑芑芑楝戡莒滹趔芑芑芑芑芑芑ㄧ莒羼洎圮栳酐苠翎摞ㄩ┸眭啕睚荑狒苠翎摞茕徵珏戛茴觚啕铨角摞茼踯铛茕屐翎摞楝挲茕屐翎啕憩铨莒徕屐羼恒镯眭翎麸镦弭猃苄栝薏讲洵耻秭弪洵昌褴需檫莛栝茜犴磲啕徕建莛栝哞茱鲥莛栝┺洵耻秭弪洵昌遛曹秭弪褴需檫椠莛栝茆狎茜犴磲啕徕莒徕屐诞庚猫荇桢翎┙莒彐糗茆彗轭狎蜥忑茔雉荇桢翎荑箴徙妍爱点睚茯骘螨荑箴徙妍爱炽睚虢爆苘败梵疳沐爱点睚茯骘螨荑箴徙妍爱炽睚虢艾苘茔雉荇桢翎荑箴徙妍爱点睚茯骘螨荑箴徙妍爱炽睚虢爆苠钿狎蜥茯殓梏苠翎摞祉莛狎糸犰啕辇莛狎糸犰啕挲莛狎糸犰啕睚七妄莛狎糸犰啕忑莛狎糸犰啕臊莛狎糸犰啕铨七妄苠翎摞祉莛狎糸犰啕挲莛狎糸犰啕臊莛狎糸犰啕睚七妄莛狎糸犰啕辇莛狎糸犰啕忑莛狎糸犰啕铨七妄莒徕屐獾莒徕屐脶殓稞潴薏啕瞰除遛差誊蜩稞澍薏遛刺茯栾ú澍漪荏蹴啕榻饼揞澌揲薏┇滠蜩镛蔬缔茼踅苕蜥沱遛昌杠痖薏苠痼殪镱摞茼踯铛莒犴怃彳箝珥猃吝茴觚七莒犴怃彳箝珥猃荑狒凝ㄜ栳酐觚┙莒犴怃徂饼荑狒妖ㄜ栳酐觚莒徕屐狈瑷颟杰弭莒彐舁荏耱酐苕蜥沱莒犴怃徇昌曹灬礅溽弑苠翎诉ú荏耱酐苕蜥沱莒犴怃徇昌莒犴怃徇饼苠翎颟茯殓梏莛狎糸犰哕翎踯灬铉戾荇狨荟弪К败蜥铉戾江莒犷珈荇狨荟弪溶鲥螋К败蜥铉戾芑茔犰听啕忧杰骝徙饼昌莛狎糸犰啕茼荟狎痂莛狎糸犰啕茼荟狎痂ボ骝徙茚祓栳啕褒莒犴怃摞昌莒彐舁茔矬莒犴怃荟狎痂避蜷玷舂莒徕屐饼孓ò孓ū孓ò苕蜥沱茕屐翎琵茕屐翎纨孓ò茔滹孓ū苕蜥沱饼昌苕蜥沱茕屐翎薏琵茕屐翎孓昌孓ò茔滹ㄦ摞ū┺茔滹趔莒徕屐屮疳钿琵茔犰听啕沆狍簖禁茔犰听啕沆狍簖ㄜ痂楝茚祓栳┙荏蹴唛莒犴怃徇楱茚祓栳墁茔犰驱唛莒徕屐痫觚苄箝吲摞ō杰戾骠ㄜ忮玳铥狎蜥忑遛苕蜥沱荇桢翎昌荏蹴孢遛莒彐舁瞰苕蜥沱饼昌茯殓梏┸翳弭猃苘遛苕蜥沱荇桢翎昌荏蹴邕遛檐戾骠瞰苕蜥沱饼昌茯殓梏┸翳弭猃苠钿狎蜥茯殓梏圮疳螋獒啉苠翎萁败圮疳螋獒啭茗檩借к莛狎糸犰啉梃к弭莛狎糸犰啉柢弭莛狎糸犰啭ゥ葡烫献晌躺闻昧挝显屡乱纤盼屡葡遗赴萌烈莛狎糸犰啉莛栝苈殓睃啕桨江荏耱舨砹茱鲥蜍忮翎荏轭茆弭彳痂榀荏耱舨苈殓睃啕桨莒徕屐箝铄忏莒徕屐诞伯昌芮犴磲揲啕荃钿弪扉铄茚祓栳荃钿弪扉铄茆弭猃杰戾骠ㄜ忮玳铥狎蜥沣茕屐翎捃犰痂徇茆弭屺茜犴磲摞辇┻褶螨苘茕屐翎哕犰痂徂茆弭屺茜犴磲揲┺襁螨败孱潲狎蜥茯殓梏┸荞踽榻爆弟疫殛苕蜥浓唛哧┡唛哧浓唛哧唛哧苣屐翎啕荟狎屦箝祜茱鲥蜢轭妍荟狎屦箝祜摞ū杰骝徙荏殓磲薏曹沅雉苕蜥沱憝檐鲠蝈痼殪镱荀殇彖狒瘕岔茔滹糗骝徙憝檐秭弪扉铄荟狎屦箝祜茱鲥蜢轭妍瘕岔茔滹莒彐舁杯荏殓磲唣薏茯殓梏杰畜啕荟狎屦箝祜茱鲥蜢轭妍荟狎屦箝祜铨茔滹茱鲥蜢轭妍苄箝啕荟狎屦箝祜茱鲥蜢轭妍荟狎屦箝祜茜犴磲啕谍芮犴磲啕谍茜犴磲啕谍墨能轻眄徇谍桨荟弪戡探徒茯犷珈避秭弪荏耱酐碴饼芑荏蹴啕碥江挲揸荟弪戡憩茯犷珈莒徕屐麽秕酏戕ò茕屐翎ㄜ铛苠聃轹莒轫啕糗麸褒戕òㄜ铛舂茱鲥茴蹀瞽昌荞踽兽莛睚甙觏窘荏耱酐悫碥痦暴戗戢暴芑觏莛本茕屐翎荏耱酐苕蜥沱戗戢暴潺苕蜥沱荏耱酐戗戢暴螨莒徕屐羼哄痼桨荇殪溴寝笼啕茼踯铛荇殪溴寝听啕茼踯铛避秭弪朕昌脒茼脒茴踯忾珑歙ㄜ灬礅溽朕搏苠翎薏┸秭弪ㄜ弭彳沅雉氅薏ū莒犴怃岍茱鲥朕昌茆殓珧脒圮眭苠翎啕茴踺攉茱鲥螓朕曹弭彳沅雉臊愚波瓞瘵墁墁妯瓞瘵墁杰疝榜甙疝瘪弑疝柴卟疝绸叱┺搏川疝拆蕹疝榜弑┄疝瘪甙襁柴叱荀殇弭殪溴芟礤玑唛摞ū荛铘澌剡殛┸需檗戗┊莒徕屐羼呼轫屣蜾弪轭琮肄斑莹妻茱糸礤铨签杰轭滢茼狒桡犰引啕莛檫舁暴┸熹雉茼狒桡犰引啕莛檫舁瞟┣┻莒徕屐钡谵荏蹴啕峤饼摞倍褶甥哚茱鲥荟邈荟邈哚墁荞聃徜荏蹴啕峤饼摞倍褶甥哚桨茆弭徇檐忉蜍觏狒椠江苕蜥惚曹痖疫檐忉蜍觏狒椠苕蜥沱窜弭屺畅敞窜痖┺待莛狎糸犰唛莛狎糸犰啕茆狎荜磲翳莒彐糅疫胲忉祉茆狎铨肄疖忉祚茆狎铨疫瘥揠唏揄疫胲忉祉茆狎铨肄碥忉铕茆狎颀疫疖忉颀摞胲忉忑茯殓梏莴莒滹趔莒徕屐羼捍焘茺妻荏殓磲茴觚捃眭荦茺妻荏殓磲茼觚捃铛荦茺妻茼踯铛捃箝珥彳瓦哲荏泸轲趔豉戾茯黹铨摞胚胚洱茚痧蝻诞垂荇轫弩卑摞狈荇轫弩甾胚胚洱哒荇轫弩苕蜥沱饼荏耱酐爱案荇轫弩莒彐舁甾胚胚洱哒茯殓梏┺昌墁茯清铸墁莒徕屐潸错轭莒彐舢茆彗轭狎蜥忑ㄜ玑眄岍禁摞邕待塾叽蒈梵疳沐岔睚摞邕除塾叱蒈梵疳沐岔睚摞邕昌塾卟蒈梵疳沐岔睚摞邕饼塾弑蒈梵疳沐岔睚圮檩苘苘荑箴徙妍俄睚桔茗檩荑箴徙妍岔睚摞柽待塾叽蒈梵疳沐岔睚摞柽除塾叱蒈梵疳沐岔睚摞柽昌塾卟蒈梵疳沐岔睚摞柽饼塾弑莠苘苠钿狎蜥茯殓梏苕蜥莛狎糸犰茗檫饼莛狎糸犰甙茗檫苕蜥莛狎糸犰茗檫饼莛狎糸犰弑桨荞踽弑茗檫甙狡ㄜ檫暴莒徕屐惫滏唛溲唛苕蜥沱莛狎糸犰ㄑ唛莛狎糸犰堰芑莛栝哚莛栝哚杰痂檫鞭搏莛栝卟薏莛栝叱薏奖莒彐舁荇殪溴茚祓栳啕数茯殓梏啕臊杰骝徙饼荏耱酐铨荏蹴啕榻饼摞铨ボ镯彗徂狮榄暴莒彐舁茚祓栳啕辇茯殓梏啕臊墁墁荞踽滠镯彗峤遛曹痖榀铨墁墁荞踽受轭莒彐糗艾爆铂茔滹趔瞽避蜷玷糗杰磲翳怄邶啕铨墁墁赃殡建杯曹弭┸疳螋獒啕辇荟狎痂莛狎糸犰啕臊荟狎痂楂ú茭弭悲博邕殡莛狎糸犰摞忑荟狎痂莛狎糸犰啕忑荟狎痂榄曹弭荟狎痂茴徕灬啕辇茴徕灬啕臊荟狎痂ū箔曹弭岍磙昌邕殡荟狎痂摞昌莒徕屐磐员圬啕数圬摞数剡鬯葺钸梯避秭弪待茺茆狎莒犴怃岈芮犴磲啕颂莒犴怃彳爱莒徕屐铙羼踽糸镱猫氍皓杰戾骠ㄜ忮玳铥狎蜥沣沣沣泯唉唉殡茕屐翎ㄜ忉氆茆狎皓ΠΠΠΠ苘唉查茕屐翎ㄜ忉氆茆狎皓ΠΠΠΠΠ苘檐溴祠屺茆狎氆茆狎皓ΠΠΠΠΠΠ苘唉唉唉唉唉茕屐翎ò│败馨ΠΠΠΠΠΝ茕屐翎ò┸馨ΠΠ茕屐翎ò│唉唉败馨ΠΠΠ茕屐翎ò│唉败苘孱潲狎蜥茯殓梏┸莒徕屐钞俘芮犴磲啕茯彐纨摞茯兄芮犴磲啕茯彐纨摞茯兄ū芮犴磲啕茯彐纨摞茯兄墁ㄜ鲥沱琵倪崮掎莛栝茔滹趔杰骝徙莛狎糸犰吱冤莛狎糸犰札莛狎糸犰唪呀苕蜥沱茕屐翎茔犰三ㄑ些茕屐翎旋荞踽莛狎糸犰唪薪苕蜥沱茕屐翎茔犰三ㄑ些茕屐翎妖ゲチ哧皇┙ú莛堰石殓┸屦箝祜钸觌莛狎糸犰唠茺苣屐翎咄┉苣屐翎甙┸莒彐糅磉褒摞沫昌诉泸摞苕蜥沱沫昌昌苕蜥沱饼荏耱酐莛辇芮犴磲ㄜ骝徙沫饼昌┸轻眄屺苕蜥沱凝昌┸蜷玷糨芮犴磲ū苕蜥沱凝昌┙爱莒徕屐羼詈泸轸玑瘕茕雉恺杰骝徙饼遛舁┉潍沉杰骝徙饼遛舁┇搽偏呈莒徕屐轭汊莒徕屐敲苄栝耷啕饼瀚茭弭莛檫褒摞饼芑芑芑苄栝耷卟茔栝芑芑芑苄栝耷啕耻眭膺茼踯滑芑芑苄栝耷叽啕褒茭弭荇狨芑芑芑苄栝耷叩莛箝薨芑芑芑茆旋莒彐舁荑狒猃摞茕徵珏螨啕徇饼莒滹趔荑狒猃摞茕徵珏螨啕徇螳饼赁徇莒滹趔徇螳饼啕芑芑荞踽荞踽膺莒滹趔膺簖荑狒猃摞膺饼莒滹趔荑狒猃摞膺簖茯殓梏荑狒猃摞茕徵珏螨哚宿暹罱茜犴磲哳墁卉聃徜暹方茜犴磲叩墁荞踽暹瞰除暹暹茜犴磲哳茜犴磲叩墁荞聃徜罱爆铂耻莒犷珈遘畜苄栝茯犷珈杰轭茱鲥蜢轭遘畜辇苄栝遛莒犷珈诂谲蜥铉戾茔犰凝邴茔犰凝茱鲥蜢轭邶墁茔犰讫ㄡ芴犴怃岍禁杠痖膺饼芴犴怃徂册薏荛铘掎啕窜提礅溽莛辇澍茔犰驱弑摞除膺避痖蕹茱鲥待徂铂莒徕屐後轳黝潺荏蹴茴镬轫轸筮慢墁苄栝啕谅茚篝踢慢摞莛ㄜ翳弭颟津墁瓦笼茔矬柢翳弭莒ū苠ō踢笼摞莛ㄜ翳弭颟┅荞踽墁莒徕屐翕猃吝茼觚苕蜥饼柴苕蜥沱楱茱鲥蜢轭妍莛箝茜犴磲啕茼觚荏灬箬莛狎糸犰莛箝茱鲥蜢轭妍莛箝茱鲥蜢彐翎蝌秣荏灬箬莛狎糸犰茜犴磲啕茼觚莛箝赀茼觚茱鲥蜢轭妍莛箝莛箝莒徕屐羼捍哪轵徙语祛结廛秭弪扉铄莛箝啕褒莛箝啕褒荞聃徜莛箝姐莛箝啕褒滠秭弪扉铄莛箝啕褒荞聃徜茱鲥蜢轭妍莛箝姐蕺茱鲥蜢轭妍莛箝啕褒滢莛箝啕褒莒徕屐徕沅莛狎糸犰揄茆狎茔栝啕茕雉茚祓栳莛狎糸犰揄茔栝啕茚祓栳艾莒徕屐吹者殛苠疖戾骠荇屮趔豉戾避秭弪昌徂苠痼殪镱啕殛臊罗徇臊荇狨掎茯殓梏墁莒徕屐羼慢茭弭徇蟥苣屐翎哓茭弭徇蟥苣屐翎哔┇茭弭徇蟥苣屐翎呲┙艾荞踽滠骘蜥祆螽羞妄摞锡┙苕蜥沱荏蹴啕罱褒摞锡吝铨摞铨荏蹴啕罱褒摞妄逻铨摞铨莒徕屐疳浔渊酴莒彐舁茆彗轭狎蜥泓泯蹀荟邈觚摞茼狒栩睇札苘荑扉铄苠钿狎蜥茯殓梏疬茼赞榆蜷玷翎蝌秣林啕茼茴觚讲黹赞榆蜷玷翎蝌秣兄哕铛茴徕灬啕茼觚莛栝啕茼踹避滹趔茼踹臊ㄜ疳螋獒爝茼觚茱礤玑啕茼觚┸痂檫茼踹避滹趔茼踹臊荏蹴啕榻饼摞臊芮犴磲啕茼踹辇茼觚摞莒犴怃猃莛栝啕茼踹避滹趔茼踹榄饼莒犴怃彳眭啕楂饼茕雉筌眭唠荟弪茯镳孱兽徇饼荟弪昃莒徕屐篝狒弩莒徕屐箫丑锍莒彐舁茆彗轭狎蜥沣荑狒苘荑狒茆狎苠钿狎蜥茯殓梏┈茺荑狒佚摞茼荑狒育摞茴莒犴怃荦Ы曹骝徙茆狎旋摞茴荑狒育摞莒犴怃茼茆狎旋摞莒犴怃荑狒育摞茴茼ㄐ茆狎旋┺昌苕蜥沱葱摞茼ㄐ茆狎旋┺昌ㄜ忉螓旋摞莒犴怃霓茴茯栾吝茯栾茆狎旋摞茴霓莒犴怃茯栾吝茯栾┊茴镱蹴忮苘赞伴萝糸熹胚ㄜ疳螋獒爝胚戛吝苕蜥沱布罗簿芴犴怃徂茈狃疳莛狎糸犰唛僚苕蜥沱妄庚莛狎糸犰哧吝荇殪溴吝吝荇殪溴吝椹卉灬忮禧盹礤铘蹴莒犷珈苄栝攉茯犷珈茱鲥茔矬坩氵茯箸铨氵莛茯箸莛药蔟莒徕屐鲥鲳栝除莒徕屐徜桧荏耱酐茈狃疳薏茚祓栳薏杰骝徙莛莒犴怃徂昌踢踢昌疫波唛哧孢爆饼唛哧茈狃疳茱鲥昌莒彐舁孢铂饼唛哧孢爆昌唛哧茯殓梏┇熄茈狃疳薏┈莒徕屐赭镡镤苣屐翎摞ūㄜ忮翎咭茆弭徇涩氍弑楔茆弭徇尹茆弭徇涩氍茯义啕饼┈茯身啕饼┅苠翎捃眭ㄜ箝珥岍荑狒茗檗茼ㄜ箝珥颞荏殓磲┅莒徕屐溴泔眇莒徕屐彐睚磙波舂巾薏苠皎ú曹犰痂岖苕蜥沱曹犰痂徂昌艳昌舂溥疬饼棉徇饼啕疬饼冗鞭徇饼芑溥疬饼冗鞭徇饼艾莛狎糸犰叩莒彐糗灬铉戾苄栝茯殓梏茯犷珈邕缔莛栝捃溽珑弪莛栝莒彐舁茕屐翎叩避秭弪曹痖引茯殓梏莒徕屐需轶镬莒徕屐箝珥猃荏殓磲啕徕巾薏茕屐翎啕徕鲞徕苄檗查荇桢翎蕲羞疖箝珥徂荞聃徜茆狎苄檗查羞荏殓磲摒茆狎荇桢翎蕲荀殇彖狒瘕摞猃莒彐酎逻佚茯殓梏茯犷珈堋杰戾骠荀殇彖狒颀摞辇摞辇茯殓梏莒彐酎逻佚茯殓梏茯犷珈堋桨莒徕屐邈昌碥秭弪昌莒彐糅茯则莒彐舁苄栝薏茯殓梏┉茯则莒彐舁荀殇弭殪溴苄栝薏茯殓梏┸蜷玷糨莒徕屐羼郝矣除莛栝捃痱轫暹楱┙莛栝唛┇茕屐翎啕茯乱育莛栝唛┸澡弭巅莛栝莠莛狎糸犰总秭弪莛狎糸犰茆狎颀荞聃徜芴镱珧殓梏狎蝻荞聃徜窠熏芟礤玑荇芟礤玑荞聃徜茯犷潺荞聃徜芟礤玑荇悲芟礤玑苄箝┙ú莛┺朝昌荛铘莒彐糅苄箝摞ㄜ磲翳怄瘕╁摞轲苄箝摞茼狒桠纣瘕╁摞轲茯殓梏滢仇茆彗轭狎蜥忑苄栝啕昌建莛栝啕昌摞┺饼茺倪昌荦啕瓞颀苘茆狎苄栝啕昌杰痂檫昌摞苘苄栝啕饼建莛栝啕饼摞┺饼茺倪饼荦啕瓞颀疝倪昌苘茆狎苄栝啕饼杰痂檫饼摞褶倪昌苠钿狎蜥茕屐翎茔犰听啕蝈潺荏轫莛狎糸犰啕ǐ莒彐埝茆狎苠痼殪镱倪莛箝┸痂檗惝惝茯殓梏蔺莒徕屐篌苠痼殪镱哕磲翳怄瘕莛荏耱酐莒彐ㄅ哕磲翳怄瘕莛茼茯殓梏┺搏茔栝薏莒徕屐筱飙箴舨荛铘滢拆昌荏耱酐茕弭ㄜ溴祠徇殛曹痖茚祓栳七殛呀苕蜥沱饼曹痖引荛铘莒轫轸摞听啕褒莛狎糸犰啕荟狎痂墁舂澍墁荑狒茔犰铸芑ㄜ羼蹰茔犰铸墁荑狒笼荇荛铘苕蜥沱滢墁待旋ú莛椹薮墁遛茔滹莒彐糅茔滹莛狎糸犰哓ㄘ些茯殓梏荑狒笼莒徕屐屮ゥ啕辈摞笼进啕饼摞笼啕昌摞笼檐忉螓荇桢翎啕查茜犴磲摞笼荇桢翎摞辇啕饼ゥ妯钸鳖卟铍茆狎纨钸爆钸铂铍┙避灬忮禧姹茔犰凝莒彐舁茆彗轭狎蜥沣苕蜥沱滢昌澍薏败Ν苕蜥沱滢昌澍薏喘苕蜥沱洱茔矬柁缠苠钿狎蜥茯殓梏┸耨踽舆怙簖墁杰荛铘滢墁莒彐舁莛苕蜥沱辇昌吝茼觚苠痼殪镱啕茼茴莒犴怃猃莛狎糸犰啕茴觚吝莒犴怃彳墁苕蜥沱辇荏耱酐莛辇筮茼觚苠痼殪镱啕茼茴莒犴怃猃莛狎糸犰啕茴觚吝莒犴怃猃茯殓梏莒徕屐碑膊茱礤玑哕痦瓞荏殓磲杰篑螋猫皓薏磙策荏殓磲篓皓莛碥提礅溽┺昌查莛檐澡弭巅苠痼殪镱┹圮惠茔犰慢ō茚祓栳茆弭岖茚祓栳暴莒彐糅遛檐痖苠痼殪镱┸犰痂猃遛檐痖茚祓栳茯殓梏蔸摞茚祓栳茆弭岘饼莒徕屐铎箜哽徵茔犰听避秭弪昌莒彐糗哲疳螋獒爝茼觖茆佚茔滹莛狎糸犰捃眭茆佚辙饼茔犰凝哕眭荟狎痂茔犰凝捃眭荟狎痂茼蹀辙饼茯殓梏荦茆彗轭狎蜥蜚祆莒犷珈遘眭啕莒犴怃徇饼茼踹莒犴怃徇昌茼踹莒犴怃徇除茼踹莒犴怃徇待茯犷珈溅茼狒桡犰讫啕莒犴怃徇爆莒犴怃徇铂莒犴怃徇超莒犴怃徇待莒彐酎莛蝻溥榧挲啕殛摞莒犴怃徇檐灬礅溽哧茯殓梏薏荑怙骘ぼ灬礅溽弑莒犴怃徇搏莒犴怃徇倡莒犴怃徇唇堡墁苘溅茼狒桡犰讫啕莒犴怃徇爆莒犴怃徇铂莒犴怃徇超莒犴怃徇待莒彐酎莛蝻溥榧挲啕殛摞莒犴怃徇檗莒犴怃徇贽茯殓梏薏荑怙骘ぼ灬礅溽弑莒犴怃徇搏莒犴怃徇倡莒犴怃徇唇长墁苠钿狎蜥走辇ㄜ┙荛铘啕褒摞荛铈豉檐腻祠摞ㄜ茈狃疳┸蜩啕辇ㄜ脶痧岍滠脶痧荞踽榻爆茆旋禁茆瘕荞踽茆妄茆瘕荇轫弩茆荏蹴啕榻饼尬茆瘕唛荇轫弩茆妪唛茆瘕荇轫弩茆荏蹴啕榻饼尬茆瘕捃怙酏唛荇轫弩茆妪唛苕蜥辈荏蹴啕楝杲饼尬莛栝啕殛茆妪唛荇轫弩茆妪哧莒徕屐珏铄蜥麸蝮茔犰琵蘼杰骝徙丙辈莛辇荛铘莒轫轸筮荛铈豉捃轭骠垆荇狨墁徂曹篑螋妲洙彳篑螋妲┹エ惫磙波徂帛铂茔栝苕蜥沱茼蹀册薮待莒徕屐羼喉狍恺莒徕屐汨殁荇殪溴能糸熹遘翳弭岍摞饼茔犰凝卟禁茔犰凝叱啕蚪茯栾苕蜥沱辂茜犴磲蕹茯栾莒徕屐忉箝汩溴铘轸荇殪溴徇册弑徇超荞聃徜荇殪溴徇册卟徇钞莒怛徙爆茯怛徙脒谶昌莒怛徙爆茜犴磲茯怛徙脒谶昌桨荞踽莒怛徙茜犴磲茜犴磲茯怛徙脒谶昌江伯莒徕屐诓篚疱蝮眄弭蜷弩苕蜥沱辇曹荛铘滢待ㄜ疳螋獒荑狒笼摞猃┺昌潴薏蜣帛肄暴漪唧薏潋薏茱鲥蜣帛肄饼蜣蹭芟礤玑薏啕沫昌芑茆琵啕荛铈豉荏轫羼苕蜥沱墁茆螨莛蜣除墁苘茆慢啕荛铈豉荏轫羼苕蜥沱茆睚荀邃珏茆螨窜痖蜣除墁莒徕屐脲蝾羼钞贝浓飑杰篚磉虢饼揿浓飕氅杰骝徙饼忑荏蹴啕潼忑茼酲殳洎莒彐糗七浍饼七洵饼茯殓梏荦墁莒徕屐澎莒徕屐羼红茆彗轭狎蜥沣忑荟箴徙妍层睚Ζ茱礤玑薏┙茯则苈殓圮麻绋拽ㄜ栳苄栝┇圮栳噩荑狒佥苈殓┸骝徙丙荑狒苄栝苈殓苘Ζ茱礤玑苈殓檐骝徙聿苈殓┸镯彗彳麻绋檐骝徙聿苈殓┙茯则莒彐舁荑狒佘栳剀骝徙丙荑狒苄栝檐骝徙聿荑狒剀栳佘骝徙丙荑狒苄栝檐骝徙聿茯殓梏┸苠钿狎蜥堰谍江檐轭滢除莒犷珈贽谍啕待茯犷珈遘灬忮禧羼詈训倪艚茺孓波┘曹玑眄糗莒徕屐羼詈娘磲轭荀殇弭殪溴茔犰讫摞ū荛铘澌荛铘潸荛铘澉苄栝摞挲茱礤玑啕觌剞腱鳗茺芟礤玑啕忑鳗茔犰讫荦啕茔犰讫苕蜥沱茕屐翎磉辇磉辇杰骝徙茆弭摞昌茶茔雉苕蜥沱莛椠墁墁莒徕屐聊彭狍簖莒徕屐漉犰冕箝黹螨曹屐茯殓梏戾骠栳蝠镲铙苕蜥沱饼札墁荑箅轲层疖蜷玷綮彐翳狎痫镱醍莒徕屐沣饼苠疖戾骠苄栝茱鲥昌茯殓梏┙眠败秭弪莒镧茯栾茯栾甙苠痼殪镱摞江层咧ㄇ┸秭弪莛臊莒徕屐菩苕蜥沱育荇殪溴育摞瞟莒彐舁苕蜥沱饼莒犴怃徂饼茔犰札蕹墁铸茯殓梏迁茼酴角甙燹杯潺邹苣屐翎莒彐舁苣屐翎苣屐翎苕蜥沱潺昌苕蜥沱饼昌曹腻祠浍爆茯殓梏莒徕屐箔谍荑狒莒犴怃猃啕挲茔滹荑狒荏殓磲啕颀摞荑狒茜犴磲啕辇摞杰栳酐莒犴怃猃ミ辇茔滹荑狒荏殓磲啕颀摞苕蜥沱氵挲氵辇昌苕蜥沱氵辇饼昌爝辇ボ骝徙杯氵挲昌爝挲荑狒茜犴磲啕挲摞莒徕屐疳蜷趑苠痼殪镱摞茼茴饼茱鲥昌ㄥ摞茼郢草遛茴郗草遛茼郗草遛茴郢草荞聃徜莒彐舁苠痼殪镱摞氨江苠痼殪镱啕氨奖茯殓梏茔犰听摞ú莛檗猃莛狎糸犰甙铨摞猃芟礤玑啕饼莛狎糸犰甙茯栾芟礤玑啕昌莛狎糸犰甙荏殓磲茔犰三摞ú莒徕屐灬玺栝蜾莒徕屐伯庚莒彐舁茆彗轭狎蜥泯茕屐翎啕芑芑茆弭捃犰痂苘茕屐翎啕芑芑茆弭捃犰痂彳孱潲狎蜥茯殓梏遛檐轻眄巅凛杰轭酐茔犰凝莛箝茔犰凝茱鲥蜢轭遘痼遛檐轭滢缠茱鲥蜢轭遘痼槟堋堋堋莛箝莒徕屐饼妻茯殓梏狎蝻避秭弪赞昌妻攒划莒徕屐纨苄楱瘵苠聃轹莛蝻溥挲荏殓磲襁挲┈荑箴徙妍便睚荏耱酐琮苕蜥沱忑铨荏殓磲捃痱轫濞癌荛铘吝ǔ荀邃珏剡杠荞聃徜茯鏖翳荞踽剡附避秭弪泊莒彐舁疬箔避秭弪待疬避麇溏疬避蜷玷舂莒徕屐黹钿蹉邃莒徕屐碑岢茆彗轭狎蜥忑臾濮臾摞饼今薏濮臾妲臾摞饼今摞昌妲苘鄄眄蒇濮妲萁茕轶痨狴篝戾苕蜥沱臾臾摞饼癍褶饼苘鄄眄蒈腻祠屺濮┙濮茱糸礤臾摞铨臾摞杯铨茱糸礤濮苘苣屐翎ㄦЗ芥к雉轫弩臾摞瞽饼臾揞茱糸礤纩苘苣屐翎臾┙臾茱糸礤臾苘苠痼殪镱ㄥЗ桨杰屦箝祜瞑妲苠痼殪镱臾┙炳苘莹濮┙臾摞饼濮莹妲┙妲臾莹臾┙臾摞饼苠钿狎蜥七殛莛狎糸犰唛吝戥莛狎糸犰哧吝榱唛荏翎吝榱哧荏翎吝檐灬忮禧羼后轼翦孱茼蹀饼攉茼踹茴踹苠翎茴踹摞饼莒徕屐伯俘莒徕屐钞狈妯茯栾┙苕蜥沱谬茯栾荞聃徜屺茯栾┙苕蜥沱凝茯栾摞茆弭猃茯栾苕蜥沱饼昌莒彐舁苕蜥沱唛薏睚腭唛薏茯殓梏┸灬忮禧兜茔犰妖啕臊茱轭暨莛狎糸犰苡殓磲滠娱珥徇茼踯铛茜犴磲摞茼踯铛莒犴怃猃荑狒茴徕灬哕灬礅溽苠痼殪镱唠桨莒徕屐腴祆轭玢栳蜱妪褶莛蜷礤攮苕蜥沱饼苣屐翎啕莛弪瘕茚篝茯栾卟茆数禁避秭弪昌莒彐舁茆彗轭狎蜥沣疝茕徵珏褶茕徵珏苠钿狎蜥茯殓梏茆荏殓磲莒彐舁茆彗轭狎蜥泯疖荞苠钿狎蜥茯殓梏┇避秭弪昌莒彐舁茆彗轭狎蜥沣蜣茕徵珏筠茕徵珏苠钿狎蜥茯殓梏茆荏殓磲莒彐舁茆彗轭狎蜥泯蜍荏苠钿狎蜥茯殓梏磉殳徒茯田琮莒彐舁苕蜥七忑七褒茯殓梏莒徕屐磲篌茆彗轭狎蜥泯筱姐莛狎糸犰丬滑苘筲江ㄜ疳螋獒猢悱测莛狎糸犰丬划苠钿狎蜥莒徕屐蟓忏趄犷箧胚茯轭江苕蜥沱饼曹痖猃ボ篚磉旖褒摞荛铈豉倪忑荛铘啕磲摞荛铈豉苕蜥沱潸墁荏耱酐摞昌磙昌徂昌苕蜥沱茆狎她啕茴茆狎升啕茴七茯酏凵啕茴┹莒徕屐麸趔踱孱茆彗轭狎蜥祆Ы荟狎屦箝祜茭弭荇桢翎荇桢翎荇桢翎荟狎屦箝祜茭弭彳茆狎茆狎茆狎荟狎屦箝祜茆狎茭弭茆狎荇桢翎茆狎荇桢翎茆狎荇桢翎茆狎荟狎屦箝祜茆狎茭弭苠钿狎蜥苕蜥沱饼昌茆茴徕灬薏啕茯栾莛箝ㄜ蜩铹莛箝ㄜ蜩铹屁┸羼蹰鲕轭暨稗澍墁荏耱酐薏饼避秭弪檐犰痂猃莒瞑薏暴荞踽滠犰痂彳羼蹰鳆曹忮翎茱鲥蜍桠狎鲧禁窜秭弪荑忉鲧薏壑弑Ж癌诌钵ò┹景莒徕屐羼呼栩邋箦鲥铘邋铨浓飕氅杰溴祠徇飕昌茕屐翎啕氍饼苕蜥沱昌飓臊荏蹴啕蹭燔痦臊茼酲洎苕蜥沱飓臊蹭茔栾矬遘骝徙飙臊蹭墁莒徕屐澎臊茚祓栳弑掾茜犴磲弑茕雉茚祓栳呶掾茜犴磲呶败聃徜蚪爆药芑莒徕屐泔铘蜥轭翦苠翎苕蜥沱饼昌莒莒彐舁苕蜥沱茔矬莒彐舁荏耱酐昌膺荛铈豉荏耱酐鲍茚祓栳薏芑茯狎泱轭椠芑茚祓栳茯殓梏荏耱酐鲍茚祓栳薏茯殓梏莒徕屐骈弪屦羞ú蕲杰轭茆弭滠忮翎滢桂滢杠灬礅溽苄栝ō瓞莒犴怃岍莒彐舁苕蜥沱疝绅奚曹忮翎茯殓梏苄栝瓞莒犴怃岍墁莒徕屐橇屯笼芮犴磲暴杰轭艮荛铈豉甙墁墁澍墁墁遛搡莒徕屐蝻翩祜鼾苕蜥沱潺潴茆谬唛苕蜥沱饼昌苠痼殪镱啕殛臊茆谬哧荇轫弩茆谬唠墁诮荏蹴啕箴轭簖莛蝻溥沲忮簖专狳瀣娆琰猬悻潼瑭莒徕屐姹莒徕屐诱淤莒彐糗艳辇艳挲茯殓梏荦姐摞殛芮犴磲摞妄眯啕妄勉摞殛诂莒徕屐龃莒徕屐狍俘茆蝈鲥泯啕瞵茴觚杰篚磉斫铨摞差芮犴磲莒彐舁茴醌憝沫茱鲥昌茯殓梏茱鲥芮犴磲莒彐舁茴醌瞽沫茱鲥昌茯殓梏茆蝈鲥猃啕波憝瞟睚舀绌江孳戾骠鄢莒彐糅ㄜ祛姗捃痱轫遘蜷玷糨薏苕蜥沱芴犴怃屺薜娃除茯殓梏芑莒徕屐骑躜鱼犰狎滠秭弪潴避秭弪芮犴磲ō螬茆殓琰啕蠼褒江爆茕雉弑无弑绋弑苕蜥沱弑羞卟弑箕茕雉卟苕蜥沱卟羞卟弑氵茚祓栳荏蹴啕茆弭彳轭芴犴怃徇引苠痼殪镱ㄜ犰痂岈茆弭茆弭茆狎瘕炯茆弭茆狎瘕莒徕屐祚邃茔犰听江避秭弪待七茼踯铛妻茼踯铛茆狎莛箝ㄩ茜犴磲捃眭倪茼愆莛箝墁遛茆茔滹螨藉摞茔矬ㄜ翳弭茉桢翎杰篚磉旖荛铈豉摞荛铈豉檗燔蔬歙腧┸遛ㄜ翳弭茉桢翎墁莒徕屐羼詈殚殒轹妪檐篑螋昌莛狎糸犰啕茔栝幺莛栝莛箝艾荞踽滠疳螋獒爝摞昌茆狎笼啕甾兽爱莒徕屐羼恒镱篝莒徕屐补芟礤玑摞飑唠杰篚磉蠼褒荛铘滢躇莒彐舁ō暴摞螳饼苕蜥沱滢簖漪摅莛栝摞楱螬唠┨摞ò唛┸蜷玷舂踢琮摞苈殓歙雳瑭苈殓颟雳踢琮瑭雳玷┸墁墁墁苕矧犰绗荛乾茗檗步莒彐舁苕蜥沱荟狎屦箝祜钸杯荟狎屦箝祜钸昌荟狎屦箝祜钸鲍荟狎屦箝祜钸昌茯殓梏┺步莒彐舁苕蜥沱茼踹杯茼踹昌茼踹鲍茼踹昌茯殓梏┺铂舀暹暴苠痼殪镱摞蔬斗蔬腹荞踽舀暹博苠痼殪镱摞蔬吹蔬腹莒徕屐贸谖谖绎翎糸镱笞轸枘轶泸弭逶矧箝镱莒徕屐羼吵荇殪溴茔犰琵啕砑褒茔犰琵啕砑褒漏茔犰琵ò┙苕蜥罗昌昌苕蜥ㄥ漏摞苕蜥除昌莛辇畿戾骠ㄜ骝徙迓磙昌茯殓梏墁莒徕屐腋待荑狒淆摞螨啕昌茼殇本啕ò禁淆摞螨啕昌茼殇熬啕ò赊杰眇莛荏耱酐芴犴怃徂昌茱鲥睬莒徕屐屮徙糸镱甾具瞑颥颛┙胚诉畀茚祓栳ㄜ忮翎颟荞踽荑怙骘を掘摞ぎ莒徕屐膊莒徕屐箫爝屮汩翦潺肄苕蜥沱饼昌ㄜ翳弭┺莒彐酎莒彐舢膺臊茕雉苕蜥沱饼昌膺饼苕蜥沱饼昌茯殓梏钸臊茕雉磉饼钸饼茯殓梏茯犷珈啕莒彐酎莒彐舢徇臊茕雉苕蜥沱饼昌徇饼苕蜥沱饼昌茯殓梏钸臊茕雉磉饼钸饼茯殓梏茯犷珈揭啕徇饼膺饼摞苕蜥沱饼昌ㄜ翳弭┸痱镤摞氕饼啕榻饼孓徇辇徇楂饼啕膺辇膺楂饼鬟磉辇茴啕钸楂饼荇桢翎堰鞭徕苠聃轹堰鞭徕墁蔬鞭徕墁诉鞭徕莒彐糗茆彗轭狎蜥泯莛狎糸犰啕荇狨耀荟邈茴徕灬茔滹莒彐舁荟邈茴徕灬茉桢翎墁荏耱酐茕轶痨狴篝戾苕蜥沱肄搏徂昌鲍ㄜ鲥丬钺忪彳澡弭岍薏茯殓梏┙艾荑骈祆苘鄞眄莛狎糸犰啕荇狨茉桢翎臆篑螋茕轶痨狴篝戾苕蜥沱鲍ㄜ鲥丬钺忪彳澡弭岍薏肄搏徂昌桨荑骈祆苘苠钿狎蜥茯殓梏莒徕屐市羼盹酏苣屐翎摞ㄎ癌螬荏蹴啕罹艾荟邈钷布锡莒彐糅狮哳狮啕铨苕蜥沱兽昌啕铨ū啕铨狮荇殪溴哳狮荇殪溴哳茯殓梏蒈莒徕屐溴祠徭轭莒彐糗苄箝茔轵丬眭孳蜷玷糗建茱鲥蜢轭剡殒┸ㄙ揲苄箝┸汩蜚茼踯莒徕屐盹聿七铨摞茼狒桡犰淆茼啕饼莒滹趔茼啕铨ㄜ翳弭啕饼莒犴怃莒滹趔荇桢翎啕铨莒犴怃┙遛莒犴怃七铨摞茼狒桡犰淆茼啕饼莒滹趔茼踹铨ㄜ翳弭啕饼莒滹趔荇桢翎啕铨┸墁莒徕屐蝈忑莒徕屐屮翦钿邃徙糸镱舆需螽ㄜ需檗岈苄栝摞茚篝猃舆渊荟狎翳弭徂猬荟狎翳弭徂茚篝恺戕茚祓栳茼狒桡犰笼苠聃轹苠莒彐糅荛铘甙捃灬礅溽滠糸熹妍莒犴怃猃墁荇桢翎ㄜ糸熹妍莒犴怃猃茯殓梏蒈莒徕屐驽蝽栳戽七避秭弪昌┙茆狎苠痼殪镱甙莹╁摞悲曹痂楱芑荞聃徜七避秭弪昌茆狎苠痼殪镱甙茜犴磲哕眭莹莛狎糸犰剞茼酲╁摞悲曹痂楱茯栾薨莒彐舁茆彗轭狎蜥沣苘败孱潲狎蜥茯殓梏┸墁墁茼怙犷潺墁墁墁茯栾薇莒彐舁茆彗轭狎蜥沣苘败孱潲狎蜥茯殓梏莛箝杰篚磉榻褒蕹ㄜ痼檫檗ㄜ痼檫檗俩捭赞莒徕屐泔箦酏墙堋遛檐翎踢饼遛檎摞ū踢饼遛檎摞ú踢昌遛檎摞ǔ踢除莒滹趔堋遛辂辙ò踢褒吱茆狎┙遛苄栝遛茚祓栳茔滹三遛楱羞茔滹剡噎羞茔滹剡泰芑莒徕屐串谍苠痼殪镱唛荇狨唛茯栾唛茯栾啕榄饼荞踽ㄜ翎踹桨芎茯栾甙茯栾叽筮荛铈豉朕博筮蔬茼狲朕博荏轫熄蔬茼狲摞昌┊莒徕屐殒莒徕屐羼河乓盘伊哩酴浸茯义簖荟弪暨鼋觚摞莒彐舁茱鲥霏觚墁舀醅雯茔滹台雯茯殓梏墁荇屮趔豉戾茱鲥昌墁茭弭屺蝉墁台酴莛狎糸犰揄哚芮犴磲唛苕蜥沱芮犴磲揞莒犴怃徇辇茺茕屐翎啕铐莛箝哚揲莛栝揞哜莛栝揄咩莛箝哜揲莛箝咩揲苕蜥沱莛箝哚揲莒犴怃徇檗昌莛栝揞哜莛栝揄咩荏蹴啕茴羼辇莛箝哜揸苕蜥沱ㄜ痼檫戕莛箝哚揸莛箝哚揲莛箝咩揸ㄜ灬礅溽唛薏莒犴怃徇贽博荦莒徕屐疟饼荟箴徙妍辈痿荛铘茯潺摞待啕饼茔滹趔茯潺摞待啕铨羞待啕饼茔滹趔啕铨芮犴磲啕啕饼茔滹趔啕铨褒桨莒徕屐篚聿探苕蜥沱茕雉哕眭摞昌插苕蜥沱莒犴怃猃忑ㄥ娃饼茕雉薨┈莒徕屐轭翦螨蔬波┸糸礤剞鳗茯殓梏狎蝻爱莒徕屐瓴瘕屁摞莛蜷礤啕辈┙茆狎她啕昌荤┢啕辈┧啕饼荤┸灬忮禧茗辇摞茚篝唛瘕摞茚篝唛荞踽铂茕雉蟋飓荟狎蜩镞茔犰听吲鄄茕雉苄栝薏芑帅ㄜ滹糗需檗铂苄栝栓茕雉苄栝薏苄栝栓茕雉苄栝薏苄栝┊帅荏耱酐叉帅苕蜥沱饼荏耱酐叉莒徕屐脶痧猃茈狃疳啕茱礤玑杰骝徙曹轻眄ㄜ腻祠啕茱礤玑莛芮犴磲ū苣屐翎啕茱礤玑莒彐舁苕蜥沱荏耱酐莛芮犴磲莒彐舁苕蜥沱饼箔曹腻祠啕茱礤玑茯殓梏芮犴磲莒彐舁苕蜥沱苣屐翎啕茱礤玑箔曹腻祠啕茱礤玑茯殓梏茯殓梏摞箔曹腻祠啕茱礤玑墁架骝徙饼昌磉簏莛箝啕摞ㄜ骝徙饼昌ㄧ┚苠聃轹霓ㄜ骝徙饼昌啕磉蟓苕蜥沱饼昌ㄧ┙肩飓苕蜥沱饼昌赞苕蜥沱饼昌啕磉蟓绗炀荏蹴啕飕铨苕蜥沱茼踹瓠饼莒犴怃徂氆瞰忑檗腽↓搿睢臁瓠飑↓莛狎糸犰啕摞檫饼莒滹趔莛狎糸犰啕摞檫铨棉斑檫抱莒滹趔檫搽ш弑莒滹趔赀燠徇飓饼莒滹趔徇瘕郁莒彐舁莛狎糸犰啕徇饼莛栝摞赀饼莒滹趔莛狎糸犰啕徇燧莛栝摞赀忑莛栝摞檫饼莒滹趔莛栝摞檫铨莛栝摞檫搽莛栝摞檫搽饼莒滹趔茯殓梏霓茼觚苕蜥沱茕屐翎妯吝茴觚茕屐翎吝茼觚侥啕茼觚莛狎糸犰摞茼觚ㄜ疳螋獒爝茴觚赁茴觚茕屐翎茔栝啕茼踯铛殁啕茼踯铛荞聃徜茕屐翎膺茼踯铛爱莒徕屐羼詈麸疳铘獒貘诌徕眍摞臊杰骝徙饼琮胚猃摞螨胚恺摞簖苠痼殪镱啕蝮睚茕屐翎啕瞟摞辇莒徕屐蝈癯妯颟莒彐舁杯苕蜥沱睚豺摞瞽饼茯殓梏┺苕蜥沱蜣昌燹昌胚辈苄栝曹篑螋慝苕蜥沱饼昌怛┺昌疝昌啕螨苕蜥沱苠祆ㄜ屐飓暴蜣昌苄栝莒徕屐羼哄赃茼狒栝酐驱ō衄艮饼┙赃茼狒栝酐驱摞茚篝ō艮饼舂莒徕屐倍潴啕北薏澍瞢澍蕲爝疝苕蜥沱疬蜣俘茕屐翎蕲澍蕲澍蕲澍弑薏茔滹趔澍吖薏莒徕屐狍妪七徕避秭弪昌苠痼殪镱啕徕沅妻沅叉薏存薏甾波杯芮犴磲墁莒徕屐羼撼倍ㄡ摞茕徵珏螨踢眍岍徂茕徵珏螨啕臊ㄌ啕眍┻腱徇忑介徂茕徵珏螨啕垌徇钶芑芑芑芑芑芑ㄌ啕眍┻腱ㄜ溴祠徇黼茕屐翎啕铎茕屐翎啕铍茕屐翎啕盱荛铘漪滢厨茆狎莒犴怃猃莛狎糸犰捃眭茜犴磲哕眭莒犴怃岈筌灬礅溽茱鲥差笪吸莒徕屐彘珏铞犰蹂呀丬篚磉辇孢辇疝辇荏蹴啕臊氵臊疝臊孢臊轭骈铋翦芎盹蝈茯则墁莒镧ū荏蹴啕榻褒摞锡吝椹浸茯则墁莒镧ū荏蹴啕虢饼摞锡荏蹴啕斫褒摞氕饼吝胲痂檗愆茯则墁莒镧ū莛栝冗殛摞猃狡啕殛摞猃珂啕芑芑忏摞猃吝辇摞恺吝挲摞泯莒徕屐垂荇殪溴茯栾啕茆纣颀荏蹴啕茆纣臊圮提礅溽啕茆纣臊茆纣颀徇茆纣臊ō茆纣颀芴犴怃徇茆纣臊ō茆纣颀徂茕徵珏螨啕茆纣臊茆纣颀┹莒徕屐碑昌茆锡茆瘕茆簖┖介疬胞茴徕灬啕茆瘕苕蜥沱茆簖荇轫弩茆瘕疬矮睚荞踽潲茆数茆瘕茆簖┖江辂茆瘕荇轫弩茆茴徕灬啕茆瘕茆簖航茆听茆瘕┇茆簖莒徕屐溴汜昌吝茼芑杰莛狎糸犰哕眭荟狎痂苠痼殪镱啕茼踯铛墁莛狎糸犰哕铛荏殓磲芑眠ㄜ铛弑茴踹博建茴踹茴踹暴苕蜥沱茼轸芮犴磲ㄊ暴茼轸芮犴磲ㄊ茴踹茴踹暴茼轸芮犴磲ㄊ茴踹暴茼轸芮犴磲ㄊ茴踹暴墁ㄜ痼檐雉轫弩啕茭弭岈茔栝茼狃篝ㄥ摞踢饼莛箝茱糸礤筮茭弭岖醅鳊遛踢饼茔栝┈踹皑氍颟杰篑螋茕轶痨狴篝戾莛檐秭弪昌墁檐篑螋螨墁蔬皑腧荏耱酐茕轶痨狴篝戾莛檐秭弪昌墁哩氅荏耱酐腧墁冗稗ū腧┊莒徕屐羼翰惫蔬虢茱轭疬脘襁氍虢颥荇桢翎莛栝莒徕屐羼觌茕屐翎哕疱蝠茈狃疳弑茈狃疳叱茈狃疳卟苄箝叱茈狃疳卟苄箝卟茈狃疳卟苄箝卟苄箝弑Ё莒彐舁茈狃疳弑薏茈狃疳卟薏茯殓梏苄箝弑墁莒徕屐羼吼弪痣狃疳莒彐舁茜犴磲哕眭莛狎糸犰哕眭碥蜷玷舂莛箝摞ㄢ┙艾荑箴徙妍爱甸铨饨爆铂超莒徕屐待莒徕屐箝铨孢茚祓栳┙莒彐舁窜箝钷曹骝徙昌茯殓梏┺茚祓栳蜻柁苕蜥沱燹昌昌ㄜ篑螋宿搏挫摞昌茼觚拴莒徕屐屣眢骈屐潺茼Ё茆殓珈垲薏苕蜥沱岌猃茆殓珧蒈眭桨啕茱鲥蜢轭睚禁避秭弪昌唔啕慝饼┈莒徕屐狯妪舆殛莒彐舁荇桢翎茯殓梏杰痱镤莒轫轸筮莒彐糅茯殓梏啕荇桢翎莒徕屐铋汨趔轫瘕吝潺疝昌茱礤玑啕铨摞昌┺苕蜥沱饼昌洵昌莒彐糅莒彐舁鲍鲛昌茯殓梏摞苕蜥沱饼昌洵苕蜥沱除昌苕蜥沱芮犴磲ㄜ骝徙饼昌洵苕蜥沱饼昌荏耱酐莛辇芮犴磲ㄤ苕蜥沱鲛昌┺苕蜥沱潺昌饼鲍鲛昌啕昌七饼莒彐舁荇屮趔豉戾苕蜥沱饼昌洵苕蜥沱饼昌被苕蜥沱饼昌浠苕蜥沱鲛昌鲍鲛昌茯殓梏茯殓梏墁茔滹莒徕屐棂鸨莛箝咩┙茜犴磲薇莛箝蕺莒徕屐轭卑剔芴犴怃茆札哕提礅溽溱尥踢望捃提礅溽茆札哕提礅溽墁摞Ж颟啕衄褒荞踽荞踽摞Ё颟啕衄褒荞踽荞踽败耨踽莒莒颥墁墁茯睇犰忑墁墁墁湓┙莒彐舁茆彗轭狎蜥沣茕屐翎边苇臊苘茕屐翎┍唠苘苠钿狎蜥茯殓梏╀苕蜥沱睬妄茯栾ㄜ钺忪彳蜩铹薏苠聃轹莒徕屐羼和殇孱糸豉瓦琮瓦氵饼瓦氵昌瓦氵除瓦氵待瓦氵谍瓦蚪荛铈豉茕屐翎栖戾骠荏轭荇桢翎墁澍摞褒澍摞饼艾艾苠痼殪镱墁澍摞褒茔滹趔澍摞除茯殓梏莒徕屐骈钺熹纨愚茯锡啕茯疳螋褒荛铘漪墁荏蹴莒轫轸筠锡啕茚祓栳奖莒彐舁茗檗荃钿弪扉铄猃啕茚祓栳莒彐舁呸荃钿弪扉铄猃啕戡茚祓栳茕雉摞挲啕茚祓栳呸荃钿弪扉铄猃啕艾茚祓栳茯殓梏避秭弪昌茗檗荃钿弪扉铄猃啕茚祓栳茗檗荃钿弪扉铄猃啕茚祓栳茯殓梏┸茗鲞莒彐舁踹茈狃疳鲞茯殓梏鲞莒彐舁踹茈狃疳鲞茯殓梏┊莒徕屐彐骛雉炸颟秸蜻癌窜痖薏哩洮荏殓磲┸轭暨蜻褒摞螨潴苕蜥沱筠荏殓磲洵饼荟狎屦箝祜瞑螬茯犷珈茯殓梏狎蝻茯犷珈暹茆弭猃ū茯妪摞茆弭彳屦箝祜铨┺悲昌茺茯犷珈暹茱糸礤败蜥铉戾哜茯妪摞茆弭苠痼殪镱昌徂茕徵珏螨荇殪溴猃茯犷珈暹茱糸礤廪茕徵珏螨荇殪溴恺茯犷珈暹荦舆荛铘甙摞荇狨滠翎莒彐舁茱鲥昌啕荇狨薏茱鲥昌邹波┉莛箝摞茚篝圮疳螋獒爝荇狨邹莛蜷礤┹莛箝茯殓梏疫茼茴墁墁恺摞荞踽猃杰疳螋獒啕茼茱礤玑啕茴踯墁恺摞墁猃莛狎糸犰啕茴茱礤玑啕茼墁墁恺摞墁猃茱礤玑啕茼踯墁泯摞墁猃茚篝茱礤玑啕茴墁墁恺摞墁泯茱礤玑啕茴墁墁泯摞墁猃茚篝茱礤玑啕茼墁墁恺摞墁泯徒荛铘啕蜍蜷玷翎蝌秣荛铈豉滢瘌蜣鸠昌孓悲昌赃趑杰骝徙痦诌瘕倍莛沁皤昌赀茸走楱赞檐滑芑赞荛脲颞龄ㄍ攮┅脒败箝茱礤玑荏耱酐苕蜥沱畿痂甙餐薏莒茱礤玑侉袁诈荛铘啕茔犰讫苕蜥沱滢曹翎觚苌荇狨芮犴磲啕铂昌ㄔ诈莒彐舁盾戾骠埯茱鲥蜢轭妍芟礤玑卟摞莛栳铘镯昌苕蜥沱饼杠痖苌碥翎觚茯殓梏蒈骝徙茱鲥蜢轭妍芟礤玑茱鲥蜢轭妍苠翎摞泊苕蜥沱茱鲥蜢轭妍挲庚辈盾蜷玷舂莒徕屐赭屐鲥羞坝蕺羞坝羞敖羞敖羞坝羞坝蕺羞败聃徜芴镱珈彐趄殓梏狎蝻荞踽洙舆鞍┺建舆鞍┺饼荞踽茼狒栩睇镱荞踽茼狒桡犰三啕茼狒栩睇痂簖莒犷珈遘痼摞杯猃啕漆茼殇莛栝摞杯岌啕漆茯犷珈暹艚苕蜥沱饼昌茕屐翎ㄡ岌┸翳弭舡鲍岍荇桢翎舡鲍岌台踹岈末苠聃轹荛铘甙摞荛铈豉滠栳攒狮踹岈荑狒袁末教啕安踹岈末绋末沁箩恺摞杯能秭弪昌宪忾珈薮沁箩恺摞箔能秭弪昌茆殓颟茴镱蹴忮蜍苘灬忮禧箴轭溟鲥趄荛铘啕苠痼殪镱捃轭骠潇芎茯妪摞燔弭猃荛铘啕苠痼殪镱捃轭骠潇茯妪摞歆茭弭猃祆歆茱鲥飓歆茺耻茕屐翎Ё飑茱鲥待糗茕屐翎飑荦桨莒徕屐羼脖茆狎她摞哚皓茆狎她摞哜氅萁殒啕徕泯茆狎她摞啕泯皤氅阐莛辇薏瘥茕屐翎啕徕茕屐翎啕皤氍褒浓雯苕蜥沱潺漪浓瘵芑芑芑芑芑芑芑苕矧犰墁茆彗轭狎蜥祆荏殓磲薨江茆饼啕曹糸礤昌禁茆狎荏殓磲薨荏殓磲薇杰翎踹江茆狎荏殓磲薇苘荏殓磲薏杰翎踹江茆狎荏殓磲薏荏殓磲摞除杰翎踹江茆狎荏殓磲摞除荞踽茯矧荞踽滠箝珥徂杰翎踹江茆狎荏殓磲摞┈苠钿狎蜥避秭弪剔昌莛蝻溥榻饼蕹蜻薏襁椹茼蜻薏荏轫败莒徕屐栾蜷镱芴犴怃徇爆饼杰灬礅溽摞饼ㄥ啕爆拆暹铂拆饼ㄥ啕铂饼暹拆爆拆┇曹篚磉虢饼摞瓠饼暹搏氍鲍臊曹篚磉虢饼摞瓠饼暹皤鲍氍皤臊莒徕屐圆摞升ㄜ箝珥莛荇狨摞升ㄜ箝珥岈荇狨莛剔升莒徕屐塍滗饼茗檫荏殓磲ㄜ箝珥岍苕蜥沱莛遛荏殓磲除杠痖遛荏殓磲荏蹴啕罱饼摞荛铈豉苕蜥沱遛差莛遛荏殓磲遛差莛遛荏殓磲莒徕屐轶殓磲饼磉稗曹鲠蝠栝苕蜥茼蹀箔磉稗昌茆弭猃荇犷ㄜ忮翎荟狎痂椹桨暹茆雉啕茆雉茴徕灬啕茆雉荛铘澌摞澌啕茆雉洙啕茆雉啕茆雉┸戾骠茺孓翅恺赁徇茆雉啕茆雉蕲苄檗膺茆雉啕茆雉蕲茯栾蕹唔啕茆雉蕲茯殓梏荦苕蜥沱荇狨蕹昌墁茱鲥潋遛笼荑箴徙妍便睚莛箝茯殓梏狎蝻遛怜昌莛箝七吝饼莒彐舁褶徇饼茕雉颀摞徇饼茯殓梏桨墁芑七吝褒莒彐舁褶徇饼茯殓梏桨墁莒徕屐钞钡杯苕蜥沱茕屐翎莛栝曹痖教Ж荛铈豉杰骝徙睬撰饼无波荛铈豉莒徕屐犷玟彐套荟狎痂椐避秭弪螨荟狎痂椐莒犴怃彳戾骠ㄜ鲠蝠栝荟狎痂檗耻蜷玷舂桨莒徕屐绑汜忑尬尬晋尬苄栝飑杰镯彗徂歙飓惟昌茱礤玑摞悲昌杰屮皎莛榀惟莒徕屐忪镢臊暹荑狒茼觚摞荑狒睚杰痦狒蜷遛簖啕荏殓磲茔虬遛猃啕茚祓栳茔螨莛栝杰戾骠茆彗轭狎蜥泯败莛栝啕褒苠钿狎蜥茯殓梏莛檗肄弟秭弪茈狃疳薏啕卑莒彐糅芑荛铘莒轫轸筮褒摞饼堋漉墁滢带墁荏耱酐琮莒彐舁茔犰引曹提礅溽茯殓梏荛铘堋滢带墁荏耱酐椠荛铘堋滢带墁荏耱酐椠芑茯殓梏蒈莒徕屐徙糸镱哏蜥鳊邕蔬避蔬昌奘芫茆殓歙蔬爆瓦被蔬铂瓦曹鲥螋蔬爆蔬不尸瓦鲍瓦曹忾珧┸拒苈殓歙茗檫瓦鲍瓦昌摞ㄊㄜ箝珥徇暴荑怙溴筱孱溽铘簖苈殓颟苈殓蜍莒徕屐伯泊茯则茆妄攉茆妄攮莒徕屐趄瞳铜荛铘啕茔犰谬唛逻莛檗茚祓栳苕蜥沱饼昌苠聃轹膺茚祓栳薏堰戕茱鲥莒徕屐椅撂腥笼荏蹴啕杲饼摞颢饼茆狎哧薏禁颞颢暴茱鲥虿莒徕屐桢蝌镲趔蹴莒徕屐繇肄ū疫辈墁茼怙矧墁疫脖摞饼墁荞踽肄ú疫脖墁荞踽肄ǔ揭啕辈墁荞踽肄ù肄饼啕辈墁茼怙矧墁疫脖墁莒彐舁茚祓栳茯殓梏┺饼遛莛栝昌孢倍苘箝甾泊荏耱酐锡ㄒ啕徕肄徕苕蜥沱铨川瞽暴肄昌┸痂摞苕蜥沱波瞽穿瞽昌赀鞭虢茱礤玑弑摞氕昌荏踱箦翦茱礤玑弑摞臊诌彐纨┙苕蜥沱ǖ茚祓栳穿朕昌洞莒彐舁膪茱鲥虿避蜷玷舂薏燹茱鲥惨薏莒彐舁膪茱鲥昌避蜷玷舂摞茱鲥昌ㄜ犰痂岘博畴茱鲥待茕屐翎液茚祓栳娃步爆艾爆铂超荑狒茯旋摅啕茯引苕蜥沱饼昌荑忉荛铘澍莛箝摞茕徵珏簖啕茯引ō莛狎糸犰啉莛箝摅啕茯引莛箝摅啕茯引ㄩ莛狎糸犰啉莛箝摞茕徵珏簖啕茯引┉荛铘澍荑狒茯琵莛狎糸犰弑吝莒徕屐羼疱趔桢篝帅莒彐舁茆彗轭狎蜥泓泯诉北茆彗轭狎蜥沣荑箴徙妍答酏荑箴徙妍答酏苘茔扉铄杯饼茼怙荑箴徙妍拆酏荏磲祆き绀荑箴徙妍别酏荟扉铄荑骈祆苠钿狎蜥苘荑扉铄茆彗轭狎蜥沣荑骈祆荟扉铄茼怙荑箴徙妍拆酏荏磲祆き绀荑箴徙妍别酏苘茔扉铄箔昌荑箴徙妍答酏荑箴徙妍答酏苠钿狎蜥帅啕膊苠钿狎蜥茯殓梏┸屺茗┙苕蜥茗摞饼茗褶饼茗摞饼褴墁荞踽猕茗椹杰骝徙褶饼颀褶饼茗摞饼褴墁莒徕屐徕莛栝ㄜ蜩铹杰汜箦篼莛栝摞ūㄜ蜩铹轭蝈玳镱避泸茆狎莛栝摞ūㄜ蜩铹轭蝈玳镱け蕺ぼ泸ō暴摞溥莛栝墁莛栝摞úō茯栾轭蝈玳镱曹泸ō暴摞溥莛栝墁茆狎莛栝摞úō茯栾轭蝈玳镱げ蕺ぎ茔螨莒徕屐羼恒镱铄泗沣摞莛睚杰骝徙莒彐舁薨莛薇茯殓梏荏耱酐昌七檫爆茕雉檫铨ㄜ忮翎弑茕雉茆弭徇瞰曹痖椹杰屮鄄莛檐镯彗茔犰淆苄箝┹七檫瞵檫爆茕雉檫瞽饼ㄜ忮翎哳茆弭徇爆茕雉茆弭徇瞽饼┊徇褒圹徇褒徇铨莠徇褒结啕褒圹徇褒徇铨葸饼徇褒蒈桠狎徇褒圹徇褒徇铨葸昌徇褒蒈桠狎摞昌莒徕屐轭屮疳铙轱铨莒徕屐铒艉琮邕殛茆狎邕殛柽殛炸荟邈涣漏者茼狒栩睇育抹漏摞饼茔滹糗鲥赁茕徵珏莒徕屐矧翳稞莛狎糸犰茆狎邕茼踯铛茱鲥莛狎糸犰爝辇荛茼怙隋螨ㄜ忉螓讫捃溽珑弪蔬茼介茱鲥蜢轭妍苄箝┸轻眄哕眭苄箝荑箴徙妍爱抽铨诉茼茱鲥蜢轭妍苄箝┸轻眄哕眭茱鲥蜢轭妍芮犴磲叩苄箝荑箴徙妍爱抽铨疫茼茚祓栳杰秭弪扉铄苄箝┸轻眄哕眭茱鲥蜢轭妍芮犴磲叩茱鲥蜢轭妍芮犴磲哕犰痂苄箝茔犰凝ㄧ莒彐舁茆彗轭狎蜥沣泯弑茆狎卟茔栝苘卟茆狎弑茆狎茔栝苘荇桢翎茆狎荇桢翎莒犴怃彳孱潲狎蜥茯殓梏墁荞踽荞踽荏蹴啕辇唛薏茆狎荇桢翎荇桢翎莒徕屐蝈篚祠昌踢苕蜥沱饼倍莛辇茼怙身荛铘滢曹翳弭彳邹荇狨摞悲待墁墁茯妪摞荟狎痂辇墁讫啕鄢蔟摞乙荀邃珏荏翎讫啕鄢蔟摞乙墁墁苕蜥沱饼昌墁讫啕鄣蔟摞乙荀邃珏荏翎讫啕鄣蔟摞乙墁墁眠鄞蔟荀邃珏七鄢蔟摞斡荀邃珏七鄢蔟摞乙苈殓苈殓畿莒徕屐怩祀徙糸镱莒徕屐徙盂莛栝捃溽珑弪莛栝蒈唤芑荛铘滢厨墁茔犰听ㄜ痂檗茕徵珏颥莛栝卉疳螋獒莛栝捃溽珑弪莛狎糸犰莛栝┸卉滑寝塑杰寝矮寝八抟寝矮寝八抟寝八抟寝矮茔滹趔苠聃轹墁寝矮寝艘莒徕屐陡莛狎糸犰啕茼觚苕蜥沱莛狎糸犰莛狎糸犰茗檗茼觚ㄜ疳螋獒爝茜犴磲莛狎糸犰啕茜犴磲┻ū癌杰篑螋荇殪溴苣屐翎遛舱ボ骝徙蜣昌待コ盖苠翎啕徕潸摞猃茱糸礤潸摞恺江潸摞褒茱糸礤潸摞褒荏蹴啕榻饼摞瞽饼潸摞辇茱糸礤潸摞辇荛铘啕荛铈豉捃轭骠羞蜣茆铸┬唧摞茆铸┸遛薏墁澍墁莛蝻痿镘溴祠徇蜍簖吝徕荏翎汶蝈禧茯溴纨苠聃轹苕蜥沱莛狎糸犰薏踢茯颀莛狎糸犰茕雉颀哚摞钸猃莛狎糸犰茕雉颀哜摞钸恺苄栝摞辇杰骝徙饼昌莛檗辇荛铘漉芑芑苠痼殪镱酴芑荇桢翎摞辇酴茔犰三啕轭酏┙遘秭弪扉铄莛箝摞ò┸忮翎摞茼觚吝茼觚摞ò┷色苕蜥沱妪睚ㄉ茆弭徇褒薏┸忮翎摞茴觚吝茴觚摞ò┹莛箝摞ò墁墁呀ㄢ悲猢茯栾荞聃徜茯栾杰骝徙辈荏蹴啕茚祓栳景茚祓栳莒徕屐颀柁斑褒捃眭杰篚廪斑褒衄侉揲荞踽柁斑捃眭杰篚廪斑衄侉揲修步茆殓绋苕蜥沱待莛柁参茆殓绌薏茆殓幺鲍宪忾珑ㄜ骝徙饼修昌茆殓绌茆殓巛芑芑莛柁参技碑莒徕屐斗诌茯彐纨杰扉磉莒犴怃彳蜷玷翎蝌秣褒莒彐舁洲珏铨洲性茯殓梏┊曹眭荏耱酐蔬蔬蔬除茱鲥锡茆殓ㄜ忉螓淆摞莛蜷礤蔬除苄檗莛蜷礤蔬饼茆狎苄辇摞莛蜷礤蔬昌茕屐翎啕蔬倡蔬爆蔬昌限蔬除苄檗莛蜷礤蔬饼茆狎苄辇摞莛蜷礤蔬昌茕屐翎啕蔬倡蔬铂蔬饼茆殓┊莒徕屐悯铸荇桢翎摞茚祓栳芴犴怃猃哳捃溽珑弪荇桢翎摞茚祓栳芴犴怃猃啕铨茔犰育摞茼踯铛苠聃轹苠痼殪镱摞茼踯铛茯栾荏殓磲荇桢翎哕蜩羞荏殓磲莒徕屐繇疒苠疖戾骠ㄜ篚磉缃褒捃轭骠摞茬昌茼狒桡犰讫哏茯殓梏┙遛苕蜥沱抹艾艾癌昌茭弭屺暴莛蝻溥ㄜ屐飕瞵茜犴磲戛景ū疝苠祆褶钴弭徂茜犴磲揸┺抹苠祆瞵茜犴磲戛墁瓦修瓦筠荛铘潸遛曹箝珥莒徕屐骘躜溟睚莒徕屐徜茆彗轭狎蜥泯疝两疬稗苘苘蘖莒彐舁荇狨茯殓梏进甙蘖曹戾骠胚鲍胚耻溴祠卟薏茯殓梏疬稗镰磙昌洲淋戾骠荇狨茯殓梏苘苘洲淋戾骠荇狨茯殓梏街弑蘖茔矬莒彐舁岔薏胚耻溴祠卟茯殓梏诌厕淋箝钴戾骠岔薏胚耻溴祠卟茯殓梏┸孱潲狎蜥莛栝苈殓圮忮翎岈猬悻苈殓莛栝甙捃忮翎墁莛栝甙摞茆弭岖饼墁莛栝甙摞茆弭岖昌墁莛栝甙摞茆弭岖除墁莛栝甙摞茆弭岖待芑暨苯轧荑箴徙妍层睚暨步苕蜥沱育莛辇莒徕屐赴褒莒徕屐洛趑辇逻瘕ㄜ忮翎茕轫茺茈弪苣屐翎啕茆弭猃茔狃芴犴怃徂瘕荦苕蜥沱饼昌莒彐舁鲍荏耱酐苕蜥沱贶戾骠戢避蜷玷舂茚祓栳摞昌待茯殓梏┸眇苕蜥沱檐犰痂琵荏耱酐呸昌苕蜥沱磙昌待江荑狒琮江ㄤ薨┺搏ㄤ薇┺搏苈殓ㄤ蜣搏蜣蹭芟礤玑吒薏苈殓┸茯栾摞ū啕茚祓栳茆弭猃莒彐舁茆彗轭狎蜥沣沣泯茕屐翎啕殛茕屐翎啕殛茕屐翎ㄜ鲥荟邈瘵苘茕屐翎啕殛苘茕屐翎啕殛茕屐翎ㄜ鲥荟邈瘵荇桢翎茕屐翎啕殛茕屐翎ㄜ鲥荟邈苘荇桢翎茕屐翎啕殛茕屐翎ㄜ鲥荟邈荇桢翎莛狎糸犰唛茕屐翎ㄜ鲥荟邈苘荇桢翎莛狎糸犰哧茕屐翎ㄜ鲥荟邈苠钿狎蜥茯殓梏ō暴摞碥沅雉狳坩廛沲爿桔岈廨茔躔ō暴摞恻茔滹泓愆坩爿茔躔猱莒徕屐伯俘莒轫啕茯殓梏狎蝻荛铈豉ㄦ┈莛栝舂教啕褒摞饼坻荛铘啕荛铈豉摞荛铈豉莛栝澍莒徕屐缮扫岍杰脶痧彳轭暨稗册蹀耻秭弪昌邕波酴呸波揖倦┙苕蜥沱昌臊坳戢暴磙搏慝苕蜥沱胪昌┺曹骝徙饼肄昌蒈灬忮禧箴邈辇磉棉莒犷珈甾吝茼蹀吝茼蹀茯犷珈莒彐舁茱鲥昌茚祓栳茆弭茯殓梏莒犷珈殓薏茆狎谬掎棉茯犷珈甾策讨咛ㄜ犰痂彳沅雉瘵茚麸瘥莒镱珧殓梏狎蝻鬈狒镳茱礤玑叱荇铽荛铈豉莒彐糗茆彗轭狎蜥沆磙策誊遛茚祓栳茔滹妖茼怙骘篚汨塄茚祓栳荛钴腻祠徇堠翳狒塄茚祓栳茔滹鲕轶黹铋眭憩苘鄱痿磙策誊遛茚祓栳茔滹妖茼怙骘篚汨塄茚祓栳荛钴腻祠徇堠翳狒塄茚祓栳茔滹鲕轶磲轫蹴苘鄱痿唉茼怙雉桢蝼轶瀣苠钿狎蜥茯殓梏莒徕屐珏铎轫莒徕屐弪蝈蜥铍ㄢ卉┸瘿卉┅津犷毹瘿卉┅津杰轭滢莒彐糗苕蜥沱饼昌七茚祓栳茆弭猃妻茚祓栳茆弭猃苕蜥沱饼昌沁茚祓栳茆弭寝茚祓栳茆弭材哕犰痂莛栝捃溽珑弪霓茚祓栳莛栝波磙莛栝捃溽珑弪莛栝┺茯殓梏荦苕蜥沱札杠痖莒彐舁瓦莒彐舁雇咦薏苕蜥沱除昌瓦绒曹蜷玷舂苕蜥沱除昌瓦绒耻蜷玷舂荛铘滢厨ㄈ甙薏暴纸檐戾骠圮忮玳铥狎蜥沣娄曹秭弪扉铄笼苘擦Ν萝孱潲狎蜥茯殓梏荏蹴啕莒犴怃猃奖薏苠痼殪镱啕茼觚摞莒犴怃猃氅苠痼殪镱啕茴觚摞莒犴怃猃氅江邕茼觚茴觚苕蜥沱钸茼觚脒茴觚钸茴觚脒茼觚脒钷曹骝徙脒茼觚脒茴觚脒薏エ伯刀苠痼殪镱啕茯鲠泯莒彐艏苕蜥沱茆弭ㄧ哥茔滹擒蜷玷艟莒徕屐懂辈荇狨哧苠皎楱茼踹屺碴荟狎屦箝祜瞟┊莒徕屐犰痂狍蹴茚祓栳荏蹴啕峤饼奘茚祓栳ㄡ卉轭骠┊胚聊妄苕蜥沱饼倍莛沁卑茱轭暨荛铈豉滠娱珥徂睚莒怛徙妍摞茔轵泯倪铨邕眇摞茔轵泯倪睚邕铕茯怛徙摞茔轵泯甾铕狮桐荑怙趄莒彐糗灬铉戾莒彐酎芮犴磲叩芮犴磲苕蜥沱饼茉桢翎妄茯殓梏茯殓梏茯犷珈瀹茔栝哞摞斡瘵杰篚舆柁柁莛蜷礤茔栝啕柁莛蜷礤摞斡ㄜ糸熹妍颀茼狒栩睇羽凝啕刀莒彐舁呸荟邈茚祓栳叩茯殓梏┙莒彐舁茼狒蜷茆褒论荟邈茚祓栳叩蒈泸蜜荟邈茚祓栳叩茆褒茔螨茯殓梏┸灬忮禧箴澌弩谍莛栝哕屦箝祜瞑茆弭┙荏耱酐簖ㄑ檐忮翎些荏蹴莒轫轸筮胲铄褒徇胲秭弪檐箝铊ㄜ痖胲屦箝祜苠ㄩ胲屦箝祜钴忮翎┈莒徕屐盹溴瘕茯栾芑芑芑苕蜥沱茯栾甙茯栾苕蜥沱芴犴怃猃洱茯栾薏芑莒徕屐羼彘铙翦轭悲待茔犰正Ё茱鲥螨茔犰正Л莒彐舁茔犰正к蜷玷舂薏禁茱鲥待墁莒彐舁柽鞭莛蜷礤茯殓梏┺搏茱鲥待莒彐舁柽厕莛蜷礤茯殓梏┺铂莒徕屐箫骠茼狒桠纣茴徕灬茔滹酏茼狒桠纣她摞谬窜痖茼狒桠纣数摞谬荞聃徜茼狒桠纣茴徕灬茔滹酏芑摞茼狒桠纣她摞谬茴雉堋堋倪铸蝴茔犰谬摞荛铈豉茔犰育摞莛睚┸雉轫弩茔犰谬摞荛铈豉ㄖ┸祜铉蜷玷翎蝌秣茔犰谬摞荛铈豉茔犰育摞茼瘕┸雉轫弩茔犰谬摞荛铈豉ㄖ莒徕屐骘躜翦铙吝崔偻莒犷珈赃茼踹避铛弑ū┰啕茼踹曹铛卟ú赃茼踹耻铛叱ǔ赃茼踹窜铛叽ù茯犷珈无吝崔ū荇殪溴无悲昌孓ò癌ㄓ茆狎萤吝崔ú茕雉榆戾骠ㄜ栳酐笼茕屐翎淋蜷玷舂接莒彐舁荑狒笼茯殓梏疬鞭茼墁杰碥苕蜥沱襁厕茼荏耱酐襁厕昌墁墁疬猢墁廪茼荛铘啕荛铈豉捃轭骠苕蜥沱澍ㄜ玑眄岖薏┄茕屐翎薏杰骝徙莛辇荏耱酐茜犴磲茕屐翎ㄜ篑螋茜犴磲荏耱酐茕屐翎杰骝徙莛辇荏耱酐茜犴磲茕屐翎苕蜥沱荏耱酐茕屐翎荏耱酐茜犴磲茕屐翎茜犴磲茕屐翎哕屦箝祜苄箝杰屦箝祜钴篝狎苄箝苄箝荏翎蜍屦箝祜钴墁莒徕屐昨镱箅獒钫箦荟狎痂檫胲滹糗鲠蝠栝啕毵茕雉荟狎痂檫胲鲠蝠栝啕毵近茕雉荟狎痂檫朦薏荟狎痂檫毵薏茕雉荟狎痂檫朦薏荟狎痂檫毵薏苕蜥惚波茕雉荟狎痂檫胲鲠蝠栝唠蕺荟狎痂檫胲滹糗鲠蝠栝唠蕺┄茕雉荟狎痂檫毵荟狎痂檫毵蕺荟狎痂檫毵茕雉荟狎痂檫毵蕺┇莒彐糅岈猬丬蜷玷糨结忏忏岖汜猸汊岘徙猸忉悻谶引摞憩瞟杰骝徙饼待荏蹴啕妪眠妪憩瞟苕蜥沱荇桢翎摞待坼蔟苠翎摞辈茉桢翎啕憩瞟ò荇狨┗莒徕屐羼喉弭蜷惚潴薏江吱诈漪薏苕蜥沱湔薏吱诈苕蜥沱辙昌肄昌荏蹴啕榻饼摞瞽饼澍唛薏