60ee748793.png 0
66667cee5b.png 1
1cbb05a562.png 2
ed164cc822.png 3
e265f9dc6b.png 4
242a58bc3a.png 6
a4d25113b2.png 7
72f6bc494a.png 8
3cf9d0b234.png 9
5be376c443.png 10
4dd5a0e4ad.png 11
6e7448ca84.png 12
5adf6fe332.png 13
4e9e19a3cf.png 14
3a950d09c0.png 15
5d1a1ed037.png 16
698111df57.png 17
73fdf824d0.png 18
35a6b52146.png 19
6fefdec123.png 20
2a7a69318b.png 21
2ce5749395.png 22
9016b4fca0.png 23
2cb87ed9c8.png 24
4765b43e98.png 25
33978e1330.png 26
3945cf2343.png 27
4c6c104eb5.png 28
5d58861c3f.png 29
2ae8eccc13.png 30
56f7827473.png 31
6176f74d0f.png 32
662ccce98f.png 33
2440895f67.png 34
45b9b7323d.png 35
672a31c2cc.png 36
10c37c445e.png 37
427968501c.png 38
65d334ea47.png 39
7ab1fc083e.png 40
5dab1ec4de.png 41
7d0867620d.png 42
67fcffa9a3.png 43
4b069edf09.png 44
2b8e14887f.png 45
1ba2cffb3c.png 47
7dfe32d42b.png 48
11421b7af6.png 49
22a003507e.png 50
17226e3e67.png 51
43f707d9b6.png 52
2df6c7abd6.png 53
7d791b3d50.png 54
1a87610486.png 56
50919ea0ce.png 57
7891985624.png 58
ae65a915db.png 59
4375e58a64.png 60
2c7002c337.png 61
12521128dc.png 62
25ad6cf3b0.png 63
489da689b3.png 64
224e79c77d.png 65
4f86c93855.png 66
5afd606d6c.png 67
64f51e3fbc.png 68
1fa9bb5655.png 69
50c17d7ef4.png 70
778496aed1.png 71
5aa85bc04d.png 72
6c2c59f99d.png 73
39baa93854.png 74
4849c785c7.png 75
46b3873fbc.png 76
712073fc17.png 77
6ffa4086e2.png 78
72e69b3f75.png 79
2d0a8b7347.png 80
616706dd5a.png 81
1dd5d34448.png 82
3cdc9f09c6.png 83
c49990f9c9.png 84
5f83ae277c.png 85
22692da57d.png 86
e2da14260e.png 87
396ff4def5.png 88
6bc6b638ef.png 89
7fb58b3ce2.png 90
1c5f0abd11.png 91
4552f04e75.png 92
4031e921fa.png 93
78a41122f4.png 94
5a8ba83188.png 95
795aa0d8b2.png 96
5fc2dd90f4.png 97
61ff1fa86d.png 98
58dfa3dbcf.png 99
7b701d6aba.png 100
5f96184332.png 101
742b30d224.png 102
67efc34ea9.png 103
47a37debff.png 104
2319dc19dd.png 105
3f4ac552d5.png 107
5a86fa9b1d.png 108
7e82073cd5.png 110
45e5afd956.png 111
24d85808a1.png 112
55d99738e5.png 113
526038ea4c.png 114
3c0c7b450c.png 115
490a32bf20.png 116
2763f1bb43.png 117
2fd32ca817.png 119
148efc192d.png 120
1a9a0575e7.png 121
7e3b3622f9.png 122
ff5d66560d.png 123
1cd201bfa8.png 124
57bb233b98.png 125
3a13510507.png 127
2358b58f46.png 128
24b499dc70.png 129
67f3e9e236.png 130
52c55aa311.png 131
31872ec89d.png 132
787a1f5717.png 133
5cdfccedbe.png 134
55783f169a.png 135
a20e473646.png 136
58e6560c6c.png 137
2fdcb5efee.png 138
121b29a34e.png 140
4b9c24d197.png 141
4a4f93cbe5.png 142
7149ecb438.png 143
7665dff25e.png 144
1eb0468393.png 147
12cc91e6d0.png 148
3ab85e1c73.png 149
57d8b6dd4a.png 150
2350414e35.png 151
c17e9094b3.png 152
70eb7647b5.png 153
6b36374d9d.png 154
4b79ffccd9.png 156
1481a60f40.png 157
44a2ebab25.png 159
40be12af5f.png 160
62fd4fd186.png 161
5b397b1cd0.png 162
cbd7757104.png 163
2983f1a42e.png 164
6da72deb03.png 165
5a0621bac5.png 167
68641b1f35.png 168
1de2776366.png 170
cb1a57840a.png 171
707fec2eb3.png 172
4fe7cc11b0.png 173
37b3dd5bd8.png 174
1f1d28bc77.png 176
5999b32439.png 177
13ef0a5f7d.png 178
7330bec29b.png 179
1ddfa77a15.png 180
532b6d7730.png 181
3dddd02569.png 183
4bb7d69576.png 184
2350b6d78e.png 185
df04b95eb0.png 186
3f0119b21c.png 187
3ae7d4c8aa.png 188
5a6fb6e214.png 189
20a17f575f.png 190
294619977e.png 191
1d883568bc.png 192
47cf711405.png 193
4695858a93.png 194
4a0cc80e74.png 195
542bfd32ab.png 196
6dbd31790b.png 197
77fb781660.png 199
607ee9e5c2.png 202
3362c78722.png 203
4fa16f1d3f.png 205
7a54e991b0.png 206
50a1f82ae6.png 207
256f1e5b2a.png 208
1c7a4617a5.png 209
1de6b57b0c.png 210
315201f078.png 211
2d2e6105f4.png 212
4e721cfe49.png 213
42c766c6dc.png 214
799f625cf9.png 215
323c465216.png 216
226979ee71.png 217
4d603c88f4.png 218
16a0874240.png 219
386bf9a37b.png 220
7352f31651.png 221
5d3a4f9d53.png 223
252f1b9cea.png 224
4c475e1afd.png 225
131a79148f.png 226
33fcdc8633.png 227
71feac6326.png 228
1e8595e5e1.png 229
3bf4f3ec2d.png 230
2581f66470.png 231
3b1cebad19.png 233
395413c90f.png 234
3b82cc7aee.png 235
7b00f012b2.png 237
9bcc0bb538.png 238
1be344a743.png 239
562c231867.png 240
78ef714591.png 241
173111e861.png 242
3f0ef5c2d1.png 243
3ab0d7b424.png 244
11a8eea207.png 245
738c6bc090.png 246
478234cbe5.png 247
1a882641b7.png 248
81ba9ce4a9.png 249
28a38729aa.png 250
1c2883bfac.png 251
3fdecf80a1.png 252
5f9a3eb396.png 253
580036eb68.png 254
6157449337.png 255
505cc30969.png 256
a43fa630b7.png 257
36fbd5706b.png 258
70a6e5b4b9.png 259
1420ac42ed.png 260
1e1bbaef2b.png 261
347196fad5.png 262
689d84bd57.png 263
7199fd1e3c.png 264
4f6c0a6083.png 265
5c01b8b718.png 266
7893ca4e1b.png 267
54682978af.png 268
3d6cbb761f.png 269
47b0771bd8.png 271
396bcb28c0.png 272
629c42b571.png 273
3bd3e38c6c.png 274
149b313ecf.png 275
e94fbdb3c3.png 276
234d3db18a.png 277
742d89ddeb.png 278
6e8fa596b4.png 279
49ca0559c8.png 280
534c7843ec.png 281
19c9f9219d.png 282
6f49be4f68.png 283
30a0e5b27c.png 285
3b4dd4f61d.png 286
7f22efe073.png 287
277fac3048.png 288
f1c1b75b1b.png 289
5b7bdc01b4.png 290
42b805b1d8.png 291
3ca343759c.png 292
1e216001c4.png 294
5f71c12252.png 295
4c32f7004f.png 296
4b836d0a2c.png 297
e6c3904a0c.png 298
7dd35fa179.png 300
20ceea5819.png 301
51a6e5dd63.png 302
177fda0427.png 303
e6abb29b53.png 304
33274d5123.png 305
4e0c819000.png 306
5c0583ceab.png 308
1c7d2271ab.png 309
e566e35a76.png 310
54e5851527.png 311
3faaa820d3.png 313
6b35aaf215.png 314
394f0f3fe5.png 315
3d455f1d1c.png 316
7467513585.png 317
18b4418f08.png 318
6f9af303a5.png 319
71e9f2ef59.png 321
4623987c43.png 322
21184c98a6.png 323
25346c4649.png 324
5ac8553f89.png 325
1a6ad5d0f5.png 327
61f7ecf1bf.png 328
40dfccc791.png 329
153407229b.png 330
2be537b9e3.png 331
56043a7864.png 332
531fb2a3ca.png 333
37e02be5cf.png 334
77f009c19a.png 335
5de0c822cf.png 336
5813db7bf7.png 337
4ff4ccee85.png 338
438ce70099.png 339
3152e5b5ad.png 340
73fc2e985e.png 341
6c2ba34b57.png 342
3d7bf0c732.png 343
4fe2b3c53c.png 344
545bdc02ca.png 346
4e6f914a8d.png 347
718c18ce99.png 348
20a6d707a0.png 349
fbffbcd491.png 350
4e4c16ef40.png 351
1015942522.png 352
11e04d81c5.png 353
336de40751.png 354
315c7b3eed.png 355
119cec3a3d.png 356
1be1fb7939.png 357
3e19ce7b87.png 358
7bdd525b27.png 359
74e13dac33.png 360
5d297628db.png 362
6d498aaaf2.png 363
37a00adccd.png 364
61c32b5afd.png 365
4e6d45eb04.png 366
cd5afedf4f.png 367
3670b56b83.png 368
7c7dde3340.png 370
412e5c3dcf.png 371
3dcc7624c2.png 372
19d67be751.png 373
38b878380b.png 374
52861fae05.png 375
60ee89c612.png 377
2177654260.png 378
4a4d202235.png 379
11b8f564e0.png 380
772e39cdf2.png 381
34f9117856.png 382
2a381e5b6c.png 383
152f92a6b0.png 384
5919bec0f8.png 385
5f994804a7.png 387
5c9852d327.png 388
56c9b6c684.png 389
618271f3cb.png 390
56faad495b.png 391
729ab0ab1b.png 392
18b0d1e4ff.png 393
b9edb0bb87.png 394
16a2ab5d25.png 395
73dd08e58e.png 396
69c07928bb.png 397
490dcc5dd6.png 398
5e732200a9.png 399
71069928e1.png 400
edccba9380.png 401
4e7d3cee1d.png 402
6c685710b7.png 403
74bc680700.png 404
63eb8cad92.png 405
34f0b42880.png 406
1b9f888640.png 407
227187aa68.png 408
bd4589a12f.png 409
5953fb43fa.png 410
3d9a125931.png 411
47517e0005.png 412
af4fb44184.png 413
67e91357d9.png 415
bdadb47ded.png 416
3fba654036.png 418
662cbd36e7.png 419
6722c940a2.png 420
72632adbf9.png 422
5bccec610e.png 423
24332daee4.png 424
2a54d2ba3b.png 425
658e2e67bb.png 426
4ec63b04f0.png 427
7655c206d2.png 428
2c06a9690c.png 430
63d175a5e0.png 431
19aa0666cc.png 432
2e6122dbfc.png 433
1d95e13fad.png 434
4c9f09e110.png 435
74190c896d.png 436
550610d5d3.png 437
d5c0896dd6.png 439
41dbc59f9c.png 440
7cf89ec296.png 441
412e20f23f.png 442
178ed65519.png 443
40e8f91d3e.png 445
216b9616b6.png 447
54a0a20a42.png 448
56113331d4.png 450
3982559db9.png 451
1e1505c92f.png 452
24d3cd46d2.png 453
3b7a1a6e70.png 454
1915502af4.png 456
6cd24e259e.png 457
6e33251164.png 458
795c17720d.png 460
62a80b376c.png 461
31546c8b41.png 463
46bc294f37.png 464
23d23c19eb.png 466
7cb32fac57.png 467
4f1986e78c.png 468
4c7fe5c962.png 469
7389651287.png 470
2d8ebc9df7.png 471
1955b98ce0.png 472
56077c7b8d.png 473
8adfa46d9e.png 474
14bb617dee.png 475
76653bc864.png 476
7620040742.png 477
20ecceacba.png 478
190a4d7839.png 479
2187611cd5.png 480
2817a56674.png 481
2dfcef9eb0.png 482
4e67fd1568.png 484
47bfa0eec5.png 485
6fa146daf6.png 486
7a6498e465.png 487
4c0346a484.png 488
667ed1d308.png 489
18dd5bebfe.png 490
e7dbdb276c.png 491
26a03f5f3e.png 492
1eba968689.png 493
28bee01ebd.png 494
1ccca004c3.png 495
8c0b3f6ff6.png 496
23ff5d43fa.png 497
75735bfa6b.png 498
68844fd309.png 499
2e35cd83e8.png 500
7fc9603050.png 501
7c6531f57f.png 502
43e44bc1e6.png 503
134ca7f589.png 504
124a510572.png 505
217c11c290.png 506
6a7d838ceb.png 507
2af5ce9da2.png 508
18d380f64a.png 509
4d1149ae54.png 510
2812d8bfc3.png 511
1d680e7a35.png 512
21af95c2df.png 513
20d488de0e.png 514
7d9ab20550.png 515
2d7d315ab7.png 516
7c95382414.png 517
de8534f55a.png 518
62756b2706.png 520
a6077cbcac.png 521
17f1c3c228.png 522
2b8c88ee64.png 523
3b48db8330.png 524
931e144505.png 525
7b549cf22c.png 526
7222c26c18.png 527
2eecb90b72.png 528
688df0df75.png 529
4a0e64d10d.png 530
488bd438ba.png 531
6516a2853c.png 532
f1959f2ba0.png 533
3d3af5cf5a.png 534
684b823b9f.png 535
6026138ebe.png 536
58b0af9a15.png 537
699cbf3379.png 539
45af0dfcca.png 540
36a8d9dc06.png 541
9eac02a9da.png 542
42b20bc6d2.png 543
759f4fc7c4.png 545
7a4a0fbe98.png 546
f95f5b6ca0.png 547
77a207b3bd.png 548
7927cb4cd3.png 549
50b736b0b3.png 551
3e30c4b1fe.png 552
47ab4b9eac.png 554
7611483793.png 555
5049616b13.png 556
2457925124.png 557
5319a5cd5b.png 558
47ece0f8c0.png 560
30a0b199f2.png 562
59f60efb0b.png 563
b58eb32942.png 564
6e3430c217.png 565
27a2603118.png 566
28bd09a362.png 567
783f45a74a.png 568
40438319b3.png 569
3bc0cd120b.png 570
7953333f74.png 571
12973ae6bf.png 572
51b9b3d233.png 573
3d592d51f4.png 574
2168ed75c2.png 575
62ebfd5a50.png 576
5e5e08a0ff.png 577
20386b7947.png 578
69f62b882a.png 579
4c9ed272d9.png 581
511af7f448.png 582
4fade9d45b.png 583
5ced0b6e06.png 584
2002a31c69.png 585
65504a130e.png 586
1de15504a5.png 587
1e244f5909.png 588
2feda5cee2.png 589
34a988525a.png 590
7cd6b7823a.png 591
10fd6c9d3b.png 592
6a1355bfe2.png 593
6c70a91560.png 594
77d2fb4eb6.png 595
4099955659.png 596
7c77facebb.png 597
3870f36b0a.png 598
1321dfa636.png 599
49ddb5edd3.png 600
20e5eb8023.png 601
58522752a3.png 602
2e80f95614.png 603
3daffde15e.png 604
a960f0d483.png 605
78388c122c.png 606
1e3d03189c.png 607
7840a3cb63.png 608
3c69b7b0e2.png 611
1c30697876.png 612
3d5173adba.png 613
66fbeaadc3.png 614
1532c71612.png 615
135b7e68ed.png 617
3d28f96cce.png 618
acf4358da0.png 619
74b9a16ada.png 620
2233f4b015.png 621
72586ce90c.png 622
5019c62bf3.png 623
59d59dd2aa.png 624
69f7e9ccf2.png 626
7139e6b6c4.png 627
33561ebcc0.png 628
7cf6a5cd8c.png 630
6fbe5abccb.png 631
77d8b27e5e.png 632
55fb69ef75.png 635
6cfb18298c.png 636
364367d4ca.png 637
54ecd49027.png 639
6bf1f71956.png 640
1c275ce7be.png 641
5ea177bd59.png 642
c5a5e86be4.png 643
31eb5311ab.png 644
5554b8bafe.png 645
ae2dfab323.png 646
57ee5200eb.png 647
c2815087ca.png 648
c93811c0a1.png 649
6b8fd26512.png 650
3347106f6c.png 651
380771147a.png 652
7e29bd9b2b.png 653
462d961136.png 654
20ecb2fa17.png 655
3077d2b5c5.png 656
26c18afc01.png 657
3b31ac97eb.png 659
34ff47642d.png 660
2bdee6dc8c.png 662
5aac83a092.png 663
49619f5e38.png 664
5ef7f48e2f.png 665
24d694e788.png 666
4ebb99e904.png 667
76d8be8e91.png 668
6a91cc4050.png 669
61db95d2d5.png 671
1b430de29b.png 672
4c50fe07a5.png 673
21983b6f45.png 674
2ee1cccd98.png 675
68d27e4c6b.png 676
5c7818e9bb.png 677
36fabb1629.png 678
2cb4925807.png 680
320edfe252.png 681
18c66a0966.png 682
432b66ec70.png 684
34a146d5cb.png 685
78087b54d2.png 686
6ca4ebfe75.png 688
45a0218f89.png 689
111bd8befd.png 692
3d0907a003.png 693
3077534c40.png 694
a7379b2793.png 695
1c7a5e88b7.png 696
45deabb336.png 697
3db78b4714.png 698
179ee2322b.png 699
5b6a5cc6a5.png 700
4b71e59fcd.png 701
42458ec06a.png 703
2480e734be.png 704
688672b558.png 705
5318f845f6.png 706
b18a1fb447.png 707
4b2b463726.png 708
4ef383bf1c.png 709
7b2a0c1fb6.png 710
c58200df88.png 712
6c24ee49a0.png 713
497b674d2d.png 714
1ba3ebbf0c.png 715
1213b8125f.png 717
43868b882e.png 718
2769dd9b8b.png 719
5619b13ab4.png 720
6a1b59a078.png 722
3549abd8d2.png 723
4fe7a39b99.png 724
1ccd797c55.png 725
77d5eedce4.png 726
78b2f220f2.png 728
66a04072d7.png 729
273e688d7e.png 730
2e86c71271.png 731
247cffb096.png 732
7ce85e3026.png 733
5e9540cb88.png 734
40caface69.png 735
4fd43678d5.png 736
7356a3b589.png 737
51f7423302.png 738
615be49b21.png 739
5c3a48f6b2.png 740
4b9e2e8659.png 741
62a8a1936a.png 742
dfef241e6c.png 743
1493d744aa.png 744
c5fb7b4822.png 745
7cc24f59f3.png 746
37041d1f7f.png 747
e3464d818a.png 748
49b1da67d5.png 749
1dace34d4a.png 750
6c1689ec47.png 751
16e7e8f3f2.png 752
108453837c.png 753
54ce26fd6d.png 754
16cb3262bd.png 755
7adad81603.png 756
da56fb536b.png 758
1da914be75.png 759
1f2c64922b.png 760
6597c474ab.png 762
2a20b5b1cf.png 763
4736919312.png 764
2aa5a25f06.png 765
7e38694661.png 767
51f0d37078.png 768
6bfb8ddf8c.png 769
33249f40f8.png 770
fb47c8400a.png 771
38ecfdce7e.png 772
6c0df8dbd1.png 773
93b145eb5e.png 774
374d5dcf51.png 776
4e40aa7ddc.png 777
706f13055c.png 778
355d2bb1b0.png 779
27b57bcd1f.png 781
1dcde3138e.png 782
62ca41ae62.png 784
3fef6d42a2.png 785
3b13d3cf38.png 786
2670b0a52c.png 787
5a6022ef11.png 788
76687e1577.png 789
62263f898d.png 790
3733924e20.png 791
5e6f762bde.png 793
44bbca7814.png 794
6031ff1d01.png 795
4bbcdcf152.png 796
1ce187f40a.png 797
4ed2183bb6.png 798
184acbfaf7.png 799
410a357212.png 800
377e3a8561.png 801
40a7157e7d.png 802
784bed712c.png 803
2b50c97ed0.png 804
27f2d26053.png 805
24c44bb286.png 806
349d518d66.png 807
3cfa82266e.png 809
5eba7d8a44.png 810
5193b149c1.png 811
17b91d8c32.png 812
deb12268ee.png 813
74540b5448.png 814
4972f72854.png 815
5e0187c848.png 816
2f18211d63.png 817
46d0ff38bf.png 818
2a8ab3e43c.png 819
ca912eb355.png 820
77eaeae3e4.png 821
f1a69e859d.png 822
43ed632fae.png 823
6bb7790b92.png 824
58cf29598d.png 825
efa360c71f.png 827
7a906e1e29.png 828
43b53998fc.png 829
263efbddad.png 830
6d34f3687e.png 831
2fc06d5ffa.png 832
150630c544.png 833
387f9d88dd.png 834
7e3fc2cd8a.png 835
3e4b91167c.png 836
76d665efaa.png 837
bc6584aadf.png 838
566c5e1ba4.png 839
16e90a4a4c.png 840
489f58d4e6.png 841
6922a6c959.png 842
6d751e80a1.png 843
7d7f34a745.png 844
47d61cf5f0.png 846
41d1835b9d.png 847
62657b5e68.png 848
319dd0463f.png 849
2bceca2af5.png 850
1fa7f3fa13.png 851
28a7805724.png 852
4f62e74af6.png 853
d41e91c436.png 854
7f9cb5466e.png 855
49e0f63e9d.png 856
18fcea5309.png 857
4ccb9dd306.png 859
4ad52b90e0.png 860
3d7079863e.png 861
756fcfed82.png 862
1466d6bf21.png 863
31da825201.png 864
164c43af41.png 865
49e504bde5.png 866
3fdfd3011e.png 867
1434096391.png 868
1671b4d29f.png 869
6f85e24401.png 870
71e97fae64.png 871
1a5e4f1ea5.png 872
5c5c0536ca.png 873
7a8a88a457.png 875
70f7d8cb2f.png 876
2efe089406.png 877
536023b45b.png 878
424dd560d5.png 879
d72dcd4146.png 880
163bb3b656.png 881
4652f0eee3.png 882
79230f17fe.png 883
3e4e1d1c9c.png 885
37122e6049.png 886
5a32b3ae99.png 887
4ae0099f82.png 889
132e4fe98e.png 890
53848ae56b.png 893
1a09f0e488.png 894
22ebca097d.png 895
5fe9341510.png 896
8fc62d8cee.png 898
415254995a.png 900
2bbcda22c8.png 901
2a8be07a0d.png 902
393fe5be69.png 903
3d674765e3.png 904
76a11a58c5.png 905
6c29c29288.png 906
4a9defb409.png 907
394b9c6f7a.png 908
55928482f0.png 909
66d373e188.png 910
511e378fdc.png 911
5a97c95d42.png 912
6fd193ddff.png 913
7f66b07a62.png 914
686db389cb.png 915
558cb70d57.png 916
72d002f812.png 917
23ec2a9866.png 918
4ebe29dcdc.png 919
ecddd11060.png 920
3185c48802.png 921
4f6a6bf201.png 922
3dbf43363a.png 923
4f8503ee9d.png 924
538fef06b2.png 925
7d471c4099.png 926
f79d80b12c.png 927
23a0256e05.png 928
4e01ccc31a.png 929
2bc4a215e1.png 930
286b161118.png 931
267a44a011.png 932
786c9a4c35.png 933
64df465ef2.png 934
4539737602.png 935
4bdf6fd523.png 936
8f3748e911.png 937
795b27411f.png 938
a219448585.png 939
2336fcc2f1.png 940
607728aa68.png 941
30dbabc472.png 942
285feda2c2.png 943
329e5a0233.png 944
795e058d5e.png 945
6d2a1c8fd2.png 946
2bcf312d4d.png 948
2e26b03a14.png 949
465798ba74.png 950
10b43f9ed8.png 951
50f03ab5e7.png 952
4c3ade589c.png 953
6535c971df.png 955
51973bf662.png 957
31d37292e5.png 958
21f28c027e.png 959
471d4175f7.png 960
42413b33eb.png 961
34375303b9.png 962
e8fac80be0.png 963
3948c68dfe.png 964
aa9c1f0792.png 965
800beaf2d4.png 966
6b309bd9e0.png 967
333eac3e9f.png 968
2296f849c2.png 969
30f320a4ae.png 970
bc13232098.png 971
40e9bc17aa.png 972
60577e99a1.png 973
55141725a8.png 974
633712725b.png 975
56d58715d5.png 976
6d6e4f3920.png 977
571314b80e.png 978
14fffb7ef9.png 979
180d06c7af.png 980
32a64a6e80.png 981
3c1d34583b.png 982
1a2262a3e2.png 983
200f79bf14.png 984
ef10941593.png 986
4ba7bc9664.png 987
5dcd648dea.png 988
29a11d16e3.png 989
104c5cec5a.png 990
66843f7a8a.png 991
2a2d9f39aa.png 992
25a3d6b46b.png 993
60e35372bc.png 994
20470c3d5f.png 995
19ac621c4b.png 996
61767f5294.png 997
144b2d2e28.png 999
